mode: atomic
github.com/klauer/clash-royale-api/go/internal/storage/json.go:14.57,17.47 2 9
github.com/klauer/clash-royale-api/go/internal/storage/json.go:17.47,19.3 1 1
github.com/klauer/clash-royale-api/go/internal/storage/json.go:22.2,23.16 2 8
github.com/klauer/clash-royale-api/go/internal/storage/json.go:23.16,25.3 1 0
github.com/klauer/clash-royale-api/go/internal/storage/json.go:28.2,28.63 1 8
github.com/klauer/clash-royale-api/go/internal/storage/json.go:28.63,30.3 1 0
github.com/klauer/clash-royale-api/go/internal/storage/json.go:32.2,32.12 1 8
github.com/klauer/clash-royale-api/go/internal/storage/json.go:36.56,39.16 2 4
github.com/klauer/clash-royale-api/go/internal/storage/json.go:39.16,41.3 1 1
github.com/klauer/clash-royale-api/go/internal/storage/json.go:44.2,44.55 1 3
github.com/klauer/clash-royale-api/go/internal/storage/json.go:44.55,46.3 1 1
github.com/klauer/clash-royale-api/go/internal/storage/json.go:48.2,48.12 1 2
github.com/klauer/clash-royale-api/go/internal/storage/json.go:52.39,54.24 2 12
github.com/klauer/clash-royale-api/go/internal/storage/json.go:54.24,56.3 1 5
github.com/klauer/clash-royale-api/go/internal/storage/json.go:57.2,57.22 1 7
github.com/klauer/clash-royale-api/go/internal/storage/json.go:61.43,63.24 2 16
github.com/klauer/clash-royale-api/go/internal/storage/json.go:63.24,65.3 1 6
github.com/klauer/clash-royale-api/go/internal/storage/json.go:66.2,66.21 1 10
github.com/klauer/clash-royale-api/go/internal/storage/json.go:70.44,71.30 1 7
github.com/klauer/clash-royale-api/go/internal/storage/json.go:71.30,73.3 1 3
github.com/klauer/clash-royale-api/go/internal/storage/json.go:75.2,75.51 1 4
github.com/klauer/clash-royale-api/go/internal/storage/json.go:75.51,77.3 1 1
github.com/klauer/clash-royale-api/go/internal/storage/json.go:79.2,79.12 1 3
github.com/klauer/clash-royale-api/go/internal/storage/json.go:84.54,85.31 1 3
github.com/klauer/clash-royale-api/go/internal/storage/json.go:85.31,87.3 1 1
github.com/klauer/clash-royale-api/go/internal/storage/json.go:89.2,90.16 2 2
github.com/klauer/clash-royale-api/go/internal/storage/json.go:90.16,92.3 1 0
github.com/klauer/clash-royale-api/go/internal/storage/json.go:94.2,95.32 2 2
github.com/klauer/clash-royale-api/go/internal/storage/json.go:95.32,96.62 1 6
github.com/klauer/clash-royale-api/go/internal/storage/json.go:96.62,98.4 1 3
github.com/klauer/clash-royale-api/go/internal/storage/json.go:101.2,101.23 1 2
github.com/klauer/clash-royale-api/go/internal/storage/json.go:106.40,107.27 1 3
github.com/klauer/clash-royale-api/go/internal/storage/json.go:107.27,109.3 1 1
github.com/klauer/clash-royale-api/go/internal/storage/json.go:111.2,111.44 1 2
github.com/klauer/clash-royale-api/go/internal/storage/json.go:111.44,113.3 1 0
github.com/klauer/clash-royale-api/go/internal/storage/json.go:115.2,115.12 1 2
github.com/klauer/clash-royale-api/go/internal/storage/json.go:119.38,122.16 2 4
github.com/klauer/clash-royale-api/go/internal/storage/json.go:122.16,124.3 1 1
github.com/klauer/clash-royale-api/go/internal/storage/json.go:127.2,128.48 2 3
github.com/klauer/clash-royale-api/go/internal/storage/json.go:128.48,130.3 1 0
github.com/klauer/clash-royale-api/go/internal/storage/json.go:133.2,133.54 1 3
github.com/klauer/clash-royale-api/go/internal/storage/json.go:133.54,135.3 1 0
github.com/klauer/clash-royale-api/go/internal/storage/json.go:137.2,137.12 1 3
github.com/klauer/clash-royale-api/go/internal/storage/json.go:141.38,143.43 1 1
github.com/klauer/clash-royale-api/go/internal/storage/json.go:143.43,145.3 1 0
github.com/klauer/clash-royale-api/go/internal/storage/json.go:148.2,148.40 1 1
github.com/klauer/clash-royale-api/go/internal/storage/json.go:148.40,150.3 1 0
github.com/klauer/clash-royale-api/go/internal/storage/json.go:152.2,152.12 1 1
github.com/klauer/clash-royale-api/go/internal/storage/json.go:156.50,158.16 2 2
github.com/klauer/clash-royale-api/go/internal/storage/json.go:158.16,160.3 1 1
github.com/klauer/clash-royale-api/go/internal/storage/json.go:162.2,162.25 1 1
github.com/klauer/clash-royale-api/go/internal/storage/paths.go:33.50,34.19 1 0
github.com/klauer/clash-royale-api/go/internal/storage/paths.go:34.19,36.3 1 0
github.com/klauer/clash-royale-api/go/internal/storage/paths.go:37.2,37.39 1 0
github.com/klauer/clash-royale-api/go/internal/storage/paths.go:41.46,43.2 1 0
github.com/klauer/clash-royale-api/go/internal/storage/paths.go:46.47,48.2 1 0
github.com/klauer/clash-royale-api/go/internal/storage/paths.go:51.48,53.2 1 0
github.com/klauer/clash-royale-api/go/internal/storage/paths.go:56.45,58.2 1 0
github.com/klauer/clash-royale-api/go/internal/storage/paths.go:61.50,63.2 1 0
github.com/klauer/clash-royale-api/go/internal/storage/paths.go:66.43,68.2 1 0
github.com/klauer/clash-royale-api/go/internal/storage/paths.go:71.50,73.2 1 0
github.com/klauer/clash-royale-api/go/internal/storage/paths.go:76.52,78.2 1 0
github.com/klauer/clash-royale-api/go/internal/storage/paths.go:81.49,83.2 1 0
github.com/klauer/clash-royale-api/go/internal/storage/paths.go:86.51,88.2 1 0
github.com/klauer/clash-royale-api/go/internal/storage/paths.go:92.67,95.2 2 0
github.com/klauer/clash-royale-api/go/internal/storage/paths.go:99.69,104.2 4 0
github.com/klauer/clash-royale-api/go/internal/storage/paths.go:108.65,113.2 4 0
github.com/klauer/clash-royale-api/go/internal/storage/paths.go:117.71,120.2 2 0
github.com/klauer/clash-royale-api/go/internal/storage/paths.go:124.76,126.2 1 0
github.com/klauer/clash-royale-api/go/internal/storage/paths.go:130.80,133.2 2 0
github.com/klauer/clash-royale-api/go/internal/storage/paths.go:137.72,141.2 3 0
github.com/klauer/clash-royale-api/go/internal/storage/paths.go:145.71,149.2 3 0
github.com/klauer/clash-royale-api/go/internal/storage/paths.go:153.72,157.2 3 0
github.com/klauer/clash-royale-api/go/internal/storage/paths.go:161.74,165.2 3 0
github.com/klauer/clash-royale-api/go/internal/storage/paths.go:169.49,171.2 1 0
github.com/klauer/clash-royale-api/go/internal/storage/paths.go:174.54,187.27 2 0
github.com/klauer/clash-royale-api/go/internal/storage/paths.go:187.27,188.46 1 0
github.com/klauer/clash-royale-api/go/internal/storage/paths.go:188.46,190.4 1 0
github.com/klauer/clash-royale-api/go/internal/storage/paths.go:193.2,193.12 1 0
github.com/klauer/clash-royale-api/go/internal/storage/paths.go:198.79,199.31 1 0
github.com/klauer/clash-royale-api/go/internal/storage/paths.go:199.31,201.3 1 0
github.com/klauer/clash-royale-api/go/internal/storage/paths.go:203.2,204.16 2 0
github.com/klauer/clash-royale-api/go/internal/storage/paths.go:204.16,206.3 1 0
github.com/klauer/clash-royale-api/go/internal/storage/paths.go:208.2,208.21 1 0
github.com/klauer/clash-royale-api/go/internal/storage/paths.go:208.21,210.3 1 0
github.com/klauer/clash-royale-api/go/internal/storage/paths.go:213.2,216.29 3 0
github.com/klauer/clash-royale-api/go/internal/storage/paths.go:216.29,218.17 2 0
github.com/klauer/clash-royale-api/go/internal/storage/paths.go:218.17,219.12 1 0
github.com/klauer/clash-royale-api/go/internal/storage/paths.go:222.3,225.52 2 0
github.com/klauer/clash-royale-api/go/internal/storage/paths.go:225.52,228.4 2 0
github.com/klauer/clash-royale-api/go/internal/storage/paths.go:231.2,231.24 1 0
github.com/klauer/clash-royale-api/go/pkg/clashroyale/client.go:21.41,32.2 1 17
github.com/klauer/clash-royale-api/go/pkg/clashroyale/client.go:41.34,43.2 1 1
github.com/klauer/clash-royale-api/go/pkg/clashroyale/client.go:46.98,50.16 3 20
github.com/klauer/clash-royale-api/go/pkg/clashroyale/client.go:50.16,52.3 1 0
github.com/klauer/clash-royale-api/go/pkg/clashroyale/client.go:54.2,57.17 3 20
github.com/klauer/clash-royale-api/go/pkg/clashroyale/client.go:61.64,69.43 4 16
github.com/klauer/clash-royale-api/go/pkg/clashroyale/client.go:69.43,70.18 1 24
github.com/klauer/clash-royale-api/go/pkg/clashroyale/client.go:70.18,71.11 1 8
github.com/klauer/clash-royale-api/go/pkg/clashroyale/client.go:72.32,73.36 1 1
github.com/klauer/clash-royale-api/go/pkg/clashroyale/client.go:74.60,74.60 0 7
github.com/klauer/clash-royale-api/go/pkg/clashroyale/client.go:79.3,81.17 3 23
github.com/klauer/clash-royale-api/go/pkg/clashroyale/client.go:81.17,82.12 1 0
github.com/klauer/clash-royale-api/go/pkg/clashroyale/client.go:86.3,86.82 1 23
github.com/klauer/clash-royale-api/go/pkg/clashroyale/client.go:86.82,88.12 2 10
github.com/klauer/clash-royale-api/go/pkg/clashroyale/client.go:92.3,92.80 1 13
github.com/klauer/clash-royale-api/go/pkg/clashroyale/client.go:92.80,98.4 2 2
github.com/klauer/clash-royale-api/go/pkg/clashroyale/client.go:101.3,101.19 1 11
github.com/klauer/clash-royale-api/go/pkg/clashroyale/client.go:105.2,105.17 1 2
github.com/klauer/clash-royale-api/go/pkg/clashroyale/client.go:105.17,107.3 1 2
github.com/klauer/clash-royale-api/go/pkg/clashroyale/client.go:108.2,108.57 1 2
github.com/klauer/clash-royale-api/go/pkg/clashroyale/combat_stats.go:35.61,37.16 2 2
github.com/klauer/clash-royale-api/go/pkg/clashroyale/combat_stats.go:37.16,39.3 1 0
github.com/klauer/clash-royale-api/go/pkg/clashroyale/combat_stats.go:40.2,43.16 3 2
github.com/klauer/clash-royale-api/go/pkg/clashroyale/combat_stats.go:43.16,45.3 1 0
github.com/klauer/clash-royale-api/go/pkg/clashroyale/combat_stats.go:47.2,48.57 2 2
github.com/klauer/clash-royale-api/go/pkg/clashroyale/combat_stats.go:48.57,50.3 1 0
github.com/klauer/clash-royale-api/go/pkg/clashroyale/combat_stats.go:52.2,52.23 1 2
github.com/klauer/clash-royale-api/go/pkg/clashroyale/combat_stats.go:56.68,57.40 1 3
github.com/klauer/clash-royale-api/go/pkg/clashroyale/combat_stats.go:57.40,59.3 1 2
github.com/klauer/clash-royale-api/go/pkg/clashroyale/combat_stats.go:60.2,60.12 1 1
github.com/klauer/clash-royale-api/go/pkg/clashroyale/combat_stats.go:64.57,65.17 1 5
github.com/klauer/clash-royale-api/go/pkg/clashroyale/combat_stats.go:65.17,67.3 1 1
github.com/klauer/clash-royale-api/go/pkg/clashroyale/combat_stats.go:68.2,68.54 1 4
github.com/klauer/clash-royale-api/go/pkg/clashroyale/combat_stats.go:72.56,73.17 1 5
github.com/klauer/clash-royale-api/go/pkg/clashroyale/combat_stats.go:73.17,75.3 1 1
github.com/klauer/clash-royale-api/go/pkg/clashroyale/combat_stats.go:76.2,76.48 1 4
github.com/klauer/clash-royale-api/go/pkg/clashroyale/combat_stats.go:81.53,82.19 1 7
github.com/klauer/clash-royale-api/go/pkg/clashroyale/combat_stats.go:82.19,84.3 1 2
github.com/klauer/clash-royale-api/go/pkg/clashroyale/combat_stats.go:86.2,86.36 1 5
github.com/klauer/clash-royale-api/go/pkg/clashroyale/combat_stats.go:90.49,91.37 1 8
github.com/klauer/clash-royale-api/go/pkg/clashroyale/combat_stats.go:92.22,93.13 1 3
github.com/klauer/clash-royale-api/go/pkg/clashroyale/combat_stats.go:94.16,95.13 1 1
github.com/klauer/clash-royale-api/go/pkg/clashroyale/combat_stats.go:96.13,97.13 1 1
github.com/klauer/clash-royale-api/go/pkg/clashroyale/combat_stats.go:98.19,99.13 1 1
github.com/klauer/clash-royale-api/go/pkg/clashroyale/combat_stats.go:100.10,101.13 1 2
github.com/klauer/clash-royale-api/go/pkg/clashroyale/combat_stats.go:106.53,107.35 1 7
github.com/klauer/clash-royale-api/go/pkg/clashroyale/combat_stats.go:108.19,109.13 1 1
github.com/klauer/clash-royale-api/go/pkg/clashroyale/combat_stats.go:110.14,111.13 1 1
github.com/klauer/clash-royale-api/go/pkg/clashroyale/combat_stats.go:112.16,113.13 1 2
github.com/klauer/clash-royale-api/go/pkg/clashroyale/combat_stats.go:114.14,115.13 1 1
github.com/klauer/clash-royale-api/go/pkg/clashroyale/combat_stats.go:116.10,117.13 1 2
github.com/klauer/clash-royale-api/go/pkg/clashroyale/combat_stats.go:123.71,124.16 1 5
github.com/klauer/clash-royale-api/go/pkg/clashroyale/combat_stats.go:124.16,126.3 1 1
github.com/klauer/clash-royale-api/go/pkg/clashroyale/combat_stats.go:128.2,130.31 2 4
github.com/klauer/clash-royale-api/go/pkg/clashroyale/combat_stats.go:131.22,135.50 3 1
github.com/klauer/clash-royale-api/go/pkg/clashroyale/combat_stats.go:137.18,141.52 3 1
github.com/klauer/clash-royale-api/go/pkg/clashroyale/combat_stats.go:143.17,147.53 3 1
github.com/klauer/clash-royale-api/go/pkg/clashroyale/combat_stats.go:149.15,153.54 3 1
github.com/klauer/clash-royale-api/go/pkg/clashroyale/combat_stats.go:155.15,159.56 2 0
github.com/klauer/clash-royale-api/go/pkg/clashroyale/combat_stats.go:161.10,162.22 1 0
github.com/klauer/clash-royale-api/go/pkg/clashroyale/combat_stats.go:165.2,165.48 1 4
github.com/klauer/clash-royale-api/go/pkg/clashroyale/combat_stats.go:169.64,170.17 1 3
github.com/klauer/clash-royale-api/go/pkg/clashroyale/combat_stats.go:170.17,172.3 1 1
github.com/klauer/clash-royale-api/go/pkg/clashroyale/combat_stats.go:175.2,192.44 9 2
github.com/klauer/clash-royale-api/go/pkg/clashroyale/combat_stats.go:196.46,199.22 2 3
github.com/klauer/clash-royale-api/go/pkg/clashroyale/combat_stats.go:199.22,201.3 1 2
github.com/klauer/clash-royale-api/go/pkg/clashroyale/combat_stats.go:202.2,202.19 1 3
github.com/klauer/clash-royale-api/go/pkg/clashroyale/combat_stats.go:202.19,204.3 1 1
github.com/klauer/clash-royale-api/go/pkg/clashroyale/combat_stats.go:205.2,205.28 1 3
github.com/klauer/clash-royale-api/go/pkg/clashroyale/combat_stats.go:205.28,207.3 1 1
github.com/klauer/clash-royale-api/go/pkg/clashroyale/combat_stats.go:208.2,208.18 1 3
github.com/klauer/clash-royale-api/go/pkg/clashroyale/combat_stats.go:208.18,210.3 1 1
github.com/klauer/clash-royale-api/go/pkg/clashroyale/combat_stats.go:211.2,211.22 1 3
github.com/klauer/clash-royale-api/go/pkg/clashroyale/combat_stats.go:211.22,213.3 1 1
github.com/klauer/clash-royale-api/go/pkg/clashroyale/combat_stats.go:215.2,215.34 1 3
github.com/klauer/clash-royale-api/go/pkg/clashroyale/endpoints.go:12.57,17.16 4 3
github.com/klauer/clash-royale-api/go/pkg/clashroyale/endpoints.go:17.16,19.3 1 0
github.com/klauer/clash-royale-api/go/pkg/clashroyale/endpoints.go:21.2,22.16 2 3
github.com/klauer/clash-royale-api/go/pkg/clashroyale/endpoints.go:22.16,24.3 1 1
github.com/klauer/clash-royale-api/go/pkg/clashroyale/endpoints.go:25.2,27.38 2 2
github.com/klauer/clash-royale-api/go/pkg/clashroyale/endpoints.go:27.38,32.3 1 0
github.com/klauer/clash-royale-api/go/pkg/clashroyale/endpoints.go:34.2,35.67 2 2
github.com/klauer/clash-royale-api/go/pkg/clashroyale/endpoints.go:35.67,37.3 1 1
github.com/klauer/clash-royale-api/go/pkg/clashroyale/endpoints.go:39.2,39.21 1 1
github.com/klauer/clash-royale-api/go/pkg/clashroyale/endpoints.go:43.75,48.16 4 1
github.com/klauer/clash-royale-api/go/pkg/clashroyale/endpoints.go:48.16,50.3 1 0
github.com/klauer/clash-royale-api/go/pkg/clashroyale/endpoints.go:52.2,53.16 2 1
github.com/klauer/clash-royale-api/go/pkg/clashroyale/endpoints.go:53.16,55.3 1 0
github.com/klauer/clash-royale-api/go/pkg/clashroyale/endpoints.go:56.2,58.38 2 1
github.com/klauer/clash-royale-api/go/pkg/clashroyale/endpoints.go:58.38,63.3 1 0
github.com/klauer/clash-royale-api/go/pkg/clashroyale/endpoints.go:65.2,66.71 2 1
github.com/klauer/clash-royale-api/go/pkg/clashroyale/endpoints.go:66.71,68.3 1 0
github.com/klauer/clash-royale-api/go/pkg/clashroyale/endpoints.go:70.2,70.25 1 1
github.com/klauer/clash-royale-api/go/pkg/clashroyale/endpoints.go:74.77,79.16 4 1
github.com/klauer/clash-royale-api/go/pkg/clashroyale/endpoints.go:79.16,81.3 1 0
github.com/klauer/clash-royale-api/go/pkg/clashroyale/endpoints.go:83.2,84.16 2 1
github.com/klauer/clash-royale-api/go/pkg/clashroyale/endpoints.go:84.16,86.3 1 0
github.com/klauer/clash-royale-api/go/pkg/clashroyale/endpoints.go:87.2,89.38 2 1
github.com/klauer/clash-royale-api/go/pkg/clashroyale/endpoints.go:89.38,94.3 1 0
github.com/klauer/clash-royale-api/go/pkg/clashroyale/endpoints.go:96.2,97.70 2 1
github.com/klauer/clash-royale-api/go/pkg/clashroyale/endpoints.go:97.70,99.3 1 0
github.com/klauer/clash-royale-api/go/pkg/clashroyale/endpoints.go:101.2,101.24 1 1
github.com/klauer/clash-royale-api/go/pkg/clashroyale/endpoints.go:105.48,109.16 3 2
github.com/klauer/clash-royale-api/go/pkg/clashroyale/endpoints.go:109.16,111.3 1 0
github.com/klauer/clash-royale-api/go/pkg/clashroyale/endpoints.go:113.2,114.16 2 2
github.com/klauer/clash-royale-api/go/pkg/clashroyale/endpoints.go:114.16,116.3 1 1
github.com/klauer/clash-royale-api/go/pkg/clashroyale/endpoints.go:117.2,119.38 2 1
github.com/klauer/clash-royale-api/go/pkg/clashroyale/endpoints.go:119.38,124.3 1 0
github.com/klauer/clash-royale-api/go/pkg/clashroyale/endpoints.go:126.2,127.66 2 1
github.com/klauer/clash-royale-api/go/pkg/clashroyale/endpoints.go:127.66,129.3 1 0
github.com/klauer/clash-royale-api/go/pkg/clashroyale/endpoints.go:131.2,131.20 1 1
github.com/klauer/clash-royale-api/go/pkg/clashroyale/endpoints.go:135.56,139.16 3 1
github.com/klauer/clash-royale-api/go/pkg/clashroyale/endpoints.go:139.16,141.3 1 0
github.com/klauer/clash-royale-api/go/pkg/clashroyale/endpoints.go:143.2,144.16 2 1
github.com/klauer/clash-royale-api/go/pkg/clashroyale/endpoints.go:144.16,146.3 1 0
github.com/klauer/clash-royale-api/go/pkg/clashroyale/endpoints.go:147.2,149.38 2 1
github.com/klauer/clash-royale-api/go/pkg/clashroyale/endpoints.go:149.38,154.3 1 0
github.com/klauer/clash-royale-api/go/pkg/clashroyale/endpoints.go:156.2,157.70 2 1
github.com/klauer/clash-royale-api/go/pkg/clashroyale/endpoints.go:157.70,159.3 1 0
github.com/klauer/clash-royale-api/go/pkg/clashroyale/endpoints.go:161.2,161.24 1 1
github.com/klauer/clash-royale-api/go/pkg/clashroyale/types.go:9.38,10.35 1 11
github.com/klauer/clash-royale-api/go/pkg/clashroyale/types.go:10.35,12.3 1 3
github.com/klauer/clash-royale-api/go/pkg/clashroyale/types.go:13.2,13.12 1 8
github.com/klauer/clash-royale-api/go/pkg/clashroyale/types.go:137.33,138.44 1 0
github.com/klauer/clash-royale-api/go/pkg/clashroyale/types.go:138.44,140.3 1 0
github.com/klauer/clash-royale-api/go/pkg/clashroyale/types.go:141.2,141.12 1 0
github.com/klauer/clash-royale-api/go/pkg/events/analyzer.go:91.47,97.2 1 0
github.com/klauer/clash-royale-api/go/pkg/events/analyzer.go:101.83,105.29 2 0
github.com/klauer/clash-royale-api/go/pkg/events/analyzer.go:105.29,114.3 1 0
github.com/klauer/clash-royale-api/go/pkg/events/analyzer.go:117.2,125.28 7 0
github.com/klauer/clash-royale-api/go/pkg/events/analyzer.go:125.28,127.3 1 0
github.com/klauer/clash-royale-api/go/pkg/events/analyzer.go:129.2,138.3 1 0
github.com/klauer/clash-royale-api/go/pkg/events/analyzer.go:142.81,143.26 1 0
github.com/klauer/clash-royale-api/go/pkg/events/analyzer.go:143.26,145.3 1 0
github.com/klauer/clash-royale-api/go/pkg/events/analyzer.go:148.2,149.32 2 0
github.com/klauer/clash-royale-api/go/pkg/events/analyzer.go:149.32,151.3 1 0
github.com/klauer/clash-royale-api/go/pkg/events/analyzer.go:153.2,154.29 2 0
github.com/klauer/clash-royale-api/go/pkg/events/analyzer.go:154.29,155.43 1 0
github.com/klauer/clash-royale-api/go/pkg/events/analyzer.go:155.43,157.4 1 0
github.com/klauer/clash-royale-api/go/pkg/events/analyzer.go:159.2,159.17 1 0
github.com/klauer/clash-royale-api/go/pkg/events/analyzer.go:163.55,166.29 2 0
github.com/klauer/clash-royale-api/go/pkg/events/analyzer.go:166.29,173.3 6 0
github.com/klauer/clash-royale-api/go/pkg/events/analyzer.go:176.2,176.30 1 0
github.com/klauer/clash-royale-api/go/pkg/events/analyzer.go:176.30,180.3 3 0
github.com/klauer/clash-royale-api/go/pkg/events/analyzer.go:182.2,182.16 1 0
github.com/klauer/clash-royale-api/go/pkg/events/analyzer.go:186.60,194.29 5 0
github.com/klauer/clash-royale-api/go/pkg/events/analyzer.go:194.29,195.40 1 0
github.com/klauer/clash-royale-api/go/pkg/events/analyzer.go:195.40,203.4 5 0
github.com/klauer/clash-royale-api/go/pkg/events/analyzer.go:207.2,208.37 2 0
github.com/klauer/clash-royale-api/go/pkg/events/analyzer.go:208.37,210.3 1 0
github.com/klauer/clash-royale-api/go/pkg/events/analyzer.go:213.2,213.39 1 0
github.com/klauer/clash-royale-api/go/pkg/events/analyzer.go:213.39,214.42 1 0
github.com/klauer/clash-royale-api/go/pkg/events/analyzer.go:214.42,215.45 1 0
github.com/klauer/clash-royale-api/go/pkg/events/analyzer.go:215.45,217.5 1 0
github.com/klauer/clash-royale-api/go/pkg/events/analyzer.go:222.2,222.24 1 0
github.com/klauer/clash-royale-api/go/pkg/events/analyzer.go:222.24,224.3 1 0
github.com/klauer/clash-royale-api/go/pkg/events/analyzer.go:227.2,228.35 2 0
github.com/klauer/clash-royale-api/go/pkg/events/analyzer.go:228.35,230.19 2 0
github.com/klauer/clash-royale-api/go/pkg/events/analyzer.go:230.19,236.4 2 0
github.com/klauer/clash-royale-api/go/pkg/events/analyzer.go:240.2,240.45 1 0
github.com/klauer/clash-royale-api/go/pkg/events/analyzer.go:240.45,241.48 1 0
github.com/klauer/clash-royale-api/go/pkg/events/analyzer.go:241.48,242.61 1 0
github.com/klauer/clash-royale-api/go/pkg/events/analyzer.go:242.61,244.5 1 0
github.com/klauer/clash-royale-api/go/pkg/events/analyzer.go:249.2,249.30 1 0
github.com/klauer/clash-royale-api/go/pkg/events/analyzer.go:249.30,251.3 1 0
github.com/klauer/clash-royale-api/go/pkg/events/analyzer.go:253.2,257.3 1 0
github.com/klauer/clash-royale-api/go/pkg/events/analyzer.go:261.70,265.29 2 0
github.com/klauer/clash-royale-api/go/pkg/events/analyzer.go:265.29,267.10 2 0
github.com/klauer/clash-royale-api/go/pkg/events/analyzer.go:268.24,269.37 1 0
github.com/klauer/clash-royale-api/go/pkg/events/analyzer.go:270.24,271.37 1 0
github.com/klauer/clash-royale-api/go/pkg/events/analyzer.go:272.11,273.39 1 0
github.com/klauer/clash-royale-api/go/pkg/events/analyzer.go:277.2,281.3 1 0
github.com/klauer/clash-royale-api/go/pkg/events/analyzer.go:285.87,286.21 1 0
github.com/klauer/clash-royale-api/go/pkg/events/analyzer.go:286.21,292.3 1 0
github.com/klauer/clash-royale-api/go/pkg/events/analyzer.go:294.2,297.29 3 0
github.com/klauer/clash-royale-api/go/pkg/events/analyzer.go:297.29,301.3 3 0
github.com/klauer/clash-royale-api/go/pkg/events/analyzer.go:303.2,304.22 2 0
github.com/klauer/clash-royale-api/go/pkg/events/analyzer.go:304.22,306.3 1 0
github.com/klauer/clash-royale-api/go/pkg/events/analyzer.go:308.2,312.3 1 0
github.com/klauer/clash-royale-api/go/pkg/events/analyzer.go:316.71,319.29 2 0
github.com/klauer/clash-royale-api/go/pkg/events/analyzer.go:319.29,322.14 3 0
github.com/klauer/clash-royale-api/go/pkg/events/analyzer.go:322.14,329.4 1 0
github.com/klauer/clash-royale-api/go/pkg/events/analyzer.go:331.3,335.32 4 0
github.com/klauer/clash-royale-api/go/pkg/events/analyzer.go:338.2,338.19 1 0
github.com/klauer/clash-royale-api/go/pkg/events/analyzer.go:342.97,345.29 2 0
github.com/klauer/clash-royale-api/go/pkg/events/analyzer.go:345.29,347.70 1 0
github.com/klauer/clash-royale-api/go/pkg/events/analyzer.go:347.70,348.12 1 0
github.com/klauer/clash-royale-api/go/pkg/events/analyzer.go:352.3,353.40 2 0
github.com/klauer/clash-royale-api/go/pkg/events/analyzer.go:353.40,355.4 1 0
github.com/klauer/clash-royale-api/go/pkg/events/analyzer.go:358.3,369.39 3 0
github.com/klauer/clash-royale-api/go/pkg/events/analyzer.go:373.2,373.39 1 0
github.com/klauer/clash-royale-api/go/pkg/events/analyzer.go:373.39,374.42 1 0
github.com/klauer/clash-royale-api/go/pkg/events/analyzer.go:374.42,375.49 1 0
github.com/klauer/clash-royale-api/go/pkg/events/analyzer.go:375.49,377.5 1 0
github.com/klauer/clash-royale-api/go/pkg/events/analyzer.go:382.2,382.43 1 0
github.com/klauer/clash-royale-api/go/pkg/events/analyzer.go:382.43,384.3 1 0
github.com/klauer/clash-royale-api/go/pkg/events/analyzer.go:386.2,386.17 1 0
github.com/klauer/clash-royale-api/go/pkg/events/exporter.go:37.43,46.2 1 0
github.com/klauer/clash-royale-api/go/pkg/events/exporter.go:54.51,58.2 1 0
github.com/klauer/clash-royale-api/go/pkg/events/exporter.go:61.66,65.30 2 0
github.com/klauer/clash-royale-api/go/pkg/events/exporter.go:65.30,67.3 1 0
github.com/klauer/clash-royale-api/go/pkg/events/exporter.go:70.2,70.28 1 0
github.com/klauer/clash-royale-api/go/pkg/events/exporter.go:70.28,72.3 1 0
github.com/klauer/clash-royale-api/go/pkg/events/exporter.go:75.2,75.26 1 0
github.com/klauer/clash-royale-api/go/pkg/events/exporter.go:76.17,77.31 1 0
github.com/klauer/clash-royale-api/go/pkg/events/exporter.go:78.18,79.32 1 0
github.com/klauer/clash-royale-api/go/pkg/events/exporter.go:80.22,81.36 1 0
github.com/klauer/clash-royale-api/go/pkg/events/exporter.go:82.23,83.37 1 0
github.com/klauer/clash-royale-api/go/pkg/events/exporter.go:84.10,85.71 1 0
github.com/klauer/clash-royale-api/go/pkg/events/exporter.go:90.87,93.40 2 0
github.com/klauer/clash-royale-api/go/pkg/events/exporter.go:93.40,95.36 1 0
github.com/klauer/clash-royale-api/go/pkg/events/exporter.go:95.36,97.53 2 0
github.com/klauer/clash-royale-api/go/pkg/events/exporter.go:97.53,98.38 1 0
github.com/klauer/clash-royale-api/go/pkg/events/exporter.go:98.38,100.11 2 0
github.com/klauer/clash-royale-api/go/pkg/events/exporter.go:103.4,103.16 1 0
github.com/klauer/clash-royale-api/go/pkg/events/exporter.go:103.16,104.13 1 0
github.com/klauer/clash-royale-api/go/pkg/events/exporter.go:109.3,109.80 1 0
github.com/klauer/clash-royale-api/go/pkg/events/exporter.go:109.80,110.12 1 0
github.com/klauer/clash-royale-api/go/pkg/events/exporter.go:112.3,112.75 1 0
github.com/klauer/clash-royale-api/go/pkg/events/exporter.go:112.75,113.12 1 0
github.com/klauer/clash-royale-api/go/pkg/events/exporter.go:117.3,117.89 1 0
github.com/klauer/clash-royale-api/go/pkg/events/exporter.go:117.89,118.12 1 0
github.com/klauer/clash-royale-api/go/pkg/events/exporter.go:122.3,122.82 1 0
github.com/klauer/clash-royale-api/go/pkg/events/exporter.go:122.82,123.12 1 0
github.com/klauer/clash-royale-api/go/pkg/events/exporter.go:127.3,128.32 2 0
github.com/klauer/clash-royale-api/go/pkg/events/exporter.go:128.32,130.4 1 0
github.com/klauer/clash-royale-api/go/pkg/events/exporter.go:132.3,132.50 1 0
github.com/klauer/clash-royale-api/go/pkg/events/exporter.go:135.2,139.3 1 0
github.com/klauer/clash-royale-api/go/pkg/events/exporter.go:143.91,150.42 3 0
github.com/klauer/clash-royale-api/go/pkg/events/exporter.go:150.42,151.45 1 0
github.com/klauer/clash-royale-api/go/pkg/events/exporter.go:151.45,152.75 1 0
github.com/klauer/clash-royale-api/go/pkg/events/exporter.go:152.75,154.5 1 0
github.com/klauer/clash-royale-api/go/pkg/events/exporter.go:158.2,162.3 1 0
github.com/klauer/clash-royale-api/go/pkg/events/exporter.go:166.69,167.63 1 0
github.com/klauer/clash-royale-api/go/pkg/events/exporter.go:167.63,169.3 1 0
github.com/klauer/clash-royale-api/go/pkg/events/exporter.go:171.2,175.16 4 0
github.com/klauer/clash-royale-api/go/pkg/events/exporter.go:175.16,177.3 1 0
github.com/klauer/clash-royale-api/go/pkg/events/exporter.go:178.2,188.79 3 0
github.com/klauer/clash-royale-api/go/pkg/events/exporter.go:188.79,190.3 1 0
github.com/klauer/clash-royale-api/go/pkg/events/exporter.go:193.2,194.40 2 0
github.com/klauer/clash-royale-api/go/pkg/events/exporter.go:194.40,196.75 1 0
github.com/klauer/clash-royale-api/go/pkg/events/exporter.go:196.75,198.99 2 0
github.com/klauer/clash-royale-api/go/pkg/events/exporter.go:198.99,200.5 1 0
github.com/klauer/clash-royale-api/go/pkg/events/exporter.go:204.3,205.40 2 0
github.com/klauer/clash-royale-api/go/pkg/events/exporter.go:205.40,207.4 1 0
github.com/klauer/clash-royale-api/go/pkg/events/exporter.go:209.3,210.26 2 0
github.com/klauer/clash-royale-api/go/pkg/events/exporter.go:210.26,212.4 1 0
github.com/klauer/clash-royale-api/go/pkg/events/exporter.go:214.3,235.29 3 0
github.com/klauer/clash-royale-api/go/pkg/events/exporter.go:235.29,236.68 1 0
github.com/klauer/clash-royale-api/go/pkg/events/exporter.go:236.68,238.5 1 0
github.com/klauer/clash-royale-api/go/pkg/events/exporter.go:238.10,240.5 1 0
github.com/klauer/clash-royale-api/go/pkg/events/exporter.go:243.3,243.79 1 0
github.com/klauer/clash-royale-api/go/pkg/events/exporter.go:243.79,245.4 1 0
github.com/klauer/clash-royale-api/go/pkg/events/exporter.go:248.2,248.12 1 0
github.com/klauer/clash-royale-api/go/pkg/events/exporter.go:252.70,253.63 1 0
github.com/klauer/clash-royale-api/go/pkg/events/exporter.go:253.63,255.3 1 0
github.com/klauer/clash-royale-api/go/pkg/events/exporter.go:257.2,261.16 4 0
github.com/klauer/clash-royale-api/go/pkg/events/exporter.go:261.16,263.3 1 0
github.com/klauer/clash-royale-api/go/pkg/events/exporter.go:264.2,269.51 4 0
github.com/klauer/clash-royale-api/go/pkg/events/exporter.go:269.51,271.3 1 0
github.com/klauer/clash-royale-api/go/pkg/events/exporter.go:273.2,273.12 1 0
github.com/klauer/clash-royale-api/go/pkg/events/exporter.go:277.74,278.63 1 0
github.com/klauer/clash-royale-api/go/pkg/events/exporter.go:278.63,280.3 1 0
github.com/klauer/clash-royale-api/go/pkg/events/exporter.go:282.2,286.16 4 0
github.com/klauer/clash-royale-api/go/pkg/events/exporter.go:286.16,288.3 1 0
github.com/klauer/clash-royale-api/go/pkg/events/exporter.go:289.2,292.40 3 0
github.com/klauer/clash-royale-api/go/pkg/events/exporter.go:292.40,294.75 1 0
github.com/klauer/clash-royale-api/go/pkg/events/exporter.go:294.75,296.95 2 0
github.com/klauer/clash-royale-api/go/pkg/events/exporter.go:296.95,298.5 1 0
github.com/klauer/clash-royale-api/go/pkg/events/exporter.go:302.3,302.126 1 0
github.com/klauer/clash-royale-api/go/pkg/events/exporter.go:302.126,304.4 1 0
github.com/klauer/clash-royale-api/go/pkg/events/exporter.go:306.3,308.68 1 0
github.com/klauer/clash-royale-api/go/pkg/events/exporter.go:308.68,310.4 1 0
github.com/klauer/clash-royale-api/go/pkg/events/exporter.go:313.3,313.40 1 0
github.com/klauer/clash-royale-api/go/pkg/events/exporter.go:313.40,315.63 1 0
github.com/klauer/clash-royale-api/go/pkg/events/exporter.go:315.63,317.5 1 0
github.com/klauer/clash-royale-api/go/pkg/events/exporter.go:321.2,321.12 1 0
github.com/klauer/clash-royale-api/go/pkg/events/exporter.go:325.75,326.63 1 0
github.com/klauer/clash-royale-api/go/pkg/events/exporter.go:326.63,328.3 1 0
github.com/klauer/clash-royale-api/go/pkg/events/exporter.go:330.2,334.16 4 0
github.com/klauer/clash-royale-api/go/pkg/events/exporter.go:334.16,336.3 1 0
github.com/klauer/clash-royale-api/go/pkg/events/exporter.go:337.2,340.40 3 0
github.com/klauer/clash-royale-api/go/pkg/events/exporter.go:340.40,342.75 1 0
github.com/klauer/clash-royale-api/go/pkg/events/exporter.go:342.75,344.95 2 0
github.com/klauer/clash-royale-api/go/pkg/events/exporter.go:344.95,346.5 1 0
github.com/klauer/clash-royale-api/go/pkg/events/exporter.go:350.3,351.40 2 0
github.com/klauer/clash-royale-api/go/pkg/events/exporter.go:351.40,353.4 1 0
github.com/klauer/clash-royale-api/go/pkg/events/exporter.go:355.3,357.91 2 0
github.com/klauer/clash-royale-api/go/pkg/events/exporter.go:357.91,359.4 1 0
github.com/klauer/clash-royale-api/go/pkg/events/exporter.go:361.3,361.79 1 0
github.com/klauer/clash-royale-api/go/pkg/events/exporter.go:361.79,363.4 1 0
github.com/klauer/clash-royale-api/go/pkg/events/exporter.go:365.3,367.47 1 0
github.com/klauer/clash-royale-api/go/pkg/events/exporter.go:367.47,369.4 1 0
github.com/klauer/clash-royale-api/go/pkg/events/exporter.go:371.3,371.51 1 0
github.com/klauer/clash-royale-api/go/pkg/events/exporter.go:371.51,373.4 1 0
github.com/klauer/clash-royale-api/go/pkg/events/exporter.go:376.2,376.12 1 0
github.com/klauer/clash-royale-api/go/pkg/events/manager.go:23.42,31.2 2 9
github.com/klauer/clash-royale-api/go/pkg/events/manager.go:34.62,38.2 2 49
github.com/klauer/clash-royale-api/go/pkg/events/manager.go:41.67,53.27 3 11
github.com/klauer/clash-royale-api/go/pkg/events/manager.go:53.27,54.48 1 55
github.com/klauer/clash-royale-api/go/pkg/events/manager.go:54.48,56.4 1 0
github.com/klauer/clash-royale-api/go/pkg/events/manager.go:59.2,59.12 1 11
github.com/klauer/clash-royale-api/go/pkg/events/manager.go:63.61,64.71 1 10
github.com/klauer/clash-royale-api/go/pkg/events/manager.go:64.71,66.3 1 0
github.com/klauer/clash-royale-api/go/pkg/events/manager.go:68.2,72.29 3 10
github.com/klauer/clash-royale-api/go/pkg/events/manager.go:73.27,74.51 1 2
github.com/klauer/clash-royale-api/go/pkg/events/manager.go:75.29,76.54 1 1
github.com/klauer/clash-royale-api/go/pkg/events/manager.go:77.10,78.50 1 7
github.com/klauer/clash-royale-api/go/pkg/events/manager.go:82.2,91.16 8 10
github.com/klauer/clash-royale-api/go/pkg/events/manager.go:91.16,93.3 1 0
github.com/klauer/clash-royale-api/go/pkg/events/manager.go:96.2,96.59 1 10
github.com/klauer/clash-royale-api/go/pkg/events/manager.go:96.59,98.3 1 0
github.com/klauer/clash-royale-api/go/pkg/events/manager.go:101.2,101.58 1 10
github.com/klauer/clash-royale-api/go/pkg/events/manager.go:101.58,103.3 1 0
github.com/klauer/clash-royale-api/go/pkg/events/manager.go:105.2,105.12 1 10
github.com/klauer/clash-royale-api/go/pkg/events/manager.go:109.68,115.58 4 10
github.com/klauer/clash-royale-api/go/pkg/events/manager.go:115.58,117.59 1 4
github.com/klauer/clash-royale-api/go/pkg/events/manager.go:117.59,123.4 1 0
github.com/klauer/clash-royale-api/go/pkg/events/manager.go:124.8,130.3 1 6
github.com/klauer/clash-royale-api/go/pkg/events/manager.go:133.2,137.16 3 10
github.com/klauer/clash-royale-api/go/pkg/events/manager.go:137.16,139.3 1 0
github.com/klauer/clash-royale-api/go/pkg/events/manager.go:141.2,141.65 1 10
github.com/klauer/clash-royale-api/go/pkg/events/manager.go:141.65,143.3 1 0
github.com/klauer/clash-royale-api/go/pkg/events/manager.go:145.2,145.12 1 10
github.com/klauer/clash-royale-api/go/pkg/events/manager.go:156.99,157.17 1 7
github.com/klauer/clash-royale-api/go/pkg/events/manager.go:157.17,159.3 1 4
github.com/klauer/clash-royale-api/go/pkg/events/manager.go:161.2,166.27 4 7
github.com/klauer/clash-royale-api/go/pkg/events/manager.go:166.27,167.26 1 1
github.com/klauer/clash-royale-api/go/pkg/events/manager.go:168.28,169.63 1 1
github.com/klauer/clash-royale-api/go/pkg/events/manager.go:170.30,171.66 1 0
github.com/klauer/clash-royale-api/go/pkg/events/manager.go:172.11,173.62 1 0
github.com/klauer/clash-royale-api/go/pkg/events/manager.go:175.8,181.3 1 6
github.com/klauer/clash-royale-api/go/pkg/events/manager.go:184.2,185.26 2 7
github.com/klauer/clash-royale-api/go/pkg/events/manager.go:185.26,187.3 1 1
github.com/klauer/clash-royale-api/go/pkg/events/manager.go:190.2,190.33 1 7
github.com/klauer/clash-royale-api/go/pkg/events/manager.go:190.33,191.52 1 19
github.com/klauer/clash-royale-api/go/pkg/events/manager.go:191.52,192.12 1 0
github.com/klauer/clash-royale-api/go/pkg/events/manager.go:195.3,196.17 2 19
github.com/klauer/clash-royale-api/go/pkg/events/manager.go:196.17,197.12 1 0
github.com/klauer/clash-royale-api/go/pkg/events/manager.go:200.3,200.34 1 19
github.com/klauer/clash-royale-api/go/pkg/events/manager.go:200.34,202.52 1 12
github.com/klauer/clash-royale-api/go/pkg/events/manager.go:202.52,203.13 1 0
github.com/klauer/clash-royale-api/go/pkg/events/manager.go:207.4,208.18 2 12
github.com/klauer/clash-royale-api/go/pkg/events/manager.go:208.18,209.13 1 0
github.com/klauer/clash-royale-api/go/pkg/events/manager.go:213.4,214.54 2 12
github.com/klauer/clash-royale-api/go/pkg/events/manager.go:214.54,215.13 1 0
github.com/klauer/clash-royale-api/go/pkg/events/manager.go:219.4,219.61 1 12
github.com/klauer/clash-royale-api/go/pkg/events/manager.go:219.61,220.13 1 1
github.com/klauer/clash-royale-api/go/pkg/events/manager.go:223.4,223.31 1 11
github.com/klauer/clash-royale-api/go/pkg/events/manager.go:228.2,228.40 1 7
github.com/klauer/clash-royale-api/go/pkg/events/manager.go:228.40,230.3 1 5
github.com/klauer/clash-royale-api/go/pkg/events/manager.go:233.2,233.51 1 7
github.com/klauer/clash-royale-api/go/pkg/events/manager.go:233.51,235.3 1 1
github.com/klauer/clash-royale-api/go/pkg/events/manager.go:237.2,237.19 1 7
github.com/klauer/clash-royale-api/go/pkg/events/manager.go:241.112,244.16 2 1
github.com/klauer/clash-royale-api/go/pkg/events/manager.go:244.16,246.3 1 0
github.com/klauer/clash-royale-api/go/pkg/events/manager.go:249.2,250.34 2 1
github.com/klauer/clash-royale-api/go/pkg/events/manager.go:250.34,251.48 1 1
github.com/klauer/clash-royale-api/go/pkg/events/manager.go:251.48,253.12 1 0
github.com/klauer/clash-royale-api/go/pkg/events/manager.go:255.3,255.36 1 1
github.com/klauer/clash-royale-api/go/pkg/events/manager.go:258.2,258.22 1 1
github.com/klauer/clash-royale-api/go/pkg/events/manager.go:262.81,267.16 4 5
github.com/klauer/clash-royale-api/go/pkg/events/manager.go:267.16,268.25 1 2
github.com/klauer/clash-royale-api/go/pkg/events/manager.go:268.25,275.4 1 2
github.com/klauer/clash-royale-api/go/pkg/events/manager.go:276.3,276.68 1 0
github.com/klauer/clash-royale-api/go/pkg/events/manager.go:279.2,280.58 2 3
github.com/klauer/clash-royale-api/go/pkg/events/manager.go:280.58,282.3 1 0
github.com/klauer/clash-royale-api/go/pkg/events/manager.go:284.2,284.25 1 3
github.com/klauer/clash-royale-api/go/pkg/events/manager.go:288.68,291.16 2 2
github.com/klauer/clash-royale-api/go/pkg/events/manager.go:291.16,293.3 1 0
github.com/klauer/clash-royale-api/go/pkg/events/manager.go:296.2,297.34 2 2
github.com/klauer/clash-royale-api/go/pkg/events/manager.go:297.34,298.45 1 1
github.com/klauer/clash-royale-api/go/pkg/events/manager.go:298.45,300.9 2 1
github.com/klauer/clash-royale-api/go/pkg/events/manager.go:304.2,304.23 1 2
github.com/klauer/clash-royale-api/go/pkg/events/manager.go:304.23,306.3 1 1
github.com/klauer/clash-royale-api/go/pkg/events/manager.go:309.2,311.30 3 1
github.com/klauer/clash-royale-api/go/pkg/events/manager.go:312.27,313.51 1 0
github.com/klauer/clash-royale-api/go/pkg/events/manager.go:314.29,315.54 1 0
github.com/klauer/clash-royale-api/go/pkg/events/manager.go:316.10,317.50 1 1
github.com/klauer/clash-royale-api/go/pkg/events/manager.go:321.2,322.16 2 1
github.com/klauer/clash-royale-api/go/pkg/events/manager.go:322.16,324.3 1 0
github.com/klauer/clash-royale-api/go/pkg/events/manager.go:326.2,326.33 1 1
github.com/klauer/clash-royale-api/go/pkg/events/manager.go:326.33,328.51 1 1
github.com/klauer/clash-royale-api/go/pkg/events/manager.go:328.51,329.12 1 0
github.com/klauer/clash-royale-api/go/pkg/events/manager.go:333.3,334.17 2 1
github.com/klauer/clash-royale-api/go/pkg/events/manager.go:334.17,335.12 1 0
github.com/klauer/clash-royale-api/go/pkg/events/manager.go:338.3,339.53 2 1
github.com/klauer/clash-royale-api/go/pkg/events/manager.go:339.53,340.12 1 0
github.com/klauer/clash-royale-api/go/pkg/events/manager.go:343.3,343.30 1 1
github.com/klauer/clash-royale-api/go/pkg/events/manager.go:343.30,345.46 1 1
github.com/klauer/clash-royale-api/go/pkg/events/manager.go:345.46,347.5 1 0
github.com/klauer/clash-royale-api/go/pkg/events/manager.go:350.4,351.36 2 1
github.com/klauer/clash-royale-api/go/pkg/events/manager.go:351.36,352.47 1 1
github.com/klauer/clash-royale-api/go/pkg/events/manager.go:352.47,354.6 1 0
github.com/klauer/clash-royale-api/go/pkg/events/manager.go:356.4,362.18 5 1
github.com/klauer/clash-royale-api/go/pkg/events/manager.go:362.18,364.5 1 0
github.com/klauer/clash-royale-api/go/pkg/events/manager.go:366.4,366.77 1 1
github.com/klauer/clash-royale-api/go/pkg/events/manager.go:366.77,368.5 1 0
github.com/klauer/clash-royale-api/go/pkg/events/manager.go:370.4,370.14 1 1
github.com/klauer/clash-royale-api/go/pkg/events/manager.go:374.2,374.61 1 0
github.com/klauer/clash-royale-api/go/pkg/events/manager.go:378.79,381.16 2 0
github.com/klauer/clash-royale-api/go/pkg/events/manager.go:381.16,383.3 1 0
github.com/klauer/clash-royale-api/go/pkg/events/manager.go:386.2,386.40 1 0
github.com/klauer/clash-royale-api/go/pkg/events/manager.go:386.40,387.30 1 0
github.com/klauer/clash-royale-api/go/pkg/events/manager.go:387.30,391.4 2 0
github.com/klauer/clash-royale-api/go/pkg/events/manager.go:394.2,394.61 1 0
github.com/klauer/clash-royale-api/go/pkg/events/manager.go:398.87,400.2 1 0
github.com/klauer/clash-royale-api/go/pkg/events/parser.go:24.26,52.2 1 18
github.com/klauer/clash-royale-api/go/pkg/events/parser.go:55.106,61.36 3 1
github.com/klauer/clash-royale-api/go/pkg/events/parser.go:61.36,63.17 2 1
github.com/klauer/clash-royale-api/go/pkg/events/parser.go:63.17,65.12 1 0
github.com/klauer/clash-royale-api/go/pkg/events/parser.go:67.3,67.23 1 1
github.com/klauer/clash-royale-api/go/pkg/events/parser.go:67.23,69.4 1 1
github.com/klauer/clash-royale-api/go/pkg/events/parser.go:72.2,72.24 1 1
github.com/klauer/clash-royale-api/go/pkg/events/parser.go:86.102,89.36 2 2
github.com/klauer/clash-royale-api/go/pkg/events/parser.go:89.36,90.30 1 8
github.com/klauer/clash-royale-api/go/pkg/events/parser.go:90.30,92.4 1 7
github.com/klauer/clash-royale-api/go/pkg/events/parser.go:96.2,96.47 1 2
github.com/klauer/clash-royale-api/go/pkg/events/parser.go:96.47,98.3 1 5
github.com/klauer/clash-royale-api/go/pkg/events/parser.go:100.2,100.28 1 2
github.com/klauer/clash-royale-api/go/pkg/events/parser.go:100.28,102.3 1 0
github.com/klauer/clash-royale-api/go/pkg/events/parser.go:105.2,108.38 3 2
github.com/klauer/clash-royale-api/go/pkg/events/parser.go:108.38,109.41 1 7
github.com/klauer/clash-royale-api/go/pkg/events/parser.go:109.41,111.27 1 3
github.com/klauer/clash-royale-api/go/pkg/events/parser.go:111.27,113.5 1 1
github.com/klauer/clash-royale-api/go/pkg/events/parser.go:116.4,124.5 2 3
github.com/klauer/clash-royale-api/go/pkg/events/parser.go:125.9,128.4 1 4
github.com/klauer/clash-royale-api/go/pkg/events/parser.go:132.2,132.25 1 2
github.com/klauer/clash-royale-api/go/pkg/events/parser.go:132.25,134.3 1 2
github.com/klauer/clash-royale-api/go/pkg/events/parser.go:136.2,136.15 1 2
github.com/klauer/clash-royale-api/go/pkg/events/parser.go:140.64,143.39 2 13
github.com/klauer/clash-royale-api/go/pkg/events/parser.go:143.39,144.40 1 57
github.com/klauer/clash-royale-api/go/pkg/events/parser.go:144.40,146.4 1 11
github.com/klauer/clash-royale-api/go/pkg/events/parser.go:151.2,151.31 1 2
github.com/klauer/clash-royale-api/go/pkg/events/parser.go:151.31,153.3 1 0
github.com/klauer/clash-royale-api/go/pkg/events/parser.go:155.2,155.14 1 2
github.com/klauer/clash-royale-api/go/pkg/events/parser.go:167.72,188.38 5 11
github.com/klauer/clash-royale-api/go/pkg/events/parser.go:188.38,189.46 1 14
github.com/klauer/clash-royale-api/go/pkg/events/parser.go:189.46,191.9 2 11
github.com/klauer/clash-royale-api/go/pkg/events/parser.go:196.2,197.45 2 11
github.com/klauer/clash-royale-api/go/pkg/events/parser.go:197.45,198.43 1 143
github.com/klauer/clash-royale-api/go/pkg/events/parser.go:198.43,200.9 2 0
github.com/klauer/clash-royale-api/go/pkg/events/parser.go:205.2,212.3 2 11
github.com/klauer/clash-royale-api/go/pkg/events/parser.go:216.76,217.27 1 14
github.com/klauer/clash-royale-api/go/pkg/events/parser.go:217.27,219.3 1 1
github.com/klauer/clash-royale-api/go/pkg/events/parser.go:222.2,225.29 3 13
github.com/klauer/clash-royale-api/go/pkg/events/parser.go:225.29,227.3 1 78
github.com/klauer/clash-royale-api/go/pkg/events/parser.go:230.2,232.18 2 13
github.com/klauer/clash-royale-api/go/pkg/events/parser.go:236.87,237.25 1 12
github.com/klauer/clash-royale-api/go/pkg/events/parser.go:237.25,239.3 1 3
github.com/klauer/clash-royale-api/go/pkg/events/parser.go:242.2,242.35 1 9
github.com/klauer/clash-royale-api/go/pkg/events/parser.go:242.35,244.59 2 9
github.com/klauer/clash-royale-api/go/pkg/events/parser.go:244.59,246.4 1 2
github.com/klauer/clash-royale-api/go/pkg/events/parser.go:250.2,251.54 2 7
github.com/klauer/clash-royale-api/go/pkg/events/parser.go:251.54,253.3 1 1
github.com/klauer/clash-royale-api/go/pkg/events/parser.go:256.2,256.67 1 6
github.com/klauer/clash-royale-api/go/pkg/events/parser.go:256.67,258.3 1 1
github.com/klauer/clash-royale-api/go/pkg/events/parser.go:260.2,260.14 1 5
github.com/klauer/clash-royale-api/go/pkg/events/parser.go:264.57,265.30 1 10
github.com/klauer/clash-royale-api/go/pkg/events/parser.go:265.30,267.3 1 1
github.com/klauer/clash-royale-api/go/pkg/events/parser.go:269.2,269.23 1 9
github.com/klauer/clash-royale-api/go/pkg/events/parser.go:269.23,270.27 1 51
github.com/klauer/clash-royale-api/go/pkg/events/parser.go:270.27,272.4 1 2
github.com/klauer/clash-royale-api/go/pkg/events/parser.go:275.2,275.13 1 7
github.com/klauer/clash-royale-api/go/pkg/events/parser.go:279.90,280.29 1 1
github.com/klauer/clash-royale-api/go/pkg/events/parser.go:280.29,282.3 1 0
github.com/klauer/clash-royale-api/go/pkg/events/parser.go:285.2,286.32 2 1
github.com/klauer/clash-royale-api/go/pkg/events/parser.go:286.32,288.3 1 0
github.com/klauer/clash-royale-api/go/pkg/events/parser.go:290.2,292.25 3 1
github.com/klauer/clash-royale-api/go/pkg/events/parser.go:292.25,294.3 1 0
github.com/klauer/clash-royale-api/go/pkg/events/parser.go:297.2,299.37 3 1
github.com/klauer/clash-royale-api/go/pkg/events/parser.go:299.37,310.3 3 8
github.com/klauer/clash-royale-api/go/pkg/events/parser.go:313.2,319.40 2 1
github.com/klauer/clash-royale-api/go/pkg/events/parser.go:319.40,321.3 1 0
github.com/klauer/clash-royale-api/go/pkg/events/parser.go:324.2,348.39 4 1
github.com/klauer/clash-royale-api/go/pkg/events/parser.go:348.39,350.26 2 2
github.com/klauer/clash-royale-api/go/pkg/events/parser.go:350.26,352.4 1 2
github.com/klauer/clash-royale-api/go/pkg/events/parser.go:356.2,356.25 1 1
github.com/klauer/clash-royale-api/go/pkg/events/parser.go:357.31,359.43 2 1
github.com/klauer/clash-royale-api/go/pkg/events/parser.go:360.58,362.43 2 0
github.com/klauer/clash-royale-api/go/pkg/events/parser.go:363.10,365.43 2 0
github.com/klauer/clash-royale-api/go/pkg/events/parser.go:369.2,371.24 2 1
github.com/klauer/clash-royale-api/go/pkg/events/parser.go:375.96,376.56 1 6
github.com/klauer/clash-royale-api/go/pkg/events/parser.go:376.56,378.3 1 2
github.com/klauer/clash-royale-api/go/pkg/events/parser.go:381.2,384.33 4 4
github.com/klauer/clash-royale-api/go/pkg/events/parser.go:384.33,386.3 1 2
github.com/klauer/clash-royale-api/go/pkg/events/parser.go:386.8,386.41 1 2
github.com/klauer/clash-royale-api/go/pkg/events/parser.go:386.41,388.3 1 0
github.com/klauer/clash-royale-api/go/pkg/events/parser.go:391.2,392.38 2 4
github.com/klauer/clash-royale-api/go/pkg/events/parser.go:392.38,395.3 2 1
github.com/klauer/clash-royale-api/go/pkg/events/parser.go:397.2,406.3 1 4
github.com/klauer/clash-royale-api/go/pkg/events/parser.go:410.59,424.2 7 4
github.com/klauer/clash-royale-api/go/pkg/events/types.go:52.45,53.23 1 0
github.com/klauer/clash-royale-api/go/pkg/events/types.go:53.23,55.3 1 0
github.com/klauer/clash-royale-api/go/pkg/events/types.go:57.2,58.31 2 0
github.com/klauer/clash-royale-api/go/pkg/events/types.go:58.31,60.3 1 0
github.com/klauer/clash-royale-api/go/pkg/events/types.go:62.2,62.47 1 0
github.com/klauer/clash-royale-api/go/pkg/events/types.go:66.33,67.23 1 1
github.com/klauer/clash-royale-api/go/pkg/events/types.go:67.23,69.3 1 0
github.com/klauer/clash-royale-api/go/pkg/events/types.go:71.2,71.31 1 1
github.com/klauer/clash-royale-api/go/pkg/events/types.go:71.31,72.50 1 8
github.com/klauer/clash-royale-api/go/pkg/events/types.go:72.50,74.4 1 0
github.com/klauer/clash-royale-api/go/pkg/events/types.go:77.2,77.12 1 1
github.com/klauer/clash-royale-api/go/pkg/events/types.go:93.38,95.2 1 2
github.com/klauer/clash-royale-api/go/pkg/events/types.go:98.39,100.2 1 1
github.com/klauer/clash-royale-api/go/pkg/events/types.go:116.48,118.2 1 2
github.com/klauer/clash-royale-api/go/pkg/events/types.go:121.48,123.16 2 2
github.com/klauer/clash-royale-api/go/pkg/events/types.go:123.16,126.3 2 0
github.com/klauer/clash-royale-api/go/pkg/events/types.go:127.2,127.48 1 2
github.com/klauer/clash-royale-api/go/pkg/events/types.go:131.46,133.49 1 3
github.com/klauer/clash-royale-api/go/pkg/events/types.go:133.49,136.3 2 0
github.com/klauer/clash-royale-api/go/pkg/events/types.go:140.2,140.20 1 3
github.com/klauer/clash-royale-api/go/pkg/events/types.go:140.20,143.3 2 0
github.com/klauer/clash-royale-api/go/pkg/events/types.go:146.2,146.39 1 3
github.com/klauer/clash-royale-api/go/pkg/events/types.go:165.53,169.20 2 2
github.com/klauer/clash-royale-api/go/pkg/events/types.go:169.20,172.63 3 1
github.com/klauer/clash-royale-api/go/pkg/events/types.go:172.63,174.4 1 1
github.com/klauer/clash-royale-api/go/pkg/events/types.go:175.8,175.28 1 1
github.com/klauer/clash-royale-api/go/pkg/events/types.go:175.28,178.3 2 1
github.com/klauer/clash-royale-api/go/pkg/events/types.go:180.2,188.56 5 2
github.com/klauer/clash-royale-api/go/pkg/events/types.go:188.56,191.3 2 0
github.com/klauer/clash-royale-api/go/pkg/events/types.go:202.57,204.41 1 10
github.com/klauer/clash-royale-api/go/pkg/events/types.go:204.41,205.43 1 6
github.com/klauer/clash-royale-api/go/pkg/events/types.go:205.43,210.4 3 0
github.com/klauer/clash-royale-api/go/pkg/events/types.go:214.2,215.30 2 10
github.com/klauer/clash-royale-api/go/pkg/events/types.go:219.81,221.33 2 0
github.com/klauer/clash-royale-api/go/pkg/events/types.go:221.33,222.34 1 0
github.com/klauer/clash-royale-api/go/pkg/events/types.go:222.34,224.4 1 0
github.com/klauer/clash-royale-api/go/pkg/events/types.go:226.2,226.17 1 0
github.com/klauer/clash-royale-api/go/pkg/events/types.go:230.70,234.33 3 0
github.com/klauer/clash-royale-api/go/pkg/events/types.go:234.33,235.35 1 0
github.com/klauer/clash-royale-api/go/pkg/events/types.go:235.35,237.4 1 0
github.com/klauer/clash-royale-api/go/pkg/events/types.go:240.2,240.15 1 0
github.com/klauer/clash-royale-api/go/pkg/events/types.go:244.90,248.33 2 0
github.com/klauer/clash-royale-api/go/pkg/events/types.go:248.33,249.52 1 0
github.com/klauer/clash-royale-api/go/pkg/events/types.go:249.52,251.4 1 0
github.com/klauer/clash-royale-api/go/pkg/events/types.go:258.2,258.28 1 0
github.com/klauer/clash-royale-api/go/pkg/events/types.go:258.28,260.3 1 0
github.com/klauer/clash-royale-api/go/pkg/events/types.go:262.2,262.18 1 0
github.com/klauer/clash-royale-api/go/pkg/events/types.go:281.43,282.24 1 0
github.com/klauer/clash-royale-api/go/pkg/events/types.go:282.24,284.3 1 0
github.com/klauer/clash-royale-api/go/pkg/events/types.go:285.2,285.19 1 0
github.com/klauer/clash-royale-api/go/pkg/events/types.go:285.19,287.3 1 0
github.com/klauer/clash-royale-api/go/pkg/events/types.go:288.2,288.97 1 0
github.com/klauer/clash-royale-api/go/pkg/events/types.go:288.97,290.3 1 0
github.com/klauer/clash-royale-api/go/pkg/events/types.go:291.2,291.12 1 0
github.com/klauer/clash-royale-api/go/pkg/events/types.go:298.61,300.28 2 0
github.com/klauer/clash-royale-api/go/pkg/events/types.go:300.28,301.30 1 0
github.com/klauer/clash-royale-api/go/pkg/events/types.go:301.30,303.4 1 0
github.com/klauer/clash-royale-api/go/pkg/events/types.go:305.2,305.17 1 0
github.com/klauer/clash-royale-api/go/pkg/events/types.go:309.71,311.28 2 0
github.com/klauer/clash-royale-api/go/pkg/events/types.go:311.28,312.70 1 0
github.com/klauer/clash-royale-api/go/pkg/events/types.go:312.70,314.4 1 0
github.com/klauer/clash-royale-api/go/pkg/events/types.go:316.2,316.17 1 0
github.com/klauer/clash-royale-api/go/pkg/events/types.go:320.39,322.28 2 0
github.com/klauer/clash-royale-api/go/pkg/events/types.go:322.28,324.3 1 0
github.com/klauer/clash-royale-api/go/pkg/events/types.go:325.2,325.14 1 0
github.com/klauer/clash-royale-api/go/pkg/events/types.go:329.39,330.18 1 0
github.com/klauer/clash-royale-api/go/pkg/events/types.go:330.18,332.3 1 0
github.com/klauer/clash-royale-api/go/pkg/events/types.go:333.2,334.28 2 0
github.com/klauer/clash-royale-api/go/pkg/events/types.go:334.28,335.21 1 0
github.com/klauer/clash-royale-api/go/pkg/events/types.go:335.21,337.4 1 0
github.com/klauer/clash-royale-api/go/pkg/events/types.go:339.2,339.41 1 0
github.com/klauer/clash-royale-api/go/pkg/events/types.go:343.51,354.2 2 26
github.com/klauer/clash-royale-api/go/pkg/events/types.go:357.42,358.14 1 26
github.com/klauer/clash-royale-api/go/pkg/events/types.go:358.14,360.3 1 26
github.com/klauer/clash-royale-api/go/pkg/events/types.go:361.2,362.19 2 0
github.com/klauer/clash-royale-api/go/pkg/events/types.go:379.37,381.2 1 0
github.com/klauer/clash-royale-api/go/pkg/deck/builder.go:30.42,31.19 1 6
github.com/klauer/clash-royale-api/go/pkg/deck/builder.go:31.19,33.3 1 0
github.com/klauer/clash-royale-api/go/pkg/deck/builder.go:36.2,37.64 2 6
github.com/klauer/clash-royale-api/go/pkg/deck/builder.go:37.64,38.52 1 0
github.com/klauer/clash-royale-api/go/pkg/deck/builder.go:38.52,40.22 2 0
github.com/klauer/clash-royale-api/go/pkg/deck/builder.go:40.22,42.5 1 0
github.com/klauer/clash-royale-api/go/pkg/deck/builder.go:46.2,99.64 3 6
github.com/klauer/clash-royale-api/go/pkg/deck/builder.go:99.64,101.3 1 0
github.com/klauer/clash-royale-api/go/pkg/deck/builder.go:101.9,104.3 0 6
github.com/klauer/clash-royale-api/go/pkg/deck/builder.go:106.2,106.16 1 6
github.com/klauer/clash-royale-api/go/pkg/deck/builder.go:125.93,126.35 1 3
github.com/klauer/clash-royale-api/go/pkg/deck/builder.go:126.35,128.3 1 0
github.com/klauer/clash-royale-api/go/pkg/deck/builder.go:131.2,138.89 5 3
github.com/klauer/clash-royale-api/go/pkg/deck/builder.go:138.89,141.3 2 3
github.com/klauer/clash-royale-api/go/pkg/deck/builder.go:141.8,143.3 1 0
github.com/klauer/clash-royale-api/go/pkg/deck/builder.go:145.2,145.77 1 3
github.com/klauer/clash-royale-api/go/pkg/deck/builder.go:145.77,148.3 2 3
github.com/klauer/clash-royale-api/go/pkg/deck/builder.go:150.2,150.77 1 3
github.com/klauer/clash-royale-api/go/pkg/deck/builder.go:150.77,153.3 2 3
github.com/klauer/clash-royale-api/go/pkg/deck/builder.go:155.2,155.83 1 3
github.com/klauer/clash-royale-api/go/pkg/deck/builder.go:155.83,158.3 2 3
github.com/klauer/clash-royale-api/go/pkg/deck/builder.go:161.2,163.36 3 3
github.com/klauer/clash-royale-api/go/pkg/deck/builder.go:163.36,165.3 1 6
github.com/klauer/clash-royale-api/go/pkg/deck/builder.go:168.2,170.34 3 3
github.com/klauer/clash-royale-api/go/pkg/deck/builder.go:170.34,172.3 1 6
github.com/klauer/clash-royale-api/go/pkg/deck/builder.go:175.2,175.19 1 3
github.com/klauer/clash-royale-api/go/pkg/deck/builder.go:175.19,178.3 2 0
github.com/klauer/clash-royale-api/go/pkg/deck/builder.go:181.2,196.28 4 3
github.com/klauer/clash-royale-api/go/pkg/deck/builder.go:196.28,199.23 3 24
github.com/klauer/clash-royale-api/go/pkg/deck/builder.go:199.23,201.4 1 24
github.com/klauer/clash-royale-api/go/pkg/deck/builder.go:202.3,210.4 1 24
github.com/klauer/clash-royale-api/go/pkg/deck/builder.go:214.2,217.44 2 3
github.com/klauer/clash-royale-api/go/pkg/deck/builder.go:217.44,220.3 2 0
github.com/klauer/clash-royale-api/go/pkg/deck/builder.go:222.2,222.28 1 3
github.com/klauer/clash-royale-api/go/pkg/deck/builder.go:226.87,228.16 2 1
github.com/klauer/clash-royale-api/go/pkg/deck/builder.go:228.16,230.3 1 0
github.com/klauer/clash-royale-api/go/pkg/deck/builder.go:231.2,231.43 1 1
github.com/klauer/clash-royale-api/go/pkg/deck/builder.go:235.76,237.16 2 1
github.com/klauer/clash-royale-api/go/pkg/deck/builder.go:237.16,239.3 1 0
github.com/klauer/clash-royale-api/go/pkg/deck/builder.go:241.2,242.56 2 1
github.com/klauer/clash-royale-api/go/pkg/deck/builder.go:242.56,244.3 1 0
github.com/klauer/clash-royale-api/go/pkg/deck/builder.go:246.2,246.23 1 1
github.com/klauer/clash-royale-api/go/pkg/deck/builder.go:250.99,251.23 1 0
github.com/klauer/clash-royale-api/go/pkg/deck/builder.go:251.23,253.3 1 0
github.com/klauer/clash-royale-api/go/pkg/deck/builder.go:255.2,255.56 1 0
github.com/klauer/clash-royale-api/go/pkg/deck/builder.go:255.56,257.3 1 0
github.com/klauer/clash-royale-api/go/pkg/deck/builder.go:259.2,263.16 4 0
github.com/klauer/clash-royale-api/go/pkg/deck/builder.go:263.16,265.3 1 0
github.com/klauer/clash-royale-api/go/pkg/deck/builder.go:267.2,267.23 1 0
github.com/klauer/clash-royale-api/go/pkg/deck/builder.go:267.23,269.3 1 0
github.com/klauer/clash-royale-api/go/pkg/deck/builder.go:272.2,272.42 1 0
github.com/klauer/clash-royale-api/go/pkg/deck/builder.go:272.42,276.3 3 0
github.com/klauer/clash-royale-api/go/pkg/deck/builder.go:278.2,278.35 1 0
github.com/klauer/clash-royale-api/go/pkg/deck/builder.go:282.110,283.21 1 1
github.com/klauer/clash-royale-api/go/pkg/deck/builder.go:283.21,285.3 1 0
github.com/klauer/clash-royale-api/go/pkg/deck/builder.go:287.2,287.53 1 1
github.com/klauer/clash-royale-api/go/pkg/deck/builder.go:287.53,289.3 1 0
github.com/klauer/clash-royale-api/go/pkg/deck/builder.go:291.2,297.16 6 1
github.com/klauer/clash-royale-api/go/pkg/deck/builder.go:297.16,299.3 1 0
github.com/klauer/clash-royale-api/go/pkg/deck/builder.go:301.2,301.55 1 1
github.com/klauer/clash-royale-api/go/pkg/deck/builder.go:301.55,303.3 1 0
github.com/klauer/clash-royale-api/go/pkg/deck/builder.go:305.2,305.18 1 1
github.com/klauer/clash-royale-api/go/pkg/deck/builder.go:310.89,313.37 2 3
github.com/klauer/clash-royale-api/go/pkg/deck/builder.go:313.37,316.3 2 25
github.com/klauer/clash-royale-api/go/pkg/deck/builder.go:318.2,318.19 1 3
github.com/klauer/clash-royale-api/go/pkg/deck/builder.go:321.82,324.19 3 25
github.com/klauer/clash-royale-api/go/pkg/deck/builder.go:324.19,326.3 1 0
github.com/klauer/clash-royale-api/go/pkg/deck/builder.go:327.2,328.18 2 25
github.com/klauer/clash-royale-api/go/pkg/deck/builder.go:328.18,330.3 1 0
github.com/klauer/clash-royale-api/go/pkg/deck/builder.go:332.2,340.28 6 25
github.com/klauer/clash-royale-api/go/pkg/deck/builder.go:340.28,342.3 1 0
github.com/klauer/clash-royale-api/go/pkg/deck/builder.go:345.2,346.18 2 25
github.com/klauer/clash-royale-api/go/pkg/deck/builder.go:346.18,351.3 3 0
github.com/klauer/clash-royale-api/go/pkg/deck/builder.go:351.8,354.3 1 25
github.com/klauer/clash-royale-api/go/pkg/deck/builder.go:356.2,368.3 1 25
github.com/klauer/clash-royale-api/go/pkg/deck/builder.go:371.70,372.21 1 28
github.com/klauer/clash-royale-api/go/pkg/deck/builder.go:372.21,374.3 1 26
github.com/klauer/clash-royale-api/go/pkg/deck/builder.go:375.2,375.54 1 2
github.com/klauer/clash-royale-api/go/pkg/deck/builder.go:375.54,377.3 1 1
github.com/klauer/clash-royale-api/go/pkg/deck/builder.go:378.2,378.10 1 1
github.com/klauer/clash-royale-api/go/pkg/deck/builder.go:381.52,382.40 1 28
github.com/klauer/clash-royale-api/go/pkg/deck/builder.go:382.40,383.34 1 117
github.com/klauer/clash-royale-api/go/pkg/deck/builder.go:383.34,384.24 1 684
github.com/klauer/clash-royale-api/go/pkg/deck/builder.go:384.24,386.5 1 27
github.com/klauer/clash-royale-api/go/pkg/deck/builder.go:389.2,389.12 1 1
github.com/klauer/clash-royale-api/go/pkg/deck/builder.go:392.137,395.22 3 27
github.com/klauer/clash-royale-api/go/pkg/deck/builder.go:395.22,397.3 1 0
github.com/klauer/clash-royale-api/go/pkg/deck/builder.go:400.2,403.17 3 27
github.com/klauer/clash-royale-api/go/pkg/deck/builder.go:403.17,405.3 1 0
github.com/klauer/clash-royale-api/go/pkg/deck/builder.go:408.2,410.94 2 27
github.com/klauer/clash-royale-api/go/pkg/deck/builder.go:416.102,418.57 1 27
github.com/klauer/clash-royale-api/go/pkg/deck/builder.go:418.57,420.3 1 27
github.com/klauer/clash-royale-api/go/pkg/deck/builder.go:422.2,429.48 5 0
github.com/klauer/clash-royale-api/go/pkg/deck/builder.go:434.60,435.17 1 25
github.com/klauer/clash-royale-api/go/pkg/deck/builder.go:435.17,437.3 1 0
github.com/klauer/clash-royale-api/go/pkg/deck/builder.go:439.2,448.52 2 25
github.com/klauer/clash-royale-api/go/pkg/deck/builder.go:448.52,450.3 1 25
github.com/klauer/clash-royale-api/go/pkg/deck/builder.go:451.2,451.12 1 0
github.com/klauer/clash-royale-api/go/pkg/deck/builder.go:456.72,459.28 2 3
github.com/klauer/clash-royale-api/go/pkg/deck/builder.go:459.28,460.24 1 24
github.com/klauer/clash-royale-api/go/pkg/deck/builder.go:460.24,462.4 1 0
github.com/klauer/clash-royale-api/go/pkg/deck/builder.go:466.2,466.42 1 3
github.com/klauer/clash-royale-api/go/pkg/deck/builder.go:466.42,468.32 2 3
github.com/klauer/clash-royale-api/go/pkg/deck/builder.go:468.32,470.4 1 0
github.com/klauer/clash-royale-api/go/pkg/deck/builder.go:471.3,471.15 1 3
github.com/klauer/clash-royale-api/go/pkg/deck/builder.go:475.2,475.42 1 0
github.com/klauer/clash-royale-api/go/pkg/deck/builder.go:475.42,476.67 1 0
github.com/klauer/clash-royale-api/go/pkg/deck/builder.go:476.67,478.4 1 0
github.com/klauer/clash-royale-api/go/pkg/deck/builder.go:479.3,479.45 1 0
github.com/klauer/clash-royale-api/go/pkg/deck/builder.go:483.2,484.44 2 0
github.com/klauer/clash-royale-api/go/pkg/deck/builder.go:484.44,486.3 1 0
github.com/klauer/clash-royale-api/go/pkg/deck/builder.go:487.2,487.14 1 0
github.com/klauer/clash-royale-api/go/pkg/deck/builder.go:490.109,492.13 2 14
github.com/klauer/clash-royale-api/go/pkg/deck/builder.go:492.13,494.3 1 0
github.com/klauer/clash-royale-api/go/pkg/deck/builder.go:496.2,497.39 2 14
github.com/klauer/clash-royale-api/go/pkg/deck/builder.go:497.39,498.69 1 108
github.com/klauer/clash-royale-api/go/pkg/deck/builder.go:498.69,500.4 1 15
github.com/klauer/clash-royale-api/go/pkg/deck/builder.go:503.2,503.20 1 14
github.com/klauer/clash-royale-api/go/pkg/deck/builder.go:503.20,505.3 1 0
github.com/klauer/clash-royale-api/go/pkg/deck/builder.go:508.2,508.39 1 14
github.com/klauer/clash-royale-api/go/pkg/deck/builder.go:508.39,510.3 1 1
github.com/klauer/clash-royale-api/go/pkg/deck/builder.go:512.2,512.16 1 14
github.com/klauer/clash-royale-api/go/pkg/deck/builder.go:515.122,517.13 2 6
github.com/klauer/clash-royale-api/go/pkg/deck/builder.go:517.13,519.3 1 0
github.com/klauer/clash-royale-api/go/pkg/deck/builder.go:521.2,522.39 2 6
github.com/klauer/clash-royale-api/go/pkg/deck/builder.go:522.39,523.69 1 50
github.com/klauer/clash-royale-api/go/pkg/deck/builder.go:523.69,525.4 1 13
github.com/klauer/clash-royale-api/go/pkg/deck/builder.go:528.2,528.39 1 6
github.com/klauer/clash-royale-api/go/pkg/deck/builder.go:528.39,530.3 1 8
github.com/klauer/clash-royale-api/go/pkg/deck/builder.go:532.2,532.23 1 6
github.com/klauer/clash-royale-api/go/pkg/deck/builder.go:532.23,534.3 1 0
github.com/klauer/clash-royale-api/go/pkg/deck/builder.go:536.2,536.21 1 6
github.com/klauer/clash-royale-api/go/pkg/deck/builder.go:539.119,541.39 2 0
github.com/klauer/clash-royale-api/go/pkg/deck/builder.go:541.39,542.28 1 0
github.com/klauer/clash-royale-api/go/pkg/deck/builder.go:542.28,544.4 1 0
github.com/klauer/clash-royale-api/go/pkg/deck/builder.go:547.2,547.39 1 0
github.com/klauer/clash-royale-api/go/pkg/deck/builder.go:547.39,549.3 1 0
github.com/klauer/clash-royale-api/go/pkg/deck/builder.go:551.2,551.23 1 0
github.com/klauer/clash-royale-api/go/pkg/deck/builder.go:551.23,553.3 1 0
github.com/klauer/clash-royale-api/go/pkg/deck/builder.go:555.2,555.21 1 0
github.com/klauer/clash-royale-api/go/pkg/deck/builder.go:558.69,559.20 1 3
github.com/klauer/clash-royale-api/go/pkg/deck/builder.go:559.20,561.3 1 0
github.com/klauer/clash-royale-api/go/pkg/deck/builder.go:563.2,564.28 2 3
github.com/klauer/clash-royale-api/go/pkg/deck/builder.go:564.28,566.3 1 24
github.com/klauer/clash-royale-api/go/pkg/deck/builder.go:568.2,568.56 1 3
github.com/klauer/clash-royale-api/go/pkg/deck/builder.go:571.73,575.49 3 3
github.com/klauer/clash-royale-api/go/pkg/deck/builder.go:575.49,576.40 1 24
github.com/klauer/clash-royale-api/go/pkg/deck/builder.go:576.40,578.4 1 3
github.com/klauer/clash-royale-api/go/pkg/deck/builder.go:579.3,579.79 1 24
github.com/klauer/clash-royale-api/go/pkg/deck/builder.go:579.79,581.4 1 6
github.com/klauer/clash-royale-api/go/pkg/deck/builder.go:584.2,584.18 1 3
github.com/klauer/clash-royale-api/go/pkg/deck/builder.go:584.18,586.3 1 0
github.com/klauer/clash-royale-api/go/pkg/deck/builder.go:587.2,587.15 1 3
github.com/klauer/clash-royale-api/go/pkg/deck/builder.go:587.15,589.3 1 0
github.com/klauer/clash-royale-api/go/pkg/deck/builder.go:590.2,590.36 1 3
github.com/klauer/clash-royale-api/go/pkg/deck/builder.go:590.36,592.3 1 0
github.com/klauer/clash-royale-api/go/pkg/deck/builder.go:592.8,592.43 1 3
github.com/klauer/clash-royale-api/go/pkg/deck/builder.go:592.43,594.3 1 0
github.com/klauer/clash-royale-api/go/pkg/deck/builder.go:599.62,600.26 1 109
github.com/klauer/clash-royale-api/go/pkg/deck/builder.go:600.26,601.16 1 620
github.com/klauer/clash-royale-api/go/pkg/deck/builder.go:601.16,603.4 1 28
github.com/klauer/clash-royale-api/go/pkg/deck/builder.go:605.2,605.14 1 81
github.com/klauer/clash-royale-api/go/pkg/deck/builder.go:608.40,610.2 1 3
github.com/klauer/clash-royale-api/go/pkg/deck/builder.go:612.42,614.2 1 24
github.com/klauer/clash-royale-api/go/pkg/deck/builder.go:617.82,619.16 2 0
github.com/klauer/clash-royale-api/go/pkg/deck/builder.go:619.16,621.3 1 0
github.com/klauer/clash-royale-api/go/pkg/deck/builder.go:623.2,624.62 2 0
github.com/klauer/clash-royale-api/go/pkg/deck/builder.go:624.62,626.3 1 0
github.com/klauer/clash-royale-api/go/pkg/deck/builder.go:628.2,628.29 1 0
github.com/klauer/clash-royale-api/go/pkg/deck/builder.go:633.57,635.29 2 0
github.com/klauer/clash-royale-api/go/pkg/deck/builder.go:635.29,637.21 2 0
github.com/klauer/clash-royale-api/go/pkg/deck/builder.go:637.21,639.4 1 0
github.com/klauer/clash-royale-api/go/pkg/deck/builder.go:645.52,646.15 1 0
github.com/klauer/clash-royale-api/go/pkg/deck/builder.go:646.15,648.3 1 0
github.com/klauer/clash-royale-api/go/pkg/deck/converter.go:12.87,15.58 2 0
github.com/klauer/clash-royale-api/go/pkg/deck/converter.go:15.58,22.3 1 0
github.com/klauer/clash-royale-api/go/pkg/deck/converter.go:24.2,27.3 1 0
github.com/klauer/clash-royale-api/go/pkg/deck/converter.go:32.113,35.2 2 0
github.com/klauer/clash-royale-api/go/pkg/deck/role_classifier.go:142.62,147.31 2 34
github.com/klauer/clash-royale-api/go/pkg/deck/role_classifier.go:147.31,150.3 2 6
github.com/klauer/clash-royale-api/go/pkg/deck/role_classifier.go:153.2,153.27 1 28
github.com/klauer/clash-royale-api/go/pkg/deck/role_classifier.go:153.27,156.3 2 4
github.com/klauer/clash-royale-api/go/pkg/deck/role_classifier.go:159.2,159.27 1 24
github.com/klauer/clash-royale-api/go/pkg/deck/role_classifier.go:159.27,162.3 2 4
github.com/klauer/clash-royale-api/go/pkg/deck/role_classifier.go:165.2,165.29 1 20
github.com/klauer/clash-royale-api/go/pkg/deck/role_classifier.go:165.29,168.3 2 4
github.com/klauer/clash-royale-api/go/pkg/deck/role_classifier.go:171.2,171.29 1 16
github.com/klauer/clash-royale-api/go/pkg/deck/role_classifier.go:171.29,174.3 2 5
github.com/klauer/clash-royale-api/go/pkg/deck/role_classifier.go:177.2,177.31 1 11
github.com/klauer/clash-royale-api/go/pkg/deck/role_classifier.go:177.31,180.3 2 5
github.com/klauer/clash-royale-api/go/pkg/deck/role_classifier.go:183.2,183.21 1 6
github.com/klauer/clash-royale-api/go/pkg/deck/role_classifier.go:183.21,186.3 2 2
github.com/klauer/clash-royale-api/go/pkg/deck/role_classifier.go:188.2,188.40 1 4
github.com/klauer/clash-royale-api/go/pkg/deck/role_classifier.go:188.40,191.3 2 2
github.com/klauer/clash-royale-api/go/pkg/deck/role_classifier.go:194.2,194.21 1 2
github.com/klauer/clash-royale-api/go/pkg/deck/role_classifier.go:194.21,197.3 2 2
github.com/klauer/clash-royale-api/go/pkg/deck/role_classifier.go:200.2,200.12 1 0
github.com/klauer/clash-royale-api/go/pkg/deck/role_classifier.go:204.64,208.2 3 6
github.com/klauer/clash-royale-api/go/pkg/deck/role_classifier.go:211.56,212.28 1 1
github.com/klauer/clash-royale-api/go/pkg/deck/role_classifier.go:212.28,214.3 1 5
github.com/klauer/clash-royale-api/go/pkg/deck/role_classifier.go:218.43,220.2 1 7
github.com/klauer/clash-royale-api/go/pkg/deck/role_classifier.go:223.39,225.2 1 5
github.com/klauer/clash-royale-api/go/pkg/deck/role_classifier.go:228.52,231.2 2 6
github.com/klauer/clash-royale-api/go/pkg/deck/role_classifier.go:234.56,237.2 2 0
github.com/klauer/clash-royale-api/go/pkg/deck/role_classifier.go:240.47,250.48 2 6
github.com/klauer/clash-royale-api/go/pkg/deck/role_classifier.go:250.48,252.3 1 6
github.com/klauer/clash-royale-api/go/pkg/deck/role_classifier.go:254.2,254.23 1 0
github.com/klauer/clash-royale-api/go/pkg/deck/role_classifier.go:258.62,261.39 2 5
github.com/klauer/clash-royale-api/go/pkg/deck/role_classifier.go:261.39,262.28 1 40
github.com/klauer/clash-royale-api/go/pkg/deck/role_classifier.go:262.28,264.4 1 40
github.com/klauer/clash-royale-api/go/pkg/deck/role_classifier.go:267.2,267.15 1 5
github.com/klauer/clash-royale-api/go/pkg/deck/role_classifier.go:272.56,276.34 2 4
github.com/klauer/clash-royale-api/go/pkg/deck/role_classifier.go:276.34,278.3 1 1
github.com/klauer/clash-royale-api/go/pkg/deck/role_classifier.go:281.2,281.33 1 3
github.com/klauer/clash-royale-api/go/pkg/deck/role_classifier.go:281.33,283.3 1 1
github.com/klauer/clash-royale-api/go/pkg/deck/role_classifier.go:286.2,287.21 2 2
github.com/klauer/clash-royale-api/go/pkg/deck/role_classifier.go:287.21,289.3 1 0
github.com/klauer/clash-royale-api/go/pkg/deck/role_classifier.go:292.2,292.27 1 2
github.com/klauer/clash-royale-api/go/pkg/deck/role_classifier.go:292.27,294.3 1 1
github.com/klauer/clash-royale-api/go/pkg/deck/role_classifier.go:296.2,296.13 1 1
github.com/klauer/clash-royale-api/go/pkg/deck/scorer.go:49.88,52.18 2 17
github.com/klauer/clash-royale-api/go/pkg/deck/scorer.go:52.18,54.3 1 16
github.com/klauer/clash-royale-api/go/pkg/deck/scorer.go:57.2,58.13 2 17
github.com/klauer/clash-royale-api/go/pkg/deck/scorer.go:58.13,60.3 1 1
github.com/klauer/clash-royale-api/go/pkg/deck/scorer.go:64.2,69.17 4 17
github.com/klauer/clash-royale-api/go/pkg/deck/scorer.go:69.17,71.3 1 14
github.com/klauer/clash-royale-api/go/pkg/deck/scorer.go:74.2,78.14 2 17
github.com/klauer/clash-royale-api/go/pkg/deck/scorer.go:82.59,92.2 3 1
github.com/klauer/clash-royale-api/go/pkg/deck/scorer.go:95.53,96.28 1 0
github.com/klauer/clash-royale-api/go/pkg/deck/scorer.go:96.28,98.3 1 0
github.com/klauer/clash-royale-api/go/pkg/deck/scorer.go:102.46,103.45 1 2
github.com/klauer/clash-royale-api/go/pkg/deck/scorer.go:103.45,105.3 1 8
github.com/klauer/clash-royale-api/go/pkg/deck/scorer.go:109.85,111.39 2 1
github.com/klauer/clash-royale-api/go/pkg/deck/scorer.go:111.39,112.34 1 4
github.com/klauer/clash-royale-api/go/pkg/deck/scorer.go:112.34,114.4 1 2
github.com/klauer/clash-royale-api/go/pkg/deck/scorer.go:116.2,116.17 1 1
github.com/klauer/clash-royale-api/go/pkg/deck/scorer.go:121.65,125.26 2 1
github.com/klauer/clash-royale-api/go/pkg/deck/scorer.go:125.26,127.3 1 0
github.com/klauer/clash-royale-api/go/pkg/deck/scorer.go:128.2,128.23 1 1
github.com/klauer/clash-royale-api/go/pkg/deck/scorer.go:132.78,134.39 2 1
github.com/klauer/clash-royale-api/go/pkg/deck/scorer.go:134.39,135.55 1 4
github.com/klauer/clash-royale-api/go/pkg/deck/scorer.go:135.55,137.4 1 2
github.com/klauer/clash-royale-api/go/pkg/deck/scorer.go:139.2,139.17 1 1
github.com/klauer/clash-royale-api/go/pkg/deck/scorer.go:143.96,145.39 2 1
github.com/klauer/clash-royale-api/go/pkg/deck/scorer.go:145.39,146.69 1 5
github.com/klauer/clash-royale-api/go/pkg/deck/scorer.go:146.69,148.4 1 3
github.com/klauer/clash-royale-api/go/pkg/deck/scorer.go:150.2,150.17 1 1
github.com/klauer/clash-royale-api/go/pkg/deck/scorer.go:154.80,156.39 2 0
github.com/klauer/clash-royale-api/go/pkg/deck/scorer.go:156.39,157.33 1 0
github.com/klauer/clash-royale-api/go/pkg/deck/scorer.go:157.33,159.4 1 0
github.com/klauer/clash-royale-api/go/pkg/deck/scorer.go:161.2,161.17 1 0
github.com/klauer/clash-royale-api/go/pkg/deck/scorer.go:165.86,167.36 2 1
github.com/klauer/clash-royale-api/go/pkg/deck/scorer.go:167.36,169.3 1 2
github.com/klauer/clash-royale-api/go/pkg/deck/scorer.go:171.2,172.39 2 1
github.com/klauer/clash-royale-api/go/pkg/deck/scorer.go:172.39,173.34 1 4
github.com/klauer/clash-royale-api/go/pkg/deck/scorer.go:173.34,175.4 1 2
github.com/klauer/clash-royale-api/go/pkg/deck/scorer.go:177.2,177.17 1 1
github.com/klauer/clash-royale-api/go/pkg/deck/scorer.go:181.61,182.26 1 2
github.com/klauer/clash-royale-api/go/pkg/deck/scorer.go:182.26,184.3 1 1
github.com/klauer/clash-royale-api/go/pkg/deck/scorer.go:186.2,187.39 2 1
github.com/klauer/clash-royale-api/go/pkg/deck/scorer.go:187.39,189.3 1 4
github.com/klauer/clash-royale-api/go/pkg/deck/scorer.go:191.2,191.50 1 1
github.com/klauer/clash-royale-api/go/pkg/deck/scorer.go:195.67,197.39 2 0
github.com/klauer/clash-royale-api/go/pkg/deck/scorer.go:197.39,199.3 1 0
github.com/klauer/clash-royale-api/go/pkg/deck/scorer.go:200.2,200.21 1 0
github.com/klauer/clash-royale-api/go/pkg/deck/scorer.go:204.71,206.39 2 0
github.com/klauer/clash-royale-api/go/pkg/deck/scorer.go:206.39,208.3 1 0
github.com/klauer/clash-royale-api/go/pkg/deck/scorer.go:209.2,209.21 1 0
github.com/klauer/clash-royale-api/go/pkg/deck/scorer.go:213.32,214.68 1 13
github.com/klauer/clash-royale-api/go/pkg/deck/scorer.go:214.68,215.67 1 6
github.com/klauer/clash-royale-api/go/pkg/deck/scorer.go:215.67,217.18 1 5
github.com/klauer/clash-royale-api/go/pkg/deck/scorer.go:217.18,219.5 1 1
github.com/klauer/clash-royale-api/go/pkg/deck/scorer.go:220.4,220.18 1 4
github.com/klauer/clash-royale-api/go/pkg/deck/scorer.go:220.18,222.5 1 1
github.com/klauer/clash-royale-api/go/pkg/deck/scorer.go:223.4,223.17 1 3
github.com/klauer/clash-royale-api/go/pkg/deck/scorer.go:226.2,226.28 1 8
github.com/klauer/clash-royale-api/go/pkg/deck/scorer.go:230.42,231.17 1 4
github.com/klauer/clash-royale-api/go/pkg/deck/scorer.go:231.17,233.3 1 0
github.com/klauer/clash-royale-api/go/pkg/deck/scorer.go:234.2,234.15 1 4
github.com/klauer/clash-royale-api/go/pkg/deck/scorer.go:235.24,236.24 1 2
github.com/klauer/clash-royale-api/go/pkg/deck/scorer.go:237.20,238.20 1 0
github.com/klauer/clash-royale-api/go/pkg/deck/scorer.go:239.19,240.19 1 1
github.com/klauer/clash-royale-api/go/pkg/deck/scorer.go:241.20,242.17 1 0
github.com/klauer/clash-royale-api/go/pkg/deck/scorer.go:243.22,244.17 1 0
github.com/klauer/clash-royale-api/go/pkg/deck/scorer.go:245.17,246.17 1 1
github.com/klauer/clash-royale-api/go/pkg/deck/scorer.go:247.10,248.12 1 0
github.com/klauer/clash-royale-api/go/pkg/deck/scorer.go:253.92,254.18 1 4
github.com/klauer/clash-royale-api/go/pkg/deck/scorer.go:254.18,256.3 1 0
github.com/klauer/clash-royale-api/go/pkg/deck/scorer.go:259.2,273.46 7 4
github.com/klauer/clash-royale-api/go/pkg/deck/scorer.go:278.130,285.39 3 7
github.com/klauer/clash-royale-api/go/pkg/deck/scorer.go:285.39,288.3 1 3
github.com/klauer/clash-royale-api/go/pkg/deck/scorer.go:291.2,298.19 4 4
github.com/klauer/clash-royale-api/go/pkg/deck/scorer.go:303.69,314.2 3 4
github.com/klauer/clash-royale-api/go/pkg/deck/scorer.go:317.63,318.28 1 1
github.com/klauer/clash-royale-api/go/pkg/deck/scorer.go:318.28,320.3 1 3
github.com/klauer/clash-royale-api/go/pkg/deck/types.go:33.36,35.2 1 0
github.com/klauer/clash-royale-api/go/pkg/deck/types.go:54.47,55.22 1 0
github.com/klauer/clash-royale-api/go/pkg/deck/types.go:55.22,57.3 1 0
github.com/klauer/clash-royale-api/go/pkg/deck/types.go:58.2,58.49 1 0
github.com/klauer/clash-royale-api/go/pkg/deck/types.go:62.41,64.2 1 0
github.com/klauer/clash-royale-api/go/pkg/deck/types.go:88.60,89.29 1 0
github.com/klauer/clash-royale-api/go/pkg/deck/types.go:89.29,91.3 1 0
github.com/klauer/clash-royale-api/go/pkg/deck/types.go:93.2,94.37 2 0
github.com/klauer/clash-royale-api/go/pkg/deck/types.go:94.37,96.3 1 0
github.com/klauer/clash-royale-api/go/pkg/deck/types.go:98.2,98.53 1 0
github.com/klauer/clash-royale-api/go/pkg/deck/types.go:102.52,104.2 1 0
github.com/klauer/clash-royale-api/go/pkg/deck/types.go:107.48,108.23 1 0
github.com/klauer/clash-royale-api/go/pkg/deck/types.go:108.23,110.3 1 0
github.com/klauer/clash-royale-api/go/pkg/deck/types.go:112.2,112.29 1 0
github.com/klauer/clash-royale-api/go/pkg/deck/types.go:112.29,114.3 1 0
github.com/klauer/clash-royale-api/go/pkg/deck/types.go:116.2,116.43 1 0
github.com/klauer/clash-royale-api/go/pkg/deck/types.go:116.43,118.3 1 0
github.com/klauer/clash-royale-api/go/pkg/deck/types.go:120.2,120.12 1 0
github.com/klauer/clash-royale-api/go/pkg/deck/types.go:137.36,139.2 1 0
github.com/klauer/clash-royale-api/go/pkg/analysis/card_analyzer.go:13.104,14.19 1 8
github.com/klauer/clash-royale-api/go/pkg/analysis/card_analyzer.go:14.19,16.3 1 1
github.com/klauer/clash-royale-api/go/pkg/analysis/card_analyzer.go:19.2,46.46 8 7
github.com/klauer/clash-royale-api/go/pkg/analysis/card_analyzer.go:46.46,47.22 1 21
github.com/klauer/clash-royale-api/go/pkg/analysis/card_analyzer.go:47.22,49.4 1 2
github.com/klauer/clash-royale-api/go/pkg/analysis/card_analyzer.go:53.2,56.44 2 7
github.com/klauer/clash-royale-api/go/pkg/analysis/card_analyzer.go:56.44,58.3 1 0
github.com/klauer/clash-royale-api/go/pkg/analysis/card_analyzer.go:60.2,60.22 1 7
github.com/klauer/clash-royale-api/go/pkg/analysis/card_analyzer.go:64.73,66.29 2 7
github.com/klauer/clash-royale-api/go/pkg/analysis/card_analyzer.go:66.29,69.3 2 25
github.com/klauer/clash-royale-api/go/pkg/analysis/card_analyzer.go:70.2,70.14 1 7
github.com/klauer/clash-royale-api/go/pkg/analysis/card_analyzer.go:74.71,76.29 2 7
github.com/klauer/clash-royale-api/go/pkg/analysis/card_analyzer.go:76.29,89.3 1 21
github.com/klauer/clash-royale-api/go/pkg/analysis/card_analyzer.go:90.2,90.19 1 7
github.com/klauer/clash-royale-api/go/pkg/analysis/card_analyzer.go:94.75,97.29 2 7
github.com/klauer/clash-royale-api/go/pkg/analysis/card_analyzer.go:97.29,99.3 1 21
github.com/klauer/clash-royale-api/go/pkg/analysis/card_analyzer.go:101.2,102.42 2 7
github.com/klauer/clash-royale-api/go/pkg/analysis/card_analyzer.go:102.42,109.30 6 17
github.com/klauer/clash-royale-api/go/pkg/analysis/card_analyzer.go:109.30,113.23 3 21
github.com/klauer/clash-royale-api/go/pkg/analysis/card_analyzer.go:113.23,115.5 1 2
github.com/klauer/clash-royale-api/go/pkg/analysis/card_analyzer.go:118.4,118.44 1 21
github.com/klauer/clash-royale-api/go/pkg/analysis/card_analyzer.go:118.44,120.5 1 8
github.com/klauer/clash-royale-api/go/pkg/analysis/card_analyzer.go:123.4,123.26 1 21
github.com/klauer/clash-royale-api/go/pkg/analysis/card_analyzer.go:123.26,125.5 1 9
github.com/klauer/clash-royale-api/go/pkg/analysis/card_analyzer.go:128.3,138.4 2 17
github.com/klauer/clash-royale-api/go/pkg/analysis/card_analyzer.go:141.2,141.18 1 7
github.com/klauer/clash-royale-api/go/pkg/analysis/card_analyzer.go:145.96,148.29 2 7
github.com/klauer/clash-royale-api/go/pkg/analysis/card_analyzer.go:148.29,149.50 1 21
github.com/klauer/clash-royale-api/go/pkg/analysis/card_analyzer.go:149.50,150.12 1 0
github.com/klauer/clash-royale-api/go/pkg/analysis/card_analyzer.go:152.3,152.46 1 21
github.com/klauer/clash-royale-api/go/pkg/analysis/card_analyzer.go:156.2,160.37 3 7
github.com/klauer/clash-royale-api/go/pkg/analysis/card_analyzer.go:160.37,173.10 2 14
github.com/klauer/clash-royale-api/go/pkg/analysis/card_analyzer.go:174.39,175.30 1 8
github.com/klauer/clash-royale-api/go/pkg/analysis/card_analyzer.go:176.39,177.32 1 1
github.com/klauer/clash-royale-api/go/pkg/analysis/card_analyzer.go:178.11,179.29 1 5
github.com/klauer/clash-royale-api/go/pkg/analysis/card_analyzer.go:183.3,183.86 1 14
github.com/klauer/clash-royale-api/go/pkg/analysis/card_analyzer.go:183.86,184.12 1 0
github.com/klauer/clash-royale-api/go/pkg/analysis/card_analyzer.go:188.3,188.52 1 14
github.com/klauer/clash-royale-api/go/pkg/analysis/card_analyzer.go:188.52,189.12 1 0
github.com/klauer/clash-royale-api/go/pkg/analysis/card_analyzer.go:192.3,192.44 1 14
github.com/klauer/clash-royale-api/go/pkg/analysis/card_analyzer.go:195.2,195.19 1 7
github.com/klauer/clash-royale-api/go/pkg/analysis/card_analyzer.go:199.58,202.24 2 14
github.com/klauer/clash-royale-api/go/pkg/analysis/card_analyzer.go:202.24,204.3 1 8
github.com/klauer/clash-royale-api/go/pkg/analysis/card_analyzer.go:206.2,206.34 1 14
github.com/klauer/clash-royale-api/go/pkg/analysis/card_analyzer.go:206.34,208.3 1 8
github.com/klauer/clash-royale-api/go/pkg/analysis/card_analyzer.go:208.8,208.41 1 6
github.com/klauer/clash-royale-api/go/pkg/analysis/card_analyzer.go:208.41,210.3 1 0
github.com/klauer/clash-royale-api/go/pkg/analysis/card_analyzer.go:212.2,212.61 1 14
github.com/klauer/clash-royale-api/go/pkg/analysis/card_analyzer.go:212.61,214.3 1 4
github.com/klauer/clash-royale-api/go/pkg/analysis/card_analyzer.go:216.2,216.29 1 14
[...]
github.com/klauer/clash-royale-api/go/internal/exporter/csv/battle.go:213.25,215.4 1 0
github.com/klauer/clash-royale-api/go/internal/exporter/csv/battle.go:216.3,216.27 1 0
github.com/klauer/clash-royale-api/go/internal/exporter/csv/battle.go:216.27,218.4 1 0
github.com/klauer/clash-royale-api/go/internal/exporter/csv/battle.go:221.3,222.63 2 0
github.com/klauer/clash-royale-api/go/internal/exporter/csv/battle.go:222.63,224.4 1 0
github.com/klauer/clash-royale-api/go/internal/exporter/csv/battle.go:225.3,225.84 1 0
github.com/klauer/clash-royale-api/go/internal/exporter/csv/battle.go:225.84,227.4 1 0
github.com/klauer/clash-royale-api/go/internal/exporter/csv/battle.go:230.3,230.32 1 0
github.com/klauer/clash-royale-api/go/internal/exporter/csv/battle.go:230.32,232.4 1 0
github.com/klauer/clash-royale-api/go/internal/exporter/csv/battle.go:232.9,232.34 1 0
github.com/klauer/clash-royale-api/go/internal/exporter/csv/battle.go:232.34,234.4 1 0
github.com/klauer/clash-royale-api/go/internal/exporter/csv/battle.go:234.9,234.41 1 0
github.com/klauer/clash-royale-api/go/internal/exporter/csv/battle.go:234.41,236.4 1 0
github.com/klauer/clash-royale-api/go/internal/exporter/csv/battle.go:240.2,241.22 2 0
github.com/klauer/clash-royale-api/go/internal/exporter/csv/battle.go:241.22,243.3 1 0
github.com/klauer/clash-royale-api/go/internal/exporter/csv/battle.go:245.2,246.22 2 0
github.com/klauer/clash-royale-api/go/internal/exporter/csv/battle.go:246.22,248.3 1 0
github.com/klauer/clash-royale-api/go/internal/exporter/csv/battle.go:250.2,251.22 2 0
github.com/klauer/clash-royale-api/go/internal/exporter/csv/battle.go:251.22,253.3 1 0
github.com/klauer/clash-royale-api/go/internal/exporter/csv/battle.go:256.2,285.66 5 0
github.com/klauer/clash-royale-api/go/internal/exporter/csv/cards.go:11.38,17.2 1 4
github.com/klauer/clash-royale-api/go/internal/exporter/csv/cards.go:20.30,31.2 1 3
github.com/klauer/clash-royale-api/go/internal/exporter/csv/cards.go:34.58,36.9 2 3
github.com/klauer/clash-royale-api/go/internal/exporter/csv/cards.go:36.9,38.3 1 1
github.com/klauer/clash-royale-api/go/internal/exporter/csv/cards.go:41.2,42.29 2 2
github.com/klauer/clash-royale-api/go/internal/exporter/csv/cards.go:42.29,54.3 2 2
github.com/klauer/clash-royale-api/go/internal/exporter/csv/cards.go:57.2,59.58 3 2
github.com/klauer/clash-royale-api/go/internal/exporter/csv/events.go:11.42,17.2 1 0
github.com/klauer/clash-royale-api/go/internal/exporter/csv/events.go:20.34,42.2 1 0
github.com/klauer/clash-royale-api/go/internal/exporter/csv/events.go:45.62,47.9 2 0
github.com/klauer/clash-royale-api/go/internal/exporter/csv/events.go:47.9,49.3 1 0
github.com/klauer/clash-royale-api/go/internal/exporter/csv/events.go:52.2,54.40 2 0
github.com/klauer/clash-royale-api/go/internal/exporter/csv/events.go:54.40,57.40 2 0
github.com/klauer/clash-royale-api/go/internal/exporter/csv/events.go:57.40,59.4 1 0
github.com/klauer/clash-royale-api/go/internal/exporter/csv/events.go:62.3,63.26 2 0
github.com/klauer/clash-royale-api/go/internal/exporter/csv/events.go:63.26,65.4 1 0
github.com/klauer/clash-royale-api/go/internal/exporter/csv/events.go:68.3,69.38 2 0
github.com/klauer/clash-royale-api/go/internal/exporter/csv/events.go:69.38,71.4 1 0
github.com/klauer/clash-royale-api/go/internal/exporter/csv/events.go:73.3,94.27 2 0
github.com/klauer/clash-royale-api/go/internal/exporter/csv/events.go:98.2,100.62 3 0
github.com/klauer/clash-royale-api/go/internal/exporter/csv/events.go:104.45,110.2 1 0
github.com/klauer/clash-royale-api/go/internal/exporter/csv/events.go:113.37,126.2 1 0
github.com/klauer/clash-royale-api/go/internal/exporter/csv/events.go:129.65,131.9 2 0
github.com/klauer/clash-royale-api/go/internal/exporter/csv/events.go:131.9,133.3 1 0
github.com/klauer/clash-royale-api/go/internal/exporter/csv/events.go:136.2,138.40 2 0
github.com/klauer/clash-royale-api/go/internal/exporter/csv/events.go:138.40,139.39 1 0
github.com/klauer/clash-royale-api/go/internal/exporter/csv/events.go:139.39,142.34 2 0
github.com/klauer/clash-royale-api/go/internal/exporter/csv/events.go:142.34,144.5 1 0
github.com/klauer/clash-royale-api/go/internal/exporter/csv/events.go:146.4,158.28 2 0
github.com/klauer/clash-royale-api/go/internal/exporter/csv/events.go:163.2,165.65 3 0
github.com/klauer/clash-royale-api/go/internal/exporter/csv/exporter.go:16.91,18.66 1 14
github.com/klauer/clash-royale-api/go/internal/exporter/csv/exporter.go:18.66,20.3 1 2
github.com/klauer/clash-royale-api/go/internal/exporter/csv/exporter.go:23.2,24.16 2 12
github.com/klauer/clash-royale-api/go/internal/exporter/csv/exporter.go:24.16,26.3 1 0
github.com/klauer/clash-royale-api/go/internal/exporter/csv/exporter.go:27.2,34.46 4 12
github.com/klauer/clash-royale-api/go/internal/exporter/csv/exporter.go:34.46,36.3 1 0
github.com/klauer/clash-royale-api/go/internal/exporter/csv/exporter.go:39.2,39.27 1 12
github.com/klauer/clash-royale-api/go/internal/exporter/csv/exporter.go:39.27,40.43 1 10012
github.com/klauer/clash-royale-api/go/internal/exporter/csv/exporter.go:40.43,42.4 1 0
github.com/klauer/clash-royale-api/go/internal/exporter/csv/exporter.go:45.2,45.12 1 12
github.com/klauer/clash-royale-api/go/internal/exporter/csv/exporter.go:57.70,59.2 1 9
github.com/klauer/clash-royale-api/go/internal/exporter/csv/exporter.go:62.120,68.29 1 13
github.com/klauer/clash-royale-api/go/internal/exporter/csv/exporter.go:68.29,68.48 1 4
github.com/klauer/clash-royale-api/go/internal/exporter/csv/player.go:11.39,17.2 1 4
github.com/klauer/clash-royale-api/go/internal/exporter/csv/player.go:20.31,64.2 1 3
github.com/klauer/clash-royale-api/go/internal/exporter/csv/player.go:67.59,69.9 2 3
github.com/klauer/clash-royale-api/go/internal/exporter/csv/player.go:69.9,71.3 1 1
github.com/klauer/clash-royale-api/go/internal/exporter/csv/player.go:74.2,75.28 2 2
github.com/klauer/clash-royale-api/go/internal/exporter/csv/player.go:75.28,77.3 1 2
github.com/klauer/clash-royale-api/go/internal/exporter/csv/player.go:79.2,80.28 2 2
github.com/klauer/clash-royale-api/go/internal/exporter/csv/player.go:80.28,82.3 1 2
github.com/klauer/clash-royale-api/go/internal/exporter/csv/player.go:85.2,86.27 2 2
github.com/klauer/clash-royale-api/go/internal/exporter/csv/player.go:86.27,88.37 2 0
github.com/klauer/clash-royale-api/go/internal/exporter/csv/player.go:88.37,90.4 1 0
github.com/klauer/clash-royale-api/go/internal/exporter/csv/player.go:91.3,91.49 1 0
github.com/klauer/clash-royale-api/go/internal/exporter/csv/player.go:95.2,96.33 2 2
github.com/klauer/clash-royale-api/go/internal/exporter/csv/player.go:96.33,98.43 2 0
github.com/klauer/clash-royale-api/go/internal/exporter/csv/player.go:98.43,100.4 1 0
github.com/klauer/clash-royale-api/go/internal/exporter/csv/player.go:101.3,101.45 1 0
github.com/klauer/clash-royale-api/go/internal/exporter/csv/player.go:105.2,129.18 1 2
github.com/klauer/clash-royale-api/go/internal/exporter/csv/player.go:129.18,130.27 1 2
github.com/klauer/clash-royale-api/go/internal/exporter/csv/player.go:130.27,132.6 1 1
github.com/klauer/clash-royale-api/go/internal/exporter/csv/player.go:133.5,133.14 1 1
github.com/klauer/clash-royale-api/go/internal/exporter/csv/player.go:135.18,136.27 1 2
github.com/klauer/clash-royale-api/go/internal/exporter/csv/player.go:136.27,138.6 1 1
github.com/klauer/clash-royale-api/go/internal/exporter/csv/player.go:139.5,139.14 1 1
github.com/klauer/clash-royale-api/go/internal/exporter/csv/player.go:141.18,142.27 1 2
github.com/klauer/clash-royale-api/go/internal/exporter/csv/player.go:142.27,144.6 1 1
github.com/klauer/clash-royale-api/go/internal/exporter/csv/player.go:145.5,145.14 1 1
github.com/klauer/clash-royale-api/go/internal/exporter/csv/player.go:147.18,148.27 1 2
github.com/klauer/clash-royale-api/go/internal/exporter/csv/player.go:148.27,150.6 1 1
github.com/klauer/clash-royale-api/go/internal/exporter/csv/player.go:151.5,151.14 1 1
github.com/klauer/clash-royale-api/go/internal/exporter/csv/player.go:153.18,154.27 1 2
github.com/klauer/clash-royale-api/go/internal/exporter/csv/player.go:154.27,156.6 1 1
github.com/klauer/clash-royale-api/go/internal/exporter/csv/player.go:157.5,157.14 1 1
github.com/klauer/clash-royale-api/go/internal/exporter/csv/player.go:159.18,160.27 1 2
github.com/klauer/clash-royale-api/go/internal/exporter/csv/player.go:160.27,162.6 1 1
github.com/klauer/clash-royale-api/go/internal/exporter/csv/player.go:163.5,163.14 1 1
github.com/klauer/clash-royale-api/go/internal/exporter/csv/player.go:165.18,166.27 1 2
github.com/klauer/clash-royale-api/go/internal/exporter/csv/player.go:166.27,168.6 1 1
github.com/klauer/clash-royale-api/go/internal/exporter/csv/player.go:169.5,169.14 1 1
github.com/klauer/clash-royale-api/go/internal/exporter/csv/player.go:171.18,172.27 1 2
github.com/klauer/clash-royale-api/go/internal/exporter/csv/player.go:172.27,174.6 1 1
github.com/klauer/clash-royale-api/go/internal/exporter/csv/player.go:175.5,175.14 1 1
github.com/klauer/clash-royale-api/go/internal/exporter/csv/player.go:192.2,194.59 3 2
github.com/klauer/clash-royale-api/go/internal/exporter/csv/player.go:198.44,204.2 1 2
github.com/klauer/clash-royale-api/go/internal/exporter/csv/player.go:207.36,221.2 1 2
github.com/klauer/clash-royale-api/go/internal/exporter/csv/player.go:224.64,226.9 2 1
github.com/klauer/clash-royale-api/go/internal/exporter/csv/player.go:226.9,228.3 1 0
github.com/klauer/clash-royale-api/go/internal/exporter/csv/player.go:231.2,233.36 2 1
github.com/klauer/clash-royale-api/go/internal/exporter/csv/player.go:233.36,248.3 2 2
github.com/klauer/clash-royale-api/go/internal/exporter/csv/player.go:251.2,253.64 3 1
github.com/klauer/clash-royale-api/go/internal/exporter/exporter.go:27.28,31.2 1 0
github.com/klauer/clash-royale-api/go/internal/exporter/exporter.go:34.62,38.44 3 0
github.com/klauer/clash-royale-api/go/internal/exporter/exporter.go:38.44,39.76 1 0
github.com/klauer/clash-royale-api/go/internal/exporter/exporter.go:42.2,42.30 1 0
github.com/klauer/clash-royale-api/go/internal/exporter/exporter.go:46.56,51.13 4 0
github.com/klauer/clash-royale-api/go/internal/exporter/exporter.go:51.13,53.3 1 0
github.com/klauer/clash-royale-api/go/internal/exporter/exporter.go:55.2,55.22 1 0
github.com/klauer/clash-royale-api/go/internal/exporter/exporter.go:59.81,61.16 2 0
github.com/klauer/clash-royale-api/go/internal/exporter/exporter.go:61.16,63.3 1 0
github.com/klauer/clash-royale-api/go/internal/exporter/exporter.go:65.2,65.39 1 0
github.com/klauer/clash-royale-api/go/internal/exporter/exporter.go:69.42,74.32 4 0
github.com/klauer/clash-royale-api/go/internal/exporter/exporter.go:74.32,76.3 1 0
github.com/klauer/clash-royale-api/go/internal/exporter/exporter.go:78.2,78.16 1 0
github.com/klauer/clash-royale-api/go/cmd/deckbuilder/main.go:11.13,18.16 6 0
github.com/klauer/clash-royale-api/go/cmd/deckbuilder/main.go:18.16,20.3 1 0
github.com/klauer/clash-royale-api/go/cmd/deckbuilder/main.go:22.2,29.25 3 0
github.com/klauer/clash-royale-api/go/cmd/deckbuilder/main.go:29.25,31.17 2 0
github.com/klauer/clash-royale-api/go/cmd/deckbuilder/main.go:31.17,33.4 1 0
github.com/klauer/clash-royale-api/go/cmd/deckbuilder/main.go:34.8,36.17 2 0
github.com/klauer/clash-royale-api/go/cmd/deckbuilder/main.go:36.17,38.4 1 0
github.com/klauer/clash-royale-api/go/cmd/deckbuilder/main.go:41.2,42.16 2 0
github.com/klauer/clash-royale-api/go/cmd/deckbuilder/main.go:42.16,44.3 1 0
github.com/klauer/clash-royale-api/go/cmd/deckbuilder/main.go:46.2,46.66 1 0
github.com/klauer/clash-royale-api/go/cmd/deckbuilder/main.go:46.66,48.3 1 0
github.com/klauer/clash-royale-api/go/cmd/deckbuilder/main.go:48.8,50.3 1 0
github.com/klauer/clash-royale-api/go/cmd/deckbuilder/main.go:52.2,54.42 3 0
github.com/klauer/clash-royale-api/go/cmd/deckbuilder/main.go:54.42,57.3 1 0
github.com/klauer/clash-royale-api/go/cmd/deckbuilder/main.go:59.2,60.28 2 0
github.com/klauer/clash-royale-api/go/cmd/deckbuilder/main.go:60.28,62.38 2 0
github.com/klauer/clash-royale-api/go/cmd/deckbuilder/main.go:62.38,64.4 1 0
github.com/klauer/clash-royale-api/go/pkg/mulligan/cards.go:4.51,439.2 1 0
github.com/klauer/clash-royale-api/go/pkg/mulligan/generator.go:24.32,28.2 1 0
github.com/klauer/clash-royale-api/go/pkg/mulligan/generator.go:31.96,57.2 6 0
github.com/klauer/clash-royale-api/go/pkg/mulligan/generator.go:60.66,65.37 4 0
github.com/klauer/clash-royale-api/go/pkg/mulligan/generator.go:65.37,67.14 2 0
github.com/klauer/clash-royale-api/go/pkg/mulligan/generator.go:67.14,76.4 1 0
github.com/klauer/clash-royale-api/go/pkg/mulligan/generator.go:78.3,90.24 4 0
github.com/klauer/clash-royale-api/go/pkg/mulligan/generator.go:91.25,92.51 1 0
github.com/klauer/clash-royale-api/go/pkg/mulligan/generator.go:93.36,95.35 2 0
github.com/klauer/clash-royale-api/go/pkg/mulligan/generator.go:95.35,97.5 1 0
github.com/klauer/clash-royale-api/go/pkg/mulligan/generator.go:98.18,99.45 1 0
github.com/klauer/clash-royale-api/go/pkg/mulligan/generator.go:100.18,101.37 1 0
github.com/klauer/clash-royale-api/go/pkg/mulligan/generator.go:105.2,118.3 3 0
github.com/klauer/clash-royale-api/go/pkg/mulligan/generator.go:122.119,129.41 5 0
github.com/klauer/clash-royale-api/go/pkg/mulligan/generator.go:129.41,130.40 1 0
github.com/klauer/clash-royale-api/go/pkg/mulligan/generator.go:130.40,133.63 1 0
github.com/klauer/clash-royale-api/go/pkg/mulligan/generator.go:133.63,135.5 1 0
github.com/klauer/clash-royale-api/go/pkg/mulligan/generator.go:140.2,140.40 1 0
github.com/klauer/clash-royale-api/go/pkg/mulligan/generator.go:140.40,142.3 1 0
github.com/klauer/clash-royale-api/go/pkg/mulligan/generator.go:145.2,145.21 1 0
github.com/klauer/clash-royale-api/go/pkg/mulligan/generator.go:145.21,147.3 1 0
github.com/klauer/clash-royale-api/go/pkg/mulligan/generator.go:150.2,150.19 1 0
github.com/klauer/clash-royale-api/go/pkg/mulligan/generator.go:150.19,152.33 1 0
github.com/klauer/clash-royale-api/go/pkg/mulligan/generator.go:152.33,154.56 1 0
github.com/klauer/clash-royale-api/go/pkg/mulligan/generator.go:154.56,156.5 1 0
github.com/klauer/clash-royale-api/go/pkg/mulligan/generator.go:158.3,158.26 1 0
github.com/klauer/clash-royale-api/go/pkg/mulligan/generator.go:162.2,162.62 1 0
github.com/klauer/clash-royale-api/go/pkg/mulligan/generator.go:162.62,163.40 1 0
github.com/klauer/clash-royale-api/go/pkg/mulligan/generator.go:163.40,165.62 1 0
github.com/klauer/clash-royale-api/go/pkg/mulligan/generator.go:165.62,167.5 1 0
github.com/klauer/clash-royale-api/go/pkg/mulligan/generator.go:172.2,172.26 1 0
github.com/klauer/clash-royale-api/go/pkg/mulligan/generator.go:176.72,179.28 2 0
github.com/klauer/clash-royale-api/go/pkg/mulligan/generator.go:180.25,186.4 1 0
github.com/klauer/clash-royale-api/go/pkg/mulligan/generator.go:187.22,193.4 1 0
github.com/klauer/clash-royale-api/go/pkg/mulligan/generator.go:194.24,200.4 1 0
github.com/klauer/clash-royale-api/go/pkg/mulligan/generator.go:201.22,207.4 1 0
github.com/klauer/clash-royale-api/go/pkg/mulligan/generator.go:208.27,214.4 1 0
github.com/klauer/clash-royale-api/go/pkg/mulligan/generator.go:215.10,221.4 1 0
github.com/klauer/clash-royale-api/go/pkg/mulligan/generator.go:224.2,224.19 1 0
github.com/klauer/clash-royale-api/go/pkg/mulligan/generator.go:228.71,281.2 2 0
github.com/klauer/clash-royale-api/go/pkg/mulligan/generator.go:284.70,285.37 1 0
github.com/klauer/clash-royale-api/go/pkg/mulligan/generator.go:285.37,287.3 1 0
github.com/klauer/clash-royale-api/go/pkg/mulligan/generator.go:288.2,288.34 1 0
github.com/klauer/clash-royale-api/go/pkg/mulligan/generator.go:288.34,290.3 1 0
github.com/klauer/clash-royale-api/go/pkg/mulligan/generator.go:291.2,291.38 1 0
github.com/klauer/clash-royale-api/go/pkg/mulligan/generator.go:294.67,295.33 1 0
github.com/klauer/clash-royale-api/go/pkg/mulligan/generator.go:295.33,297.3 1 0
github.com/klauer/clash-royale-api/go/pkg/mulligan/generator.go:298.2,298.34 1 0
github.com/klauer/clash-royale-api/go/pkg/mulligan/generator.go:298.34,300.3 1 0
github.com/klauer/clash-royale-api/go/pkg/mulligan/generator.go:301.2,301.42 1 0
github.com/klauer/clash-royale-api/go/pkg/mulligan/generator.go:304.72,305.38 1 0
github.com/klauer/clash-royale-api/go/pkg/mulligan/generator.go:305.38,307.3 1 0
github.com/klauer/clash-royale-api/go/pkg/mulligan/generator.go:308.2,308.34 1 0
github.com/klauer/clash-royale-api/go/pkg/mulligan/generator.go:308.34,310.3 1 0
github.com/klauer/clash-royale-api/go/pkg/mulligan/generator.go:311.2,311.31 1 0
github.com/klauer/clash-royale-api/go/pkg/mulligan/generator.go:314.67,315.37 1 0
github.com/klauer/clash-royale-api/go/pkg/mulligan/generator.go:315.37,317.3 1 0
github.com/klauer/clash-royale-api/go/pkg/mulligan/generator.go:318.2,318.34 1 0
github.com/klauer/clash-royale-api/go/pkg/mulligan/generator.go:318.34,320.3 1 0
github.com/klauer/clash-royale-api/go/pkg/mulligan/generator.go:321.2,321.39 1 0
github.com/klauer/clash-royale-api/go/pkg/mulligan/generator.go:324.69,325.34 1 0
github.com/klauer/clash-royale-api/go/pkg/mulligan/generator.go:325.34,327.3 1 0
github.com/klauer/clash-royale-api/go/pkg/mulligan/generator.go:328.2,328.29 1 0
github.com/klauer/clash-royale-api/go/pkg/mulligan/generator.go:331.66,332.34 1 0
github.com/klauer/clash-royale-api/go/pkg/mulligan/generator.go:332.34,334.3 1 0
github.com/klauer/clash-royale-api/go/pkg/mulligan/generator.go:335.2,335.38 1 0
github.com/klauer/clash-royale-api/go/pkg/mulligan/generator.go:335.38,337.3 1 0
github.com/klauer/clash-royale-api/go/pkg/mulligan/generator.go:338.2,338.37 1 0
github.com/klauer/clash-royale-api/go/pkg/mulligan/generator.go:342.73,345.40 2 0
github.com/klauer/clash-royale-api/go/pkg/mulligan/generator.go:345.40,348.27 2 0
github.com/klauer/clash-royale-api/go/pkg/mulligan/generator.go:348.27,350.4 1 0
github.com/klauer/clash-royale-api/go/pkg/mulligan/generator.go:353.2,353.48 1 0
github.com/klauer/clash-royale-api/go/pkg/mulligan/generator.go:353.48,356.27 2 0
github.com/klauer/clash-royale-api/go/pkg/mulligan/generator.go:356.27,358.4 1 0
github.com/klauer/clash-royale-api/go/pkg/mulligan/generator.go:362.2,362.46 1 0
github.com/klauer/clash-royale-api/go/pkg/mulligan/generator.go:362.46,364.3 1 0
github.com/klauer/clash-royale-api/go/pkg/mulligan/generator.go:366.2,366.20 1 0
github.com/klauer/clash-royale-api/go/pkg/mulligan/generator.go:370.75,374.48 2 0
github.com/klauer/clash-royale-api/go/pkg/mulligan/generator.go:374.48,376.27 2 0
github.com/klauer/clash-royale-api/go/pkg/mulligan/generator.go:376.27,378.4 1 0
github.com/klauer/clash-royale-api/go/pkg/mulligan/generator.go:382.2,382.50 1 0
github.com/klauer/clash-royale-api/go/pkg/mulligan/generator.go:382.50,384.55 2 0
github.com/klauer/clash-royale-api/go/pkg/mulligan/generator.go:384.55,386.4 1 0
github.com/klauer/clash-royale-api/go/pkg/mulligan/generator.go:389.2,389.22 1 0
github.com/klauer/clash-royale-api/go/pkg/mulligan/generator.go:393.67,396.26 2 0
github.com/klauer/clash-royale-api/go/pkg/mulligan/generator.go:396.26,398.3 1 0
github.com/klauer/clash-royale-api/go/pkg/mulligan/generator.go:400.2,400.26 1 0
github.com/klauer/clash-royale-api/go/pkg/mulligan/generator.go:400.26,402.3 1 0
github.com/klauer/clash-royale-api/go/pkg/mulligan/generator.go:404.2,404.32 1 0
github.com/klauer/clash-royale-api/go/pkg/mulligan/generator.go:404.32,406.3 1 0
github.com/klauer/clash-royale-api/go/pkg/mulligan/generator.go:408.2,408.67 1 0
github.com/klauer/clash-royale-api/go/pkg/mulligan/generator.go:408.67,410.3 1 0
github.com/klauer/clash-royale-api/go/pkg/mulligan/generator.go:412.2,412.23 1 0
github.com/klauer/clash-royale-api/go/pkg/mulligan/generator.go:412.23,414.3 1 0
github.com/klauer/clash-royale-api/go/pkg/mulligan/generator.go:416.2,416.16 1 0
github.com/klauer/clash-royale-api/go/pkg/mulligan/types.go:78.36,80.2 1 0
github.com/klauer/clash-royale-api/go/pkg/mulligan/types.go:83.36,85.2 1 0
