mode: atomic
github.com/klauer/clash-royale-api/go/pkg/analysis/card_analyzer.go:13.104,14.19 1 8
github.com/klauer/clash-royale-api/go/pkg/analysis/card_analyzer.go:14.19,16.3 1 1
github.com/klauer/clash-royale-api/go/pkg/analysis/card_analyzer.go:19.2,46.46 8 7
github.com/klauer/clash-royale-api/go/pkg/analysis/card_analyzer.go:46.46,47.22 1 21
github.com/klauer/clash-royale-api/go/pkg/analysis/card_analyzer.go:47.22,49.4 1 2
github.com/klauer/clash-royale-api/go/pkg/analysis/card_analyzer.go:53.2,56.44 2 7
github.com/klauer/clash-royale-api/go/pkg/analysis/card_analyzer.go:56.44,58.3 1 0
github.com/klauer/clash-royale-api/go/pkg/analysis/card_analyzer.go:60.2,60.22 1 7
github.com/klauer/clash-royale-api/go/pkg/analysis/card_analyzer.go:64.73,66.29 2 7
github.com/klauer/clash-royale-api/go/pkg/analysis/card_analyzer.go:66.29,69.3 2 25
github.com/klauer/clash-royale-api/go/pkg/analysis/card_analyzer.go:70.2,70.14 1 7
github.com/klauer/clash-royale-api/go/pkg/analysis/card_analyzer.go:74.71,76.29 2 7
github.com/klauer/clash-royale-api/go/pkg/analysis/card_analyzer.go:76.29,88.3 1 21
github.com/klauer/clash-royale-api/go/pkg/analysis/card_analyzer.go:89.2,89.19 1 7
github.com/klauer/clash-royale-api/go/pkg/analysis/card_analyzer.go:93.75,96.29 2 7
github.com/klauer/clash-royale-api/go/pkg/analysis/card_analyzer.go:96.29,98.3 1 21
github.com/klauer/clash-royale-api/go/pkg/analysis/card_analyzer.go:100.2,101.42 2 7
github.com/klauer/clash-royale-api/go/pkg/analysis/card_analyzer.go:101.42,108.30 6 17
github.com/klauer/clash-royale-api/go/pkg/analysis/card_analyzer.go:108.30,112.23 3 21
github.com/klauer/clash-royale-api/go/pkg/analysis/card_analyzer.go:112.23,114.5 1 2
github.com/klauer/clash-royale-api/go/pkg/analysis/card_analyzer.go:117.4,117.44 1 21
github.com/klauer/clash-royale-api/go/pkg/analysis/card_analyzer.go:117.44,119.5 1 8
github.com/klauer/clash-royale-api/go/pkg/analysis/card_analyzer.go:122.4,122.26 1 21
github.com/klauer/clash-royale-api/go/pkg/analysis/card_analyzer.go:122.26,124.5 1 9
github.com/klauer/clash-royale-api/go/pkg/analysis/card_analyzer.go:127.3,137.4 2 17
github.com/klauer/clash-royale-api/go/pkg/analysis/card_analyzer.go:140.2,140.18 1 7
github.com/klauer/clash-royale-api/go/pkg/analysis/card_analyzer.go:144.96,147.29 2 7
github.com/klauer/clash-royale-api/go/pkg/analysis/card_analyzer.go:147.29,148.50 1 21
github.com/klauer/clash-royale-api/go/pkg/analysis/card_analyzer.go:148.50,149.12 1 0
github.com/klauer/clash-royale-api/go/pkg/analysis/card_analyzer.go:151.3,151.46 1 21
github.com/klauer/clash-royale-api/go/pkg/analysis/card_analyzer.go:155.2,159.37 3 7
github.com/klauer/clash-royale-api/go/pkg/analysis/card_analyzer.go:159.37,172.10 2 14
github.com/klauer/clash-royale-api/go/pkg/analysis/card_analyzer.go:173.39,174.30 1 8
github.com/klauer/clash-royale-api/go/pkg/analysis/card_analyzer.go:175.39,176.32 1 1
github.com/klauer/clash-royale-api/go/pkg/analysis/card_analyzer.go:177.11,178.29 1 5
github.com/klauer/clash-royale-api/go/pkg/analysis/card_analyzer.go:182.3,182.86 1 14
github.com/klauer/clash-royale-api/go/pkg/analysis/card_analyzer.go:182.86,183.12 1 0
github.com/klauer/clash-royale-api/go/pkg/analysis/card_analyzer.go:187.3,187.52 1 14
github.com/klauer/clash-royale-api/go/pkg/analysis/card_analyzer.go:187.52,188.12 1 0
github.com/klauer/clash-royale-api/go/pkg/analysis/card_analyzer.go:191.3,191.44 1 14
github.com/klauer/clash-royale-api/go/pkg/analysis/card_analyzer.go:194.2,194.19 1 7
github.com/klauer/clash-royale-api/go/pkg/analysis/card_analyzer.go:198.58,201.24 2 14
github.com/klauer/clash-royale-api/go/pkg/analysis/card_analyzer.go:201.24,203.3 1 8
github.com/klauer/clash-royale-api/go/pkg/analysis/card_analyzer.go:205.2,205.34 1 14
github.com/klauer/clash-royale-api/go/pkg/analysis/card_analyzer.go:205.34,207.3 1 8
github.com/klauer/clash-royale-api/go/pkg/analysis/card_analyzer.go:207.8,207.41 1 6
github.com/klauer/clash-royale-api/go/pkg/analysis/card_analyzer.go:207.41,209.3 1 0
github.com/klauer/clash-royale-api/go/pkg/analysis/card_analyzer.go:211.2,211.61 1 14
github.com/klauer/clash-royale-api/go/pkg/analysis/card_analyzer.go:211.61,213.3 1 4
github.com/klauer/clash-royale-api/go/pkg/analysis/card_analyzer.go:215.2,215.29 1 14
github.com/klauer/clash-royale-api/go/pkg/analysis/card_analyzer.go:215.29,217.3 1 4
github.com/klauer/clash-royale-api/go/pkg/analysis/card_analyzer.go:219.2,219.16 1 14
github.com/klauer/clash-royale-api/go/pkg/analysis/card_analyzer.go:223.85,224.71 1 7
github.com/klauer/clash-royale-api/go/pkg/analysis/card_analyzer.go:224.71,226.3 1 5
github.com/klauer/clash-royale-api/go/pkg/analysis/card_analyzer.go:228.2,229.29 2 2
github.com/klauer/clash-royale-api/go/pkg/analysis/card_analyzer.go:229.29,231.86 1 10
github.com/klauer/clash-royale-api/go/pkg/analysis/card_analyzer.go:231.86,232.12 1 2
github.com/klauer/clash-royale-api/go/pkg/analysis/card_analyzer.go:236.3,236.52 1 8
github.com/klauer/clash-royale-api/go/pkg/analysis/card_analyzer.go:236.52,237.12 1 2
github.com/klauer/clash-royale-api/go/pkg/analysis/card_analyzer.go:240.3,240.36 1 6
github.com/klauer/clash-royale-api/go/pkg/analysis/card_analyzer.go:242.2,242.17 1 2
github.com/klauer/clash-royale-api/go/pkg/analysis/card_analyzer.go:246.50,247.26 1 30
github.com/klauer/clash-royale-api/go/pkg/analysis/card_analyzer.go:247.26,248.34 1 27
github.com/klauer/clash-royale-api/go/pkg/analysis/card_analyzer.go:248.34,250.4 1 8
github.com/klauer/clash-royale-api/go/pkg/analysis/card_analyzer.go:252.2,252.14 1 22
github.com/klauer/clash-royale-api/go/pkg/analysis/types.go:38.48,39.23 1 21
github.com/klauer/clash-royale-api/go/pkg/analysis/types.go:39.23,41.3 1 0
github.com/klauer/clash-royale-api/go/pkg/analysis/types.go:42.2,42.51 1 21
github.com/klauer/clash-royale-api/go/pkg/analysis/types.go:46.52,47.44 1 0
github.com/klauer/clash-royale-api/go/pkg/analysis/types.go:47.44,49.3 1 0
github.com/klauer/clash-royale-api/go/pkg/analysis/types.go:50.2,52.53 3 0
github.com/klauer/clash-royale-api/go/pkg/analysis/types.go:81.52,83.2 1 0
github.com/klauer/clash-royale-api/go/pkg/analysis/types.go:86.57,87.25 1 0
github.com/klauer/clash-royale-api/go/pkg/analysis/types.go:87.25,89.3 1 0
github.com/klauer/clash-royale-api/go/pkg/analysis/types.go:90.2,90.67 1 0
github.com/klauer/clash-royale-api/go/pkg/analysis/types.go:114.47,123.2 1 8
github.com/klauer/clash-royale-api/go/pkg/analysis/types.go:126.44,127.29 1 7
github.com/klauer/clash-royale-api/go/pkg/analysis/types.go:127.29,130.3 2 1
github.com/klauer/clash-royale-api/go/pkg/analysis/types.go:132.2,137.37 5 6
github.com/klauer/clash-royale-api/go/pkg/analysis/types.go:137.37,141.22 3 21
github.com/klauer/clash-royale-api/go/pkg/analysis/types.go:141.22,143.4 1 2
github.com/klauer/clash-royale-api/go/pkg/analysis/types.go:146.3,146.61 1 21
github.com/klauer/clash-royale-api/go/pkg/analysis/types.go:146.61,148.4 1 9
github.com/klauer/clash-royale-api/go/pkg/analysis/types.go:151.2,159.3 2 6
github.com/klauer/clash-royale-api/go/pkg/analysis/types.go:163.42,164.24 1 11
github.com/klauer/clash-royale-api/go/pkg/analysis/types.go:164.24,166.3 1 1
github.com/klauer/clash-royale-api/go/pkg/analysis/types.go:168.2,168.23 1 10
github.com/klauer/clash-royale-api/go/pkg/analysis/types.go:168.23,170.3 1 1
github.com/klauer/clash-royale-api/go/pkg/analysis/types.go:172.2,172.41 1 9
github.com/klauer/clash-royale-api/go/pkg/analysis/types.go:172.41,174.3 1 1
github.com/klauer/clash-royale-api/go/pkg/analysis/types.go:176.2,176.12 1 8
github.com/klauer/clash-royale-api/go/pkg/analysis/types.go:180.54,189.2 2 0
github.com/klauer/clash-royale-api/go/pkg/analysis/types.go:192.58,201.51 3 0
github.com/klauer/clash-royale-api/go/pkg/analysis/types.go:201.51,203.3 1 0
github.com/klauer/clash-royale-api/go/pkg/analysis/types.go:205.2,207.16 3 0
github.com/klauer/clash-royale-api/go/pkg/analysis/types.go:207.16,209.3 1 0
github.com/klauer/clash-royale-api/go/pkg/analysis/types.go:211.2,211.12 1 0
github.com/klauer/clash-royale-api/go/pkg/analysis/types.go:229.40,231.2 1 0
github.com/klauer/clash-royale-api/go/pkg/analysis/upgrade_calculator.go:91.64,93.13 2 47
github.com/klauer/clash-royale-api/go/pkg/analysis/upgrade_calculator.go:93.13,95.3 1 1
github.com/klauer/clash-royale-api/go/pkg/analysis/upgrade_calculator.go:97.2,98.13 2 46
github.com/klauer/clash-royale-api/go/pkg/analysis/upgrade_calculator.go:98.13,100.3 1 8
github.com/klauer/clash-royale-api/go/pkg/analysis/upgrade_calculator.go:102.2,102.20 1 38
github.com/klauer/clash-royale-api/go/pkg/analysis/upgrade_calculator.go:106.37,107.51 1 100
github.com/klauer/clash-royale-api/go/pkg/analysis/upgrade_calculator.go:107.51,109.3 1 99
github.com/klauer/clash-royale-api/go/pkg/analysis/upgrade_calculator.go:110.2,110.11 1 1
github.com/klauer/clash-royale-api/go/pkg/analysis/upgrade_calculator.go:114.42,115.58 1 6
github.com/klauer/clash-royale-api/go/pkg/analysis/upgrade_calculator.go:115.58,117.3 1 5
github.com/klauer/clash-royale-api/go/pkg/analysis/upgrade_calculator.go:118.2,118.10 1 1
github.com/klauer/clash-royale-api/go/pkg/analysis/upgrade_calculator.go:122.55,124.2 1 33
github.com/klauer/clash-royale-api/go/pkg/analysis/upgrade_calculator.go:127.68,129.30 2 34
github.com/klauer/clash-royale-api/go/pkg/analysis/upgrade_calculator.go:129.30,131.3 1 4
github.com/klauer/clash-royale-api/go/pkg/analysis/upgrade_calculator.go:133.2,134.13 2 30
github.com/klauer/clash-royale-api/go/pkg/analysis/upgrade_calculator.go:134.13,136.3 1 0
github.com/klauer/clash-royale-api/go/pkg/analysis/upgrade_calculator.go:138.2,139.55 2 30
github.com/klauer/clash-royale-api/go/pkg/analysis/upgrade_calculator.go:139.55,140.50 1 134
github.com/klauer/clash-royale-api/go/pkg/analysis/upgrade_calculator.go:140.50,142.4 1 134
github.com/klauer/clash-royale-api/go/pkg/analysis/upgrade_calculator.go:145.2,145.14 1 30
github.com/klauer/clash-royale-api/go/pkg/analysis/upgrade_calculator.go:149.68,150.22 1 32
github.com/klauer/clash-royale-api/go/pkg/analysis/upgrade_calculator.go:150.22,152.3 1 4
github.com/klauer/clash-royale-api/go/pkg/analysis/upgrade_calculator.go:154.2,155.22 2 28
github.com/klauer/clash-royale-api/go/pkg/analysis/upgrade_calculator.go:155.22,157.3 1 9
github.com/klauer/clash-royale-api/go/pkg/analysis/upgrade_calculator.go:159.2,159.17 1 19
github.com/klauer/clash-royale-api/go/pkg/analysis/upgrade_calculator.go:179.121,201.2 7 27
github.com/klauer/clash-royale-api/go/pkg/analysis/upgrade_calculator.go:216.82,218.29 2 1
github.com/klauer/clash-royale-api/go/pkg/analysis/upgrade_calculator.go:218.29,219.28 1 4
github.com/klauer/clash-royale-api/go/pkg/analysis/upgrade_calculator.go:219.28,221.4 1 3
github.com/klauer/clash-royale-api/go/pkg/analysis/upgrade_calculator.go:224.2,224.24 1 1
github.com/klauer/clash-royale-api/go/pkg/analysis/upgrade_calculator.go:224.24,226.3 1 0
github.com/klauer/clash-royale-api/go/pkg/analysis/upgrade_calculator.go:228.2,234.32 6 1
github.com/klauer/clash-royale-api/go/pkg/analysis/upgrade_calculator.go:234.32,238.22 3 3
github.com/klauer/clash-royale-api/go/pkg/analysis/upgrade_calculator.go:238.22,240.4 1 1
github.com/klauer/clash-royale-api/go/pkg/analysis/upgrade_calculator.go:242.3,242.25 1 3
github.com/klauer/clash-royale-api/go/pkg/analysis/upgrade_calculator.go:242.25,244.4 1 1
github.com/klauer/clash-royale-api/go/pkg/analysis/upgrade_calculator.go:246.3,246.33 1 3
github.com/klauer/clash-royale-api/go/pkg/analysis/upgrade_calculator.go:249.2,259.3 2 1
github.com/klauer/clash-royale-api/go/pkg/analysis/upgrade_calculator.go:268.55,270.21 1 89
github.com/klauer/clash-royale-api/go/pkg/analysis/upgrade_calculator.go:270.21,272.3 1 4
github.com/klauer/clash-royale-api/go/pkg/analysis/upgrade_calculator.go:275.2,291.13 6 85
github.com/klauer/clash-royale-api/go/pkg/analysis/upgrade_calculator.go:291.13,293.3 1 0
github.com/klauer/clash-royale-api/go/pkg/analysis/upgrade_calculator.go:296.2,299.24 2 85
github.com/klauer/clash-royale-api/go/pkg/analysis/upgrade_calculator.go:299.24,301.28 2 40
github.com/klauer/clash-royale-api/go/pkg/analysis/upgrade_calculator.go:301.28,303.4 1 2
github.com/klauer/clash-royale-api/go/pkg/analysis/upgrade_calculator.go:306.2,306.22 1 85
github.com/klauer/clash-royale-api/go/pkg/analysis/upgrade_calculator.go:310.90,313.29 2 8
github.com/klauer/clash-royale-api/go/pkg/analysis/upgrade_calculator.go:313.29,315.44 2 25
github.com/klauer/clash-royale-api/go/pkg/analysis/upgrade_calculator.go:315.44,317.4 1 19
github.com/klauer/clash-royale-api/go/pkg/analysis/upgrade_calculator.go:321.2,321.39 1 8
github.com/klauer/clash-royale-api/go/pkg/analysis/upgrade_calculator.go:321.39,322.42 1 13
github.com/klauer/clash-royale-api/go/pkg/analysis/upgrade_calculator.go:322.42,325.23 3 23
github.com/klauer/clash-royale-api/go/pkg/analysis/upgrade_calculator.go:325.23,327.5 1 18
github.com/klauer/clash-royale-api/go/pkg/analysis/upgrade_calculator.go:332.2,332.38 1 8
github.com/klauer/clash-royale-api/go/pkg/analysis/upgrade_calculator.go:332.38,334.3 1 1
github.com/klauer/clash-royale-api/go/pkg/analysis/upgrade_calculator.go:336.2,336.17 1 7
github.com/klauer/clash-royale-api/go/pkg/deck/builder.go:24.42,25.19 1 6
github.com/klauer/clash-royale-api/go/pkg/deck/builder.go:25.19,27.3 1 0
github.com/klauer/clash-royale-api/go/pkg/deck/builder.go:29.2,76.3 1 6
github.com/klauer/clash-royale-api/go/pkg/deck/builder.go:94.93,95.35 1 3
github.com/klauer/clash-royale-api/go/pkg/deck/builder.go:95.35,97.3 1 0
github.com/klauer/clash-royale-api/go/pkg/deck/builder.go:100.2,107.89 5 3
github.com/klauer/clash-royale-api/go/pkg/deck/builder.go:107.89,110.3 2 3
github.com/klauer/clash-royale-api/go/pkg/deck/builder.go:110.8,112.3 1 0
github.com/klauer/clash-royale-api/go/pkg/deck/builder.go:114.2,114.77 1 3
github.com/klauer/clash-royale-api/go/pkg/deck/builder.go:114.77,117.3 2 3
github.com/klauer/clash-royale-api/go/pkg/deck/builder.go:119.2,119.77 1 3
github.com/klauer/clash-royale-api/go/pkg/deck/builder.go:119.77,122.3 2 3
github.com/klauer/clash-royale-api/go/pkg/deck/builder.go:124.2,124.83 1 3
github.com/klauer/clash-royale-api/go/pkg/deck/builder.go:124.83,127.3 2 3
github.com/klauer/clash-royale-api/go/pkg/deck/builder.go:130.2,132.36 3 3
github.com/klauer/clash-royale-api/go/pkg/deck/builder.go:132.36,134.3 1 6
github.com/klauer/clash-royale-api/go/pkg/deck/builder.go:137.2,139.34 3 3
github.com/klauer/clash-royale-api/go/pkg/deck/builder.go:139.34,141.3 1 6
github.com/klauer/clash-royale-api/go/pkg/deck/builder.go:144.2,144.19 1 3
github.com/klauer/clash-royale-api/go/pkg/deck/builder.go:144.19,147.3 2 0
github.com/klauer/clash-royale-api/go/pkg/deck/builder.go:150.2,161.28 3 3
github.com/klauer/clash-royale-api/go/pkg/deck/builder.go:161.28,164.23 3 24
github.com/klauer/clash-royale-api/go/pkg/deck/builder.go:164.23,166.4 1 24
github.com/klauer/clash-royale-api/go/pkg/deck/builder.go:167.3,175.4 1 24
github.com/klauer/clash-royale-api/go/pkg/deck/builder.go:179.2,181.28 2 3
github.com/klauer/clash-royale-api/go/pkg/deck/builder.go:185.87,187.16 2 1
github.com/klauer/clash-royale-api/go/pkg/deck/builder.go:187.16,189.3 1 0
github.com/klauer/clash-royale-api/go/pkg/deck/builder.go:190.2,190.43 1 1
github.com/klauer/clash-royale-api/go/pkg/deck/builder.go:194.76,196.16 2 1
github.com/klauer/clash-royale-api/go/pkg/deck/builder.go:196.16,198.3 1 0
github.com/klauer/clash-royale-api/go/pkg/deck/builder.go:200.2,201.56 2 1
github.com/klauer/clash-royale-api/go/pkg/deck/builder.go:201.56,203.3 1 0
github.com/klauer/clash-royale-api/go/pkg/deck/builder.go:205.2,205.23 1 1
github.com/klauer/clash-royale-api/go/pkg/deck/builder.go:209.99,210.23 1 0
github.com/klauer/clash-royale-api/go/pkg/deck/builder.go:210.23,212.3 1 0
github.com/klauer/clash-royale-api/go/pkg/deck/builder.go:214.2,214.56 1 0
github.com/klauer/clash-royale-api/go/pkg/deck/builder.go:214.56,216.3 1 0
github.com/klauer/clash-royale-api/go/pkg/deck/builder.go:218.2,222.16 4 0
github.com/klauer/clash-royale-api/go/pkg/deck/builder.go:222.16,224.3 1 0
github.com/klauer/clash-royale-api/go/pkg/deck/builder.go:226.2,226.23 1 0
github.com/klauer/clash-royale-api/go/pkg/deck/builder.go:226.23,228.3 1 0
github.com/klauer/clash-royale-api/go/pkg/deck/builder.go:231.2,231.42 1 0
github.com/klauer/clash-royale-api/go/pkg/deck/builder.go:231.42,235.3 3 0
github.com/klauer/clash-royale-api/go/pkg/deck/builder.go:237.2,237.35 1 0
github.com/klauer/clash-royale-api/go/pkg/deck/builder.go:241.110,242.21 1 1
github.com/klauer/clash-royale-api/go/pkg/deck/builder.go:242.21,244.3 1 0
github.com/klauer/clash-royale-api/go/pkg/deck/builder.go:246.2,246.53 1 1
github.com/klauer/clash-royale-api/go/pkg/deck/builder.go:246.53,248.3 1 0
github.com/klauer/clash-royale-api/go/pkg/deck/builder.go:250.2,256.16 6 1
github.com/klauer/clash-royale-api/go/pkg/deck/builder.go:256.16,258.3 1 0
github.com/klauer/clash-royale-api/go/pkg/deck/builder.go:260.2,260.55 1 1
github.com/klauer/clash-royale-api/go/pkg/deck/builder.go:260.55,262.3 1 0
github.com/klauer/clash-royale-api/go/pkg/deck/builder.go:264.2,264.18 1 1
github.com/klauer/clash-royale-api/go/pkg/deck/builder.go:269.89,272.37 2 3
github.com/klauer/clash-royale-api/go/pkg/deck/builder.go:272.37,275.3 2 25
github.com/klauer/clash-royale-api/go/pkg/deck/builder.go:277.2,277.19 1 3
github.com/klauer/clash-royale-api/go/pkg/deck/builder.go:280.82,283.19 3 25
github.com/klauer/clash-royale-api/go/pkg/deck/builder.go:283.19,285.3 1 0
github.com/klauer/clash-royale-api/go/pkg/deck/builder.go:286.2,287.18 2 25
github.com/klauer/clash-royale-api/go/pkg/deck/builder.go:287.18,289.3 1 0
github.com/klauer/clash-royale-api/go/pkg/deck/builder.go:291.2,303.3 4 25
github.com/klauer/clash-royale-api/go/pkg/deck/builder.go:306.70,307.21 1 28
github.com/klauer/clash-royale-api/go/pkg/deck/builder.go:307.21,309.3 1 26
github.com/klauer/clash-royale-api/go/pkg/deck/builder.go:310.2,310.54 1 2
github.com/klauer/clash-royale-api/go/pkg/deck/builder.go:310.54,312.3 1 1
github.com/klauer/clash-royale-api/go/pkg/deck/builder.go:313.2,313.10 1 1
github.com/klauer/clash-royale-api/go/pkg/deck/builder.go:316.52,317.40 1 28
github.com/klauer/clash-royale-api/go/pkg/deck/builder.go:317.40,318.34 1 104
github.com/klauer/clash-royale-api/go/pkg/deck/builder.go:318.34,319.24 1 585
github.com/klauer/clash-royale-api/go/pkg/deck/builder.go:319.24,321.5 1 27
github.com/klauer/clash-royale-api/go/pkg/deck/builder.go:324.2,324.12 1 1
github.com/klauer/clash-royale-api/go/pkg/deck/builder.go:327.101,330.22 3 27
github.com/klauer/clash-royale-api/go/pkg/deck/builder.go:330.22,332.3 1 0
github.com/klauer/clash-royale-api/go/pkg/deck/builder.go:335.2,338.17 3 27
github.com/klauer/clash-royale-api/go/pkg/deck/builder.go:338.17,340.3 1 0
github.com/klauer/clash-royale-api/go/pkg/deck/builder.go:342.2,342.71 1 27
github.com/klauer/clash-royale-api/go/pkg/deck/builder.go:345.109,347.13 2 14
github.com/klauer/clash-royale-api/go/pkg/deck/builder.go:347.13,349.3 1 0
github.com/klauer/clash-royale-api/go/pkg/deck/builder.go:351.2,352.39 2 14
github.com/klauer/clash-royale-api/go/pkg/deck/builder.go:352.39,353.69 1 108
github.com/klauer/clash-royale-api/go/pkg/deck/builder.go:353.69,355.4 1 15
github.com/klauer/clash-royale-api/go/pkg/deck/builder.go:358.2,358.20 1 14
github.com/klauer/clash-royale-api/go/pkg/deck/builder.go:358.20,360.3 1 0
github.com/klauer/clash-royale-api/go/pkg/deck/builder.go:363.2,363.39 1 14
github.com/klauer/clash-royale-api/go/pkg/deck/builder.go:363.39,365.3 1 1
github.com/klauer/clash-royale-api/go/pkg/deck/builder.go:367.2,367.16 1 14
github.com/klauer/clash-royale-api/go/pkg/deck/builder.go:370.122,372.13 2 6
github.com/klauer/clash-royale-api/go/pkg/deck/builder.go:372.13,374.3 1 0
github.com/klauer/clash-royale-api/go/pkg/deck/builder.go:376.2,377.39 2 6
github.com/klauer/clash-royale-api/go/pkg/deck/builder.go:377.39,378.69 1 50
github.com/klauer/clash-royale-api/go/pkg/deck/builder.go:378.69,380.4 1 13
github.com/klauer/clash-royale-api/go/pkg/deck/builder.go:383.2,383.39 1 6
github.com/klauer/clash-royale-api/go/pkg/deck/builder.go:383.39,385.3 1 7
github.com/klauer/clash-royale-api/go/pkg/deck/builder.go:387.2,387.23 1 6
github.com/klauer/clash-royale-api/go/pkg/deck/builder.go:387.23,389.3 1 0
github.com/klauer/clash-royale-api/go/pkg/deck/builder.go:391.2,391.21 1 6
github.com/klauer/clash-royale-api/go/pkg/deck/builder.go:394.119,396.39 2 0
github.com/klauer/clash-royale-api/go/pkg/deck/builder.go:396.39,397.28 1 0
github.com/klauer/clash-royale-api/go/pkg/deck/builder.go:397.28,399.4 1 0
github.com/klauer/clash-royale-api/go/pkg/deck/builder.go:402.2,402.39 1 0
github.com/klauer/clash-royale-api/go/pkg/deck/builder.go:402.39,404.3 1 0
github.com/klauer/clash-royale-api/go/pkg/deck/builder.go:406.2,406.23 1 0
github.com/klauer/clash-royale-api/go/pkg/deck/builder.go:406.23,408.3 1 0
github.com/klauer/clash-royale-api/go/pkg/deck/builder.go:410.2,410.21 1 0
github.com/klauer/clash-royale-api/go/pkg/deck/builder.go:413.69,414.20 1 3
github.com/klauer/clash-royale-api/go/pkg/deck/builder.go:414.20,416.3 1 0
github.com/klauer/clash-royale-api/go/pkg/deck/builder.go:418.2,419.28 2 3
github.com/klauer/clash-royale-api/go/pkg/deck/builder.go:419.28,421.3 1 24
github.com/klauer/clash-royale-api/go/pkg/deck/builder.go:423.2,423.56 1 3
github.com/klauer/clash-royale-api/go/pkg/deck/builder.go:426.73,430.49 3 3
github.com/klauer/clash-royale-api/go/pkg/deck/builder.go:430.49,431.40 1 24
github.com/klauer/clash-royale-api/go/pkg/deck/builder.go:431.40,433.4 1 3
github.com/klauer/clash-royale-api/go/pkg/deck/builder.go:434.3,434.79 1 24
github.com/klauer/clash-royale-api/go/pkg/deck/builder.go:434.79,436.4 1 6
github.com/klauer/clash-royale-api/go/pkg/deck/builder.go:439.2,439.18 1 3
github.com/klauer/clash-royale-api/go/pkg/deck/builder.go:439.18,441.3 1 0
github.com/klauer/clash-royale-api/go/pkg/deck/builder.go:442.2,442.15 1 3
github.com/klauer/clash-royale-api/go/pkg/deck/builder.go:442.15,444.3 1 0
github.com/klauer/clash-royale-api/go/pkg/deck/builder.go:445.2,445.36 1 3
github.com/klauer/clash-royale-api/go/pkg/deck/builder.go:445.36,447.3 1 0
github.com/klauer/clash-royale-api/go/pkg/deck/builder.go:447.8,447.43 1 3
github.com/klauer/clash-royale-api/go/pkg/deck/builder.go:447.43,449.3 1 0
github.com/klauer/clash-royale-api/go/pkg/deck/builder.go:454.62,455.26 1 109
github.com/klauer/clash-royale-api/go/pkg/deck/builder.go:455.26,456.16 1 620
github.com/klauer/clash-royale-api/go/pkg/deck/builder.go:456.16,458.4 1 28
github.com/klauer/clash-royale-api/go/pkg/deck/builder.go:460.2,460.14 1 81
github.com/klauer/clash-royale-api/go/pkg/deck/builder.go:463.40,465.2 1 3
github.com/klauer/clash-royale-api/go/pkg/deck/builder.go:467.42,469.2 1 24
github.com/klauer/clash-royale-api/go/pkg/deck/builder.go:472.82,474.16 2 0
github.com/klauer/clash-royale-api/go/pkg/deck/builder.go:474.16,476.3 1 0
github.com/klauer/clash-royale-api/go/pkg/deck/builder.go:478.2,479.62 2 0
github.com/klauer/clash-royale-api/go/pkg/deck/builder.go:479.62,481.3 1 0
github.com/klauer/clash-royale-api/go/pkg/deck/builder.go:483.2,483.29 1 0
github.com/klauer/clash-royale-api/go/pkg/deck/role_classifier.go:142.62,147.31 2 34
github.com/klauer/clash-royale-api/go/pkg/deck/role_classifier.go:147.31,150.3 2 6
github.com/klauer/clash-royale-api/go/pkg/deck/role_classifier.go:153.2,153.27 1 28
github.com/klauer/clash-royale-api/go/pkg/deck/role_classifier.go:153.27,156.3 2 4
github.com/klauer/clash-royale-api/go/pkg/deck/role_classifier.go:159.2,159.27 1 24
github.com/klauer/clash-royale-api/go/pkg/deck/role_classifier.go:159.27,162.3 2 4
github.com/klauer/clash-royale-api/go/pkg/deck/role_classifier.go:165.2,165.29 1 20
github.com/klauer/clash-royale-api/go/pkg/deck/role_classifier.go:165.29,168.3 2 4
github.com/klauer/clash-royale-api/go/pkg/deck/role_classifier.go:171.2,171.29 1 16
github.com/klauer/clash-royale-api/go/pkg/deck/role_classifier.go:171.29,174.3 2 5
github.com/klauer/clash-royale-api/go/pkg/deck/role_classifier.go:177.2,177.31 1 11
github.com/klauer/clash-royale-api/go/pkg/deck/role_classifier.go:177.31,180.3 2 5
github.com/klauer/clash-royale-api/go/pkg/deck/role_classifier.go:183.2,183.21 1 6
github.com/klauer/clash-royale-api/go/pkg/deck/role_classifier.go:183.21,186.3 2 2
github.com/klauer/clash-royale-api/go/pkg/deck/role_classifier.go:188.2,188.40 1 4
github.com/klauer/clash-royale-api/go/pkg/deck/role_classifier.go:188.40,191.3 2 2
github.com/klauer/clash-royale-api/go/pkg/deck/role_classifier.go:194.2,194.21 1 2
github.com/klauer/clash-royale-api/go/pkg/deck/role_classifier.go:194.21,197.3 2 2
github.com/klauer/clash-royale-api/go/pkg/deck/role_classifier.go:200.2,200.12 1 0
github.com/klauer/clash-royale-api/go/pkg/deck/role_classifier.go:204.64,208.2 3 6
github.com/klauer/clash-royale-api/go/pkg/deck/role_classifier.go:211.56,212.28 1 1
github.com/klauer/clash-royale-api/go/pkg/deck/role_classifier.go:212.28,214.3 1 5
github.com/klauer/clash-royale-api/go/pkg/deck/role_classifier.go:218.43,220.2 1 7
github.com/klauer/clash-royale-api/go/pkg/deck/role_classifier.go:223.39,225.2 1 5
github.com/klauer/clash-royale-api/go/pkg/deck/role_classifier.go:228.52,231.2 2 6
github.com/klauer/clash-royale-api/go/pkg/deck/role_classifier.go:234.56,237.2 2 0
github.com/klauer/clash-royale-api/go/pkg/deck/role_classifier.go:240.47,250.48 2 6
github.com/klauer/clash-royale-api/go/pkg/deck/role_classifier.go:250.48,252.3 1 6
github.com/klauer/clash-royale-api/go/pkg/deck/role_classifier.go:254.2,254.23 1 0
github.com/klauer/clash-royale-api/go/pkg/deck/role_classifier.go:258.62,261.39 2 5
github.com/klauer/clash-royale-api/go/pkg/deck/role_classifier.go:261.39,262.28 1 40
github.com/klauer/clash-royale-api/go/pkg/deck/role_classifier.go:262.28,264.4 1 40
github.com/klauer/clash-royale-api/go/pkg/deck/role_classifier.go:267.2,267.15 1 5
github.com/klauer/clash-royale-api/go/pkg/deck/role_classifier.go:272.56,276.34 2 4
github.com/klauer/clash-royale-api/go/pkg/deck/role_classifier.go:276.34,278.3 1 1
github.com/klauer/clash-royale-api/go/pkg/deck/role_classifier.go:281.2,281.33 1 3
github.com/klauer/clash-royale-api/go/pkg/deck/role_classifier.go:281.33,283.3 1 1
github.com/klauer/clash-royale-api/go/pkg/deck/role_classifier.go:286.2,287.21 2 2
github.com/klauer/clash-royale-api/go/pkg/deck/role_classifier.go:287.21,289.3 1 0
github.com/klauer/clash-royale-api/go/pkg/deck/role_classifier.go:292.2,292.27 1 2
github.com/klauer/clash-royale-api/go/pkg/deck/role_classifier.go:292.27,294.3 1 1
github.com/klauer/clash-royale-api/go/pkg/deck/role_classifier.go:296.2,296.13 1 1
github.com/klauer/clash-royale-api/go/pkg/deck/scorer.go:39.88,42.18 2 8
github.com/klauer/clash-royale-api/go/pkg/deck/scorer.go:42.18,44.3 1 7
github.com/klauer/clash-royale-api/go/pkg/deck/scorer.go:47.2,48.13 2 8
github.com/klauer/clash-royale-api/go/pkg/deck/scorer.go:48.13,50.3 1 1
github.com/klauer/clash-royale-api/go/pkg/deck/scorer.go:54.2,59.17 4 8
github.com/klauer/clash-royale-api/go/pkg/deck/scorer.go:59.17,61.3 1 5
github.com/klauer/clash-royale-api/go/pkg/deck/scorer.go:64.2,68.14 2 8
github.com/klauer/clash-royale-api/go/pkg/deck/scorer.go:72.59,82.2 3 1
github.com/klauer/clash-royale-api/go/pkg/deck/scorer.go:85.53,86.28 1 0
github.com/klauer/clash-royale-api/go/pkg/deck/scorer.go:86.28,88.3 1 0
github.com/klauer/clash-royale-api/go/pkg/deck/scorer.go:92.46,93.45 1 2
github.com/klauer/clash-royale-api/go/pkg/deck/scorer.go:93.45,95.3 1 8
github.com/klauer/clash-royale-api/go/pkg/deck/scorer.go:99.85,101.39 2 1
github.com/klauer/clash-royale-api/go/pkg/deck/scorer.go:101.39,102.34 1 4
github.com/klauer/clash-royale-api/go/pkg/deck/scorer.go:102.34,104.4 1 2
github.com/klauer/clash-royale-api/go/pkg/deck/scorer.go:106.2,106.17 1 1
github.com/klauer/clash-royale-api/go/pkg/deck/scorer.go:111.65,115.26 2 1
github.com/klauer/clash-royale-api/go/pkg/deck/scorer.go:115.26,117.3 1 0
github.com/klauer/clash-royale-api/go/pkg/deck/scorer.go:118.2,118.23 1 1
github.com/klauer/clash-royale-api/go/pkg/deck/scorer.go:122.78,124.39 2 1
github.com/klauer/clash-royale-api/go/pkg/deck/scorer.go:124.39,125.55 1 4
github.com/klauer/clash-royale-api/go/pkg/deck/scorer.go:125.55,127.4 1 2
github.com/klauer/clash-royale-api/go/pkg/deck/scorer.go:129.2,129.17 1 1
github.com/klauer/clash-royale-api/go/pkg/deck/scorer.go:133.96,135.39 2 1
github.com/klauer/clash-royale-api/go/pkg/deck/scorer.go:135.39,136.69 1 5
github.com/klauer/clash-royale-api/go/pkg/deck/scorer.go:136.69,138.4 1 3
github.com/klauer/clash-royale-api/go/pkg/deck/scorer.go:140.2,140.17 1 1
github.com/klauer/clash-royale-api/go/pkg/deck/scorer.go:144.80,146.39 2 0
github.com/klauer/clash-royale-api/go/pkg/deck/scorer.go:146.39,147.33 1 0
github.com/klauer/clash-royale-api/go/pkg/deck/scorer.go:147.33,149.4 1 0
github.com/klauer/clash-royale-api/go/pkg/deck/scorer.go:151.2,151.17 1 0
github.com/klauer/clash-royale-api/go/pkg/deck/scorer.go:155.86,157.36 2 1
github.com/klauer/clash-royale-api/go/pkg/deck/scorer.go:157.36,159.3 1 2
github.com/klauer/clash-royale-api/go/pkg/deck/scorer.go:161.2,162.39 2 1
github.com/klauer/clash-royale-api/go/pkg/deck/scorer.go:162.39,163.34 1 4
github.com/klauer/clash-royale-api/go/pkg/deck/scorer.go:163.34,165.4 1 2
github.com/klauer/clash-royale-api/go/pkg/deck/scorer.go:167.2,167.17 1 1
github.com/klauer/clash-royale-api/go/pkg/deck/scorer.go:171.61,172.26 1 2
github.com/klauer/clash-royale-api/go/pkg/deck/scorer.go:172.26,174.3 1 1
github.com/klauer/clash-royale-api/go/pkg/deck/scorer.go:176.2,177.39 2 1
github.com/klauer/clash-royale-api/go/pkg/deck/scorer.go:177.39,179.3 1 4
github.com/klauer/clash-royale-api/go/pkg/deck/scorer.go:181.2,181.50 1 1
github.com/klauer/clash-royale-api/go/pkg/deck/scorer.go:185.67,187.39 2 0
github.com/klauer/clash-royale-api/go/pkg/deck/scorer.go:187.39,189.3 1 0
github.com/klauer/clash-royale-api/go/pkg/deck/scorer.go:190.2,190.21 1 0
github.com/klauer/clash-royale-api/go/pkg/deck/scorer.go:194.71,196.39 2 0
github.com/klauer/clash-royale-api/go/pkg/deck/scorer.go:196.39,198.3 1 0
github.com/klauer/clash-royale-api/go/pkg/deck/scorer.go:199.2,199.21 1 0
github.com/klauer/clash-royale-api/go/pkg/deck/types.go:29.36,31.2 1 0
github.com/klauer/clash-royale-api/go/pkg/deck/types.go:46.47,47.22 1 0
github.com/klauer/clash-royale-api/go/pkg/deck/types.go:47.22,49.3 1 0
github.com/klauer/clash-royale-api/go/pkg/deck/types.go:50.2,50.49 1 0
github.com/klauer/clash-royale-api/go/pkg/deck/types.go:54.41,56.2 1 0
github.com/klauer/clash-royale-api/go/pkg/deck/types.go:79.60,80.29 1 0
github.com/klauer/clash-royale-api/go/pkg/deck/types.go:80.29,82.3 1 0
github.com/klauer/clash-royale-api/go/pkg/deck/types.go:84.2,85.37 2 0
github.com/klauer/clash-royale-api/go/pkg/deck/types.go:85.37,87.3 1 0
github.com/klauer/clash-royale-api/go/pkg/deck/types.go:89.2,89.53 1 0
github.com/klauer/clash-royale-api/go/pkg/deck/types.go:93.52,95.2 1 0
github.com/klauer/clash-royale-api/go/pkg/deck/types.go:98.48,99.23 1 0
github.com/klauer/clash-royale-api/go/pkg/deck/types.go:99.23,101.3 1 0
github.com/klauer/clash-royale-api/go/pkg/deck/types.go:103.2,103.29 1 0
github.com/klauer/clash-royale-api/go/pkg/deck/types.go:103.29,105.3 1 0
github.com/klauer/clash-royale-api/go/pkg/deck/types.go:107.2,107.43 1 0
github.com/klauer/clash-royale-api/go/pkg/deck/types.go:107.43,109.3 1 0
github.com/klauer/clash-royale-api/go/pkg/deck/types.go:111.2,111.12 1 0
github.com/klauer/clash-royale-api/go/pkg/deck/types.go:128.36,130.2 1 0
github.com/klauer/clash-royale-api/go/pkg/clashroyale/client.go:21.41,32.2 1 17
github.com/klauer/clash-royale-api/go/pkg/clashroyale/client.go:41.34,43.2 1 1
github.com/klauer/clash-royale-api/go/pkg/clashroyale/client.go:46.98,50.16 3 20
github.com/klauer/clash-royale-api/go/pkg/clashroyale/client.go:50.16,52.3 1 0
github.com/klauer/clash-royale-api/go/pkg/clashroyale/client.go:54.2,57.17 3 20
github.com/klauer/clash-royale-api/go/pkg/clashroyale/client.go:61.64,69.43 4 16
github.com/klauer/clash-royale-api/go/pkg/clashroyale/client.go:69.43,70.18 1 24
github.com/klauer/clash-royale-api/go/pkg/clashroyale/client.go:70.18,71.11 1 8
github.com/klauer/clash-royale-api/go/pkg/clashroyale/client.go:72.32,73.36 1 1
github.com/klauer/clash-royale-api/go/pkg/clashroyale/client.go:74.60,74.60 0 7
github.com/klauer/clash-royale-api/go/pkg/clashroyale/client.go:79.3,81.17 3 23
github.com/klauer/clash-royale-api/go/pkg/clashroyale/client.go:81.17,82.12 1 0
github.com/klauer/clash-royale-api/go/pkg/clashroyale/client.go:86.3,86.82 1 23
github.com/klauer/clash-royale-api/go/pkg/clashroyale/client.go:86.82,88.12 2 10
github.com/klauer/clash-royale-api/go/pkg/clashroyale/client.go:92.3,92.80 1 13
github.com/klauer/clash-royale-api/go/pkg/clashroyale/client.go:92.80,98.4 2 2
github.com/klauer/clash-royale-api/go/pkg/clashroyale/client.go:101.3,101.19 1 11
github.com/klauer/clash-royale-api/go/pkg/clashroyale/client.go:105.2,105.17 1 2
github.com/klauer/clash-royale-api/go/pkg/clashroyale/client.go:105.17,107.3 1 2
github.com/klauer/clash-royale-api/go/pkg/clashroyale/client.go:108.2,108.57 1 2
github.com/klauer/clash-royale-api/go/pkg/clashroyale/endpoints.go:12.57,17.16 4 3
github.com/klauer/clash-royale-api/go/pkg/clashroyale/endpoints.go:17.16,19.3 1 0
github.com/klauer/clash-royale-api/go/pkg/clashroyale/endpoints.go:21.2,22.16 2 3
github.com/klauer/clash-royale-api/go/pkg/clashroyale/endpoints.go:22.16,24.3 1 1
github.com/klauer/clash-royale-api/go/pkg/clashroyale/endpoints.go:25.2,27.38 2 2
github.com/klauer/clash-royale-api/go/pkg/clashroyale/endpoints.go:27.38,32.3 1 0
github.com/klauer/clash-royale-api/go/pkg/clashroyale/endpoints.go:34.2,35.67 2 2
github.com/klauer/clash-royale-api/go/pkg/clashroyale/endpoints.go:35.67,37.3 1 1
github.com/klauer/clash-royale-api/go/pkg/clashroyale/endpoints.go:39.2,39.21 1 1
github.com/klauer/clash-royale-api/go/pkg/clashroyale/endpoints.go:43.75,48.16 4 1
github.com/klauer/clash-royale-api/go/pkg/clashroyale/endpoints.go:48.16,50.3 1 0
github.com/klauer/clash-royale-api/go/pkg/clashroyale/endpoints.go:52.2,53.16 2 1
github.com/klauer/clash-royale-api/go/pkg/clashroyale/endpoints.go:53.16,55.3 1 0
github.com/klauer/clash-royale-api/go/pkg/clashroyale/endpoints.go:56.2,58.38 2 1
github.com/klauer/clash-royale-api/go/pkg/clashroyale/endpoints.go:58.38,63.3 1 0
github.com/klauer/clash-royale-api/go/pkg/clashroyale/endpoints.go:65.2,66.71 2 1
github.com/klauer/clash-royale-api/go/pkg/clashroyale/endpoints.go:66.71,68.3 1 0
github.com/klauer/clash-royale-api/go/pkg/clashroyale/endpoints.go:70.2,70.25 1 1
github.com/klauer/clash-royale-api/go/pkg/clashroyale/endpoints.go:74.77,79.16 4 1
github.com/klauer/clash-royale-api/go/pkg/clashroyale/endpoints.go:79.16,81.3 1 0
github.com/klauer/clash-royale-api/go/pkg/clashroyale/endpoints.go:83.2,84.16 2 1
github.com/klauer/clash-royale-api/go/pkg/clashroyale/endpoints.go:84.16,86.3 1 0
github.com/klauer/clash-royale-api/go/pkg/clashroyale/endpoints.go:87.2,89.38 2 1
github.com/klauer/clash-royale-api/go/pkg/clashroyale/endpoints.go:89.38,94.3 1 0
github.com/klauer/clash-royale-api/go/pkg/clashroyale/endpoints.go:96.2,97.70 2 1
github.com/klauer/clash-royale-api/go/pkg/clashroyale/endpoints.go:97.70,99.3 1 0
github.com/klauer/clash-royale-api/go/pkg/clashroyale/endpoints.go:101.2,101.24 1 1
github.com/klauer/clash-royale-api/go/pkg/clashroyale/endpoints.go:105.48,109.16 3 2
github.com/klauer/clash-royale-api/go/pkg/clashroyale/endpoints.go:109.16,111.3 1 0
github.com/klauer/clash-royale-api/go/pkg/clashroyale/endpoints.go:113.2,114.16 2 2
github.com/klauer/clash-royale-api/go/pkg/clashroyale/endpoints.go:114.16,116.3 1 1
github.com/klauer/clash-royale-api/go/pkg/clashroyale/endpoints.go:117.2,119.38 2 1
github.com/klauer/clash-royale-api/go/pkg/clashroyale/endpoints.go:119.38,124.3 1 0
github.com/klauer/clash-royale-api/go/pkg/clashroyale/endpoints.go:126.2,127.66 2 1
github.com/klauer/clash-royale-api/go/pkg/clashroyale/endpoints.go:127.66,129.3 1 0
github.com/klauer/clash-royale-api/go/pkg/clashroyale/endpoints.go:131.2,131.20 1 1
github.com/klauer/clash-royale-api/go/pkg/clashroyale/endpoints.go:135.56,139.16 3 1
github.com/klauer/clash-royale-api/go/pkg/clashroyale/endpoints.go:139.16,141.3 1 0
github.com/klauer/clash-royale-api/go/pkg/clashroyale/endpoints.go:143.2,144.16 2 1
github.com/klauer/clash-royale-api/go/pkg/clashroyale/endpoints.go:144.16,146.3 1 0
github.com/klauer/clash-royale-api/go/pkg/clashroyale/endpoints.go:147.2,149.38 2 1
github.com/klauer/clash-royale-api/go/pkg/clashroyale/endpoints.go:149.38,154.3 1 0
github.com/klauer/clash-royale-api/go/pkg/clashroyale/endpoints.go:156.2,157.70 2 1
github.com/klauer/clash-royale-api/go/pkg/clashroyale/endpoints.go:157.70,159.3 1 0
github.com/klauer/clash-royale-api/go/pkg/clashroyale/endpoints.go:161.2,161.24 1 1
github.com/klauer/clash-royale-api/go/pkg/clashroyale/types.go:8.38,9.35 1 11
github.com/klauer/clash-royale-api/go/pkg/clashroyale/types.go:9.35,11.3 1 3
github.com/klauer/clash-royale-api/go/pkg/clashroyale/types.go:12.2,12.12 1 8
github.com/klauer/clash-royale-api/go/internal/storage/json.go:14.57,17.47 2 9
github.com/klauer/clash-royale-api/go/internal/storage/json.go:17.47,19.3 1 1
github.com/klauer/clash-royale-api/go/internal/storage/json.go:22.2,23.16 2 8
github.com/klauer/clash-royale-api/go/internal/storage/json.go:23.16,25.3 1 0
github.com/klauer/clash-royale-api/go/internal/storage/json.go:28.2,28.63 1 8
github.com/klauer/clash-royale-api/go/internal/storage/json.go:28.63,30.3 1 0
github.com/klauer/clash-royale-api/go/internal/storage/json.go:32.2,32.12 1 8
github.com/klauer/clash-royale-api/go/internal/storage/json.go:36.56,39.16 2 4
github.com/klauer/clash-royale-api/go/internal/storage/json.go:39.16,41.3 1 1
github.com/klauer/clash-royale-api/go/internal/storage/json.go:44.2,44.55 1 3
github.com/klauer/clash-royale-api/go/internal/storage/json.go:44.55,46.3 1 1
github.com/klauer/clash-royale-api/go/internal/storage/json.go:48.2,48.12 1 2
github.com/klauer/clash-royale-api/go/internal/storage/json.go:52.39,54.24 2 12
github.com/klauer/clash-royale-api/go/internal/storage/json.go:54.24,56.3 1 5
github.com/klauer/clash-royale-api/go/internal/storage/json.go:57.2,57.22 1 7
github.com/klauer/clash-royale-api/go/internal/storage/json.go:61.43,63.24 2 16
github.com/klauer/clash-royale-api/go/internal/storage/json.go:63.24,65.3 1 6
github.com/klauer/clash-royale-api/go/internal/storage/json.go:66.2,66.21 1 10
github.com/klauer/clash-royale-api/go/internal/storage/json.go:70.44,71.30 1 7
github.com/klauer/clash-royale-api/go/internal/storage/json.go:71.30,73.3 1 3
github.com/klauer/clash-royale-api/go/internal/storage/json.go:75.2,75.51 1 4
github.com/klauer/clash-royale-api/go/internal/storage/json.go:75.51,77.3 1 1
github.com/klauer/clash-royale-api/go/internal/storage/json.go:79.2,79.12 1 3
github.com/klauer/clash-royale-api/go/internal/storage/json.go:84.54,85.31 1 3
github.com/klauer/clash-royale-api/go/internal/storage/json.go:85.31,87.3 1 1
github.com/klauer/clash-royale-api/go/internal/storage/json.go:89.2,90.16 2 2
github.com/klauer/clash-royale-api/go/internal/storage/json.go:90.16,92.3 1 0
github.com/klauer/clash-royale-api/go/internal/storage/json.go:94.2,95.32 2 2
github.com/klauer/clash-royale-api/go/internal/storage/json.go:95.32,96.62 1 6
github.com/klauer/clash-royale-api/go/internal/storage/json.go:96.62,98.4 1 3
github.com/klauer/clash-royale-api/go/internal/storage/json.go:101.2,101.23 1 2
github.com/klauer/clash-royale-api/go/internal/storage/json.go:106.40,107.27 1 3
github.com/klauer/clash-royale-api/go/internal/storage/json.go:107.27,109.3 1 1
github.com/klauer/clash-royale-api/go/internal/storage/json.go:111.2,111.44 1 2
github.com/klauer/clash-royale-api/go/internal/storage/json.go:111.44,113.3 1 0
github.com/klauer/clash-royale-api/go/internal/storage/json.go:115.2,115.12 1 2
github.com/klauer/clash-royale-api/go/internal/storage/json.go:119.38,122.16 2 4
github.com/klauer/clash-royale-api/go/internal/storage/json.go:122.16,124.3 1 1
github.com/klauer/clash-royale-api/go/internal/storage/json.go:127.2,128.48 2 3
github.com/klauer/clash-royale-api/go/internal/storage/json.go:128.48,130.3 1 0
github.com/klauer/clash-royale-api/go/internal/storage/json.go:133.2,133.54 1 3
github.com/klauer/clash-royale-api/go/internal/storage/json.go:133.54,135.3 1 0
github.com/klauer/clash-royale-api/go/internal/storage/json.go:137.2,137.12 1 3
github.com/klauer/clash-royale-api/go/internal/storage/json.go:141.38,143.43 1 1
github.com/klauer/clash-royale-api/go/internal/storage/json.go:143.43,145.3 1 0
github.com/klauer/clash-royale-api/go/internal/storage/json.go:148.2,148.40 1 1
github.com/klauer/clash-royale-api/go/internal/storage/json.go:148.40,150.3 1 0
github.com/klauer/clash-royale-api/go/internal/storage/json.go:152.2,152.12 1 1
github.com/klauer/clash-royale-api/go/internal/storage/json.go:156.50,158.16 2 2
github.com/klauer/clash-royale-api/go/internal/storage/json.go:158.16,160.3 1 1
github.com/klauer/clash-royale-api/go/internal/storage/json.go:162.2,162.25 1 1
github.com/klauer/clash-royale-api/go/internal/storage/paths.go:33.50,34.19 1 0
github.com/klauer/clash-royale-api/go/internal/storage/paths.go:34.19,36.3 1 0
github.com/klauer/clash-royale-api/go/internal/storage/paths.go:37.2,37.39 1 0
github.com/klauer/clash-royale-api/go/internal/storage/paths.go:41.46,43.2 1 0
github.com/klauer/clash-royale-api/go/internal/storage/paths.go:46.47,48.2 1 0
github.com/klauer/clash-royale-api/go/internal/storage/paths.go:51.48,53.2 1 0
github.com/klauer/clash-royale-api/go/internal/storage/paths.go:56.45,58.2 1 0
github.com/klauer/clash-royale-api/go/internal/storage/paths.go:61.50,63.2 1 0
github.com/klauer/clash-royale-api/go/internal/storage/paths.go:66.43,68.2 1 0
github.com/klauer/clash-royale-api/go/internal/storage/paths.go:71.50,73.2 1 0
github.com/klauer/clash-royale-api/go/internal/storage/paths.go:76.52,78.2 1 0
github.com/klauer/clash-royale-api/go/internal/storage/paths.go:81.49,83.2 1 0
github.com/klauer/clash-royale-api/go/internal/storage/paths.go:86.51,88.2 1 0
github.com/klauer/clash-royale-api/go/internal/storage/paths.go:92.67,95.2 2 0
github.com/klauer/clash-royale-api/go/internal/storage/paths.go:99.69,104.2 4 0
github.com/klauer/clash-royale-api/go/internal/storage/paths.go:108.65,113.2 4 0
github.com/klauer/clash-royale-api/go/internal/storage/paths.go:117.71,120.2 2 0
github.com/klauer/clash-royale-api/go/internal/storage/paths.go:124.76,126.2 1 0
github.com/klauer/clash-royale-api/go/internal/storage/paths.go:130.80,133.2 2 0
github.com/klauer/clash-royale-api/go/internal/storage/paths.go:137.72,141.2 3 0
github.com/klauer/clash-royale-api/go/internal/storage/paths.go:145.71,149.2 3 0
github.com/klauer/clash-royale-api/go/internal/storage/paths.go:153.72,157.2 3 0
github.com/klauer/clash-royale-api/go/internal/storage/paths.go:161.74,165.2 3 0
github.com/klauer/clash-royale-api/go/internal/storage/paths.go:169.49,171.2 1 0
github.com/klauer/clash-royale-api/go/internal/storage/paths.go:174.54,187.27 2 0
github.com/klauer/clash-royale-api/go/internal/storage/paths.go:187.27,188.46 1 0
github.com/klauer/clash-royale-api/go/internal/storage/paths.go:188.46,190.4 1 0
github.com/klauer/clash-royale-api/go/internal/storage/paths.go:193.2,193.12 1 0
github.com/klauer/clash-royale-api/go/internal/storage/paths.go:198.79,199.31 1 0
github.com/klauer/clash-royale-api/go/internal/storage/paths.go:199.31,201.3 1 0
github.com/klauer/clash-royale-api/go/internal/storage/paths.go:203.2,204.16 2 0
github.com/klauer/clash-royale-api/go/internal/storage/paths.go:204.16,206.3 1 0
github.com/klauer/clash-royale-api/go/internal/storage/paths.go:208.2,208.21 1 0
github.com/klauer/clash-royale-api/go/internal/storage/paths.go:208.21,210.3 1 0
github.com/klauer/clash-royale-api/go/internal/storage/paths.go:213.2,216.29 3 0
github.com/klauer/clash-royale-api/go/internal/storage/paths.go:216.29,218.17 2 0
github.com/klauer/clash-royale-api/go/internal/storage/paths.go:218.17,219.12 1 0
github.com/klauer/clash-royale-api/go/internal/storage/paths.go:222.3,225.52 2 0
github.com/klauer/clash-royale-api/go/internal/storage/paths.go:225.52,228.4 2 0
github.com/klauer/clash-royale-api/go/internal/storage/paths.go:231.2,231.24 1 0
github.com/klauer/clash-royale-api/go/pkg/events/manager.go:23.42,31.2 2 9
github.com/klauer/clash-royale-api/go/pkg/events/manager.go:34.62,38.2 2 49
github.com/klauer/clash-royale-api/go/pkg/events/manager.go:41.67,53.27 3 11
github.com/klauer/clash-royale-api/go/pkg/events/manager.go:53.27,54.48 1 55
github.com/klauer/clash-royale-api/go/pkg/events/manager.go:54.48,56.4 1 0
github.com/klauer/clash-royale-api/go/pkg/events/manager.go:59.2,59.12 1 11
github.com/klauer/clash-royale-api/go/pkg/events/manager.go:63.61,64.71 1 10
github.com/klauer/clash-royale-api/go/pkg/events/manager.go:64.71,66.3 1 0
github.com/klauer/clash-royale-api/go/pkg/events/manager.go:68.2,72.29 3 10
github.com/klauer/clash-royale-api/go/pkg/events/manager.go:73.27,74.51 1 2
github.com/klauer/clash-royale-api/go/pkg/events/manager.go:75.29,76.54 1 1
github.com/klauer/clash-royale-api/go/pkg/events/manager.go:77.10,78.50 1 7
github.com/klauer/clash-royale-api/go/pkg/events/manager.go:82.2,91.16 8 10
github.com/klauer/clash-royale-api/go/pkg/events/manager.go:91.16,93.3 1 0
github.com/klauer/clash-royale-api/go/pkg/events/manager.go:96.2,96.59 1 10
github.com/klauer/clash-royale-api/go/pkg/events/manager.go:96.59,98.3 1 0
github.com/klauer/clash-royale-api/go/pkg/events/manager.go:101.2,101.58 1 10
github.com/klauer/clash-royale-api/go/pkg/events/manager.go:101.58,103.3 1 0
github.com/klauer/clash-royale-api/go/pkg/events/manager.go:105.2,105.12 1 10
github.com/klauer/clash-royale-api/go/pkg/events/manager.go:109.68,115.58 4 10
github.com/klauer/clash-royale-api/go/pkg/events/manager.go:115.58,117.59 1 4
github.com/klauer/clash-royale-api/go/pkg/events/manager.go:117.59,123.4 1 0
github.com/klauer/clash-royale-api/go/pkg/events/manager.go:124.8,130.3 1 6
github.com/klauer/clash-royale-api/go/pkg/events/manager.go:133.2,137.16 3 10
github.com/klauer/clash-royale-api/go/pkg/events/manager.go:137.16,139.3 1 0
github.com/klauer/clash-royale-api/go/pkg/events/manager.go:141.2,141.65 1 10
github.com/klauer/clash-royale-api/go/pkg/events/manager.go:141.65,143.3 1 0
github.com/klauer/clash-royale-api/go/pkg/events/manager.go:145.2,145.12 1 10
github.com/klauer/clash-royale-api/go/pkg/events/manager.go:156.99,157.17 1 7
github.com/klauer/clash-royale-api/go/pkg/events/manager.go:157.17,159.3 1 4
github.com/klauer/clash-royale-api/go/pkg/events/manager.go:161.2,166.27 4 7
github.com/klauer/clash-royale-api/go/pkg/events/manager.go:166.27,167.26 1 1
github.com/klauer/clash-royale-api/go/pkg/events/manager.go:168.28,169.63 1 1
github.com/klauer/clash-royale-api/go/pkg/events/manager.go:170.30,171.66 1 0
github.com/klauer/clash-royale-api/go/pkg/events/manager.go:172.11,173.62 1 0
github.com/klauer/clash-royale-api/go/pkg/events/manager.go:175.8,181.3 1 6
github.com/klauer/clash-royale-api/go/pkg/events/manager.go:184.2,185.26 2 7
github.com/klauer/clash-royale-api/go/pkg/events/manager.go:185.26,187.3 1 1
github.com/klauer/clash-royale-api/go/pkg/events/manager.go:190.2,190.33 1 7
github.com/klauer/clash-royale-api/go/pkg/events/manager.go:190.33,191.52 1 19
github.com/klauer/clash-royale-api/go/pkg/events/manager.go:191.52,192.12 1 0
github.com/klauer/clash-royale-api/go/pkg/events/manager.go:195.3,196.17 2 19
github.com/klauer/clash-royale-api/go/pkg/events/manager.go:196.17,197.12 1 0
github.com/klauer/clash-royale-api/go/pkg/events/manager.go:200.3,200.34 1 19
github.com/klauer/clash-royale-api/go/pkg/events/manager.go:200.34,202.52 1 12
github.com/klauer/clash-royale-api/go/pkg/events/manager.go:202.52,203.13 1 0
github.com/klauer/clash-royale-api/go/pkg/events/manager.go:207.4,208.18 2 12
github.com/klauer/clash-royale-api/go/pkg/events/manager.go:208.18,209.13 1 0
github.com/klauer/clash-royale-api/go/pkg/events/manager.go:213.4,214.54 2 12
github.com/klauer/clash-royale-api/go/pkg/events/manager.go:214.54,215.13 1 0
github.com/klauer/clash-royale-api/go/pkg/events/manager.go:219.4,219.61 1 12
github.com/klauer/clash-royale-api/go/pkg/events/manager.go:219.61,220.13 1 1
github.com/klauer/clash-royale-api/go/pkg/events/manager.go:223.4,223.31 1 11
github.com/klauer/clash-royale-api/go/pkg/events/manager.go:228.2,228.40 1 7
github.com/klauer/clash-royale-api/go/pkg/events/manager.go:228.40,230.3 1 5
github.com/klauer/clash-royale-api/go/pkg/events/manager.go:233.2,233.51 1 7
github.com/klauer/clash-royale-api/go/pkg/events/manager.go:233.51,235.3 1 1
github.com/klauer/clash-royale-api/go/pkg/events/manager.go:237.2,237.19 1 7
github.com/klauer/clash-royale-api/go/pkg/events/manager.go:241.112,244.16 2 1
github.com/klauer/clash-royale-api/go/pkg/events/manager.go:244.16,246.3 1 0
github.com/klauer/clash-royale-api/go/pkg/events/manager.go:249.2,250.34 2 1
github.com/klauer/clash-royale-api/go/pkg/events/manager.go:250.34,251.48 1 1
github.com/klauer/clash-royale-api/go/pkg/events/manager.go:251.48,253.12 1 0
github.com/klauer/clash-royale-api/go/pkg/events/manager.go:255.3,255.36 1 1
github.com/klauer/clash-royale-api/go/pkg/events/manager.go:258.2,258.22 1 1
github.com/klauer/clash-royale-api/go/pkg/events/manager.go:262.81,267.16 4 5
github.com/klauer/clash-royale-api/go/pkg/events/manager.go:267.16,268.25 1 2
github.com/klauer/clash-royale-api/go/pkg/events/manager.go:268.25,275.4 1 2
github.com/klauer/clash-royale-api/go/pkg/events/manager.go:276.3,276.68 1 0
github.com/klauer/clash-royale-api/go/pkg/events/manager.go:279.2,280.58 2 3
github.com/klauer/clash-royale-api/go/pkg/events/manager.go:280.58,282.3 1 0
github.com/klauer/clash-royale-api/go/pkg/events/manager.go:284.2,284.25 1 3
github.com/klauer/clash-royale-api/go/pkg/events/manager.go:288.68,291.16 2 2
github.com/klauer/clash-royale-api/go/pkg/events/manager.go:291.16,293.3 1 0
github.com/klauer/clash-royale-api/go/pkg/events/manager.go:296.2,297.34 2 2
github.com/klauer/clash-royale-api/go/pkg/events/manager.go:297.34,298.45 1 1
github.com/klauer/clash-royale-api/go/pkg/events/manager.go:298.45,300.9 2 1
github.com/klauer/clash-royale-api/go/pkg/events/manager.go:304.2,304.23 1 2
github.com/klauer/clash-royale-api/go/pkg/events/manager.go:304.23,306.3 1 1
github.com/klauer/clash-royale-api/go/pkg/events/manager.go:309.2,311.30 3 1
github.com/klauer/clash-royale-api/go/pkg/events/manager.go:312.27,313.51 1 0
github.com/klauer/clash-royale-api/go/pkg/events/manager.go:314.29,315.54 1 0
github.com/klauer/clash-royale-api/go/pkg/events/manager.go:316.10,317.50 1 1
github.com/klauer/clash-royale-api/go/pkg/events/manager.go:321.2,322.16 2 1
github.com/klauer/clash-royale-api/go/pkg/events/manager.go:322.16,324.3 1 0
github.com/klauer/clash-royale-api/go/pkg/events/manager.go:326.2,326.33 1 1
github.com/klauer/clash-royale-api/go/pkg/events/manager.go:326.33,328.51 1 1
github.com/klauer/clash-royale-api/go/pkg/events/manager.go:328.51,329.12 1 0
github.com/klauer/clash-royale-api/go/pkg/events/manager.go:333.3,334.17 2 1
github.com/klauer/clash-royale-api/go/pkg/events/manager.go:334.17,335.12 1 0
github.com/klauer/clash-royale-api/go/pkg/events/manager.go:338.3,339.53 2 1
github.com/klauer/clash-royale-api/go/pkg/events/manager.go:339.53,340.12 1 0
github.com/klauer/clash-royale-api/go/pkg/events/manager.go:343.3,343.30 1 1
github.com/klauer/clash-royale-api/go/pkg/events/manager.go:343.30,345.46 1 1
github.com/klauer/clash-royale-api/go/pkg/events/manager.go:345.46,347.5 1 0
github.com/klauer/clash-royale-api/go/pkg/events/manager.go:350.4,351.36 2 1
github.com/klauer/clash-royale-api/go/pkg/events/manager.go:351.36,352.47 1 1
github.com/klauer/clash-royale-api/go/pkg/events/manager.go:352.47,354.6 1 0
github.com/klauer/clash-royale-api/go/pkg/events/manager.go:356.4,362.18 5 1
github.com/klauer/clash-royale-api/go/pkg/events/manager.go:362.18,364.5 1 0
github.com/klauer/clash-royale-api/go/pkg/events/manager.go:366.4,366.77 1 1
github.com/klauer/clash-royale-api/go/pkg/events/manager.go:366.77,368.5 1 0
github.com/klauer/clash-royale-api/go/pkg/events/manager.go:370.4,370.14 1 1
github.com/klauer/clash-royale-api/go/pkg/events/manager.go:374.2,374.61 1 0
github.com/klauer/clash-royale-api/go/pkg/events/manager.go:378.79,381.16 2 0
github.com/klauer/clash-royale-api/go/pkg/events/manager.go:381.16,383.3 1 0
github.com/klauer/clash-royale-api/go/pkg/events/manager.go:386.2,386.40 1 0
github.com/klauer/clash-royale-api/go/pkg/events/manager.go:386.40,387.30 1 0
github.com/klauer/clash-royale-api/go/pkg/events/manager.go:387.30,391.4 2 0
github.com/klauer/clash-royale-api/go/pkg/events/manager.go:394.2,394.61 1 0
github.com/klauer/clash-royale-api/go/pkg/events/manager.go:398.87,400.2 1 0
github.com/klauer/clash-royale-api/go/pkg/events/parser.go:24.26,52.2 1 18
github.com/klauer/clash-royale-api/go/pkg/events/parser.go:55.106,61.36 3 1
github.com/klauer/clash-royale-api/go/pkg/events/parser.go:61.36,63.17 2 1
github.com/klauer/clash-royale-api/go/pkg/events/parser.go:63.17,65.12 1 0
github.com/klauer/clash-royale-api/go/pkg/events/parser.go:67.3,67.23 1 1
github.com/klauer/clash-royale-api/go/pkg/events/parser.go:67.23,69.4 1 1
github.com/klauer/clash-royale-api/go/pkg/events/parser.go:72.2,72.24 1 1
github.com/klauer/clash-royale-api/go/pkg/events/parser.go:86.102,89.36 2 2
github.com/klauer/clash-royale-api/go/pkg/events/parser.go:89.36,90.30 1 8
github.com/klauer/clash-royale-api/go/pkg/events/parser.go:90.30,92.4 1 7
github.com/klauer/clash-royale-api/go/pkg/events/parser.go:96.2,96.47 1 2
github.com/klauer/clash-royale-api/go/pkg/events/parser.go:96.47,98.3 1 5
github.com/klauer/clash-royale-api/go/pkg/events/parser.go:100.2,100.28 1 2
github.com/klauer/clash-royale-api/go/pkg/events/parser.go:100.28,102.3 1 0
github.com/klauer/clash-royale-api/go/pkg/events/parser.go:105.2,108.38 3 2
github.com/klauer/clash-royale-api/go/pkg/events/parser.go:108.38,109.41 1 7
github.com/klauer/clash-royale-api/go/pkg/events/parser.go:109.41,111.27 1 3
github.com/klauer/clash-royale-api/go/pkg/events/parser.go:111.27,113.5 1 1
github.com/klauer/clash-royale-api/go/pkg/events/parser.go:116.4,124.5 2 3
github.com/klauer/clash-royale-api/go/pkg/events/parser.go:125.9,128.4 1 4
github.com/klauer/clash-royale-api/go/pkg/events/parser.go:132.2,132.25 1 2
github.com/klauer/clash-royale-api/go/pkg/events/parser.go:132.25,134.3 1 2
github.com/klauer/clash-royale-api/go/pkg/events/parser.go:136.2,136.15 1 2
github.com/klauer/clash-royale-api/go/pkg/events/parser.go:140.64,143.39 2 13
github.com/klauer/clash-royale-api/go/pkg/events/parser.go:143.39,144.40 1 48
github.com/klauer/clash-royale-api/go/pkg/events/parser.go:144.40,146.4 1 11
github.com/klauer/clash-royale-api/go/pkg/events/parser.go:151.2,151.31 1 2
github.com/klauer/clash-royale-api/go/pkg/events/parser.go:151.31,153.3 1 0
github.com/klauer/clash-royale-api/go/pkg/events/parser.go:155.2,155.14 1 2
github.com/klauer/clash-royale-api/go/pkg/events/parser.go:167.72,188.38 5 11
github.com/klauer/clash-royale-api/go/pkg/events/parser.go:188.38,189.46 1 14
github.com/klauer/clash-royale-api/go/pkg/events/parser.go:189.46,191.9 2 11
github.com/klauer/clash-royale-api/go/pkg/events/parser.go:196.2,197.45 2 11
github.com/klauer/clash-royale-api/go/pkg/events/parser.go:197.45,198.43 1 143
github.com/klauer/clash-royale-api/go/pkg/events/parser.go:198.43,200.9 2 0
github.com/klauer/clash-royale-api/go/pkg/events/parser.go:205.2,212.3 2 11
github.com/klauer/clash-royale-api/go/pkg/events/parser.go:216.76,217.27 1 14
github.com/klauer/clash-royale-api/go/pkg/events/parser.go:217.27,219.3 1 1
github.com/klauer/clash-royale-api/go/pkg/events/parser.go:222.2,225.29 3 13
github.com/klauer/clash-royale-api/go/pkg/events/parser.go:225.29,227.3 1 78
github.com/klauer/clash-royale-api/go/pkg/events/parser.go:230.2,232.18 2 13
github.com/klauer/clash-royale-api/go/pkg/events/parser.go:236.87,237.25 1 12
github.com/klauer/clash-royale-api/go/pkg/events/parser.go:237.25,239.3 1 3
github.com/klauer/clash-royale-api/go/pkg/events/parser.go:242.2,242.35 1 9
github.com/klauer/clash-royale-api/go/pkg/events/parser.go:242.35,244.59 2 9
github.com/klauer/clash-royale-api/go/pkg/events/parser.go:244.59,246.4 1 2
github.com/klauer/clash-royale-api/go/pkg/events/parser.go:250.2,251.54 2 7
github.com/klauer/clash-royale-api/go/pkg/events/parser.go:251.54,253.3 1 1
github.com/klauer/clash-royale-api/go/pkg/events/parser.go:256.2,256.67 1 6
github.com/klauer/clash-royale-api/go/pkg/events/parser.go:256.67,258.3 1 1
github.com/klauer/clash-royale-api/go/pkg/events/parser.go:260.2,260.14 1 5
github.com/klauer/clash-royale-api/go/pkg/events/parser.go:264.57,265.30 1 10
github.com/klauer/clash-royale-api/go/pkg/events/parser.go:265.30,267.3 1 1
github.com/klauer/clash-royale-api/go/pkg/events/parser.go:269.2,269.23 1 9
github.com/klauer/clash-royale-api/go/pkg/events/parser.go:269.23,270.27 1 51
github.com/klauer/clash-royale-api/go/pkg/events/parser.go:270.27,272.4 1 2
github.com/klauer/clash-royale-api/go/pkg/events/parser.go:275.2,275.13 1 7
github.com/klauer/clash-royale-api/go/pkg/events/parser.go:279.90,280.29 1 1
github.com/klauer/clash-royale-api/go/pkg/events/parser.go:280.29,282.3 1 0
github.com/klauer/clash-royale-api/go/pkg/events/parser.go:285.2,286.32 2 1
github.com/klauer/clash-royale-api/go/pkg/events/parser.go:286.32,288.3 1 0
github.com/klauer/clash-royale-api/go/pkg/events/parser.go:290.2,292.25 3 1
github.com/klauer/clash-royale-api/go/pkg/events/parser.go:292.25,294.3 1 0
github.com/klauer/clash-royale-api/go/pkg/events/parser.go:297.2,299.37 3 1
github.com/klauer/clash-royale-api/go/pkg/events/parser.go:299.37,310.3 3 8
github.com/klauer/clash-royale-api/go/pkg/events/parser.go:313.2,319.40 2 1
github.com/klauer/clash-royale-api/go/pkg/events/parser.go:319.40,321.3 1 0
github.com/klauer/clash-royale-api/go/pkg/events/parser.go:324.2,348.39 4 1
github.com/klauer/clash-royale-api/go/pkg/events/parser.go:348.39,350.26 2 2
github.com/klauer/clash-royale-api/go/pkg/events/parser.go:350.26,352.4 1 2
github.com/klauer/clash-royale-api/go/pkg/events/parser.go:356.2,356.25 1 1
github.com/klauer/clash-royale-api/go/pkg/events/parser.go:357.31,359.43 2 1
github.com/klauer/clash-royale-api/go/pkg/events/parser.go:360.58,362.43 2 0
github.com/klauer/clash-royale-api/go/pkg/events/parser.go:363.10,365.43 2 0
github.com/klauer/clash-royale-api/go/pkg/events/parser.go:369.2,371.24 2 1
github.com/klauer/clash-royale-api/go/pkg/events/parser.go:375.96,376.56 1 6
github.com/klauer/clash-royale-api/go/pkg/events/parser.go:376.56,378.3 1 2
github.com/klauer/clash-royale-api/go/pkg/events/parser.go:381.2,384.33 4 4
github.com/klauer/clash-royale-api/go/pkg/events/parser.go:384.33,386.3 1 2
github.com/klauer/clash-royale-api/go/pkg/events/parser.go:386.8,386.41 1 2
github.com/klauer/clash-royale-api/go/pkg/events/parser.go:386.41,388.3 1 0
github.com/klauer/clash-royale-api/go/pkg/events/parser.go:391.2,392.38 2 4
github.com/klauer/clash-royale-api/go/pkg/events/parser.go:392.38,395.3 2 1
github.com/klauer/clash-royale-api/go/pkg/events/parser.go:397.2,406.3 1 4
github.com/klauer/clash-royale-api/go/pkg/events/parser.go:410.59,424.2 7 4
github.com/klauer/clash-royale-api/go/pkg/events/types.go:52.45,53.23 1 0
github.com/klauer/clash-royale-api/go/pkg/events/types.go:53.23,55.3 1 0
github.com/klauer/clash-royale-api/go/pkg/events/types.go:57.2,58.31 2 0
github.com/klauer/clash-royale-api/go/pkg/events/types.go:58.31,60.3 1 0
github.com/klauer/clash-royale-api/go/pkg/events/types.go:62.2,62.47 1 0
github.com/klauer/clash-royale-api/go/pkg/events/types.go:66.33,67.23 1 1
github.com/klauer/clash-royale-api/go/pkg/events/types.go:67.23,69.3 1 0
github.com/klauer/clash-royale-api/go/pkg/events/types.go:71.2,71.31 1 1
github.com/klauer/clash-royale-api/go/pkg/events/types.go:71.31,72.50 1 8
github.com/klauer/clash-royale-api/go/pkg/events/types.go:72.50,74.4 1 0
github.com/klauer/clash-royale-api/go/pkg/events/types.go:77.2,77.12 1 1
github.com/klauer/clash-royale-api/go/pkg/events/types.go:93.38,95.2 1 2
github.com/klauer/clash-royale-api/go/pkg/events/types.go:98.39,100.2 1 1
github.com/klauer/clash-royale-api/go/pkg/events/types.go:116.48,118.2 1 2
github.com/klauer/clash-royale-api/go/pkg/events/types.go:121.48,123.16 2 2
github.com/klauer/clash-royale-api/go/pkg/events/types.go:123.16,126.3 2 0
github.com/klauer/clash-royale-api/go/pkg/events/types.go:127.2,127.48 1 2
github.com/klauer/clash-royale-api/go/pkg/events/types.go:131.46,133.49 1 3
github.com/klauer/clash-royale-api/go/pkg/events/types.go:133.49,136.3 2 0
github.com/klauer/clash-royale-api/go/pkg/events/types.go:140.2,140.20 1 3
github.com/klauer/clash-royale-api/go/pkg/events/types.go:140.20,143.3 2 0
github.com/klauer/clash-royale-api/go/pkg/events/types.go:146.2,146.39 1 3
github.com/klauer/clash-royale-api/go/pkg/events/types.go:165.53,169.20 2 2
github.com/klauer/clash-royale-api/go/pkg/events/types.go:169.20,172.63 3 1
github.com/klauer/clash-royale-api/go/pkg/events/types.go:172.63,174.4 1 1
github.com/klauer/clash-royale-api/go/pkg/events/types.go:175.8,175.28 1 1
github.com/klauer/clash-royale-api/go/pkg/events/types.go:175.28,178.3 2 1
github.com/klauer/clash-royale-api/go/pkg/events/types.go:180.2,188.56 5 2
github.com/klauer/clash-royale-api/go/pkg/events/types.go:188.56,191.3 2 0
github.com/klauer/clash-royale-api/go/pkg/events/types.go:202.57,204.41 1 10
github.com/klauer/clash-royale-api/go/pkg/events/types.go:204.41,205.43 1 6
github.com/klauer/clash-royale-api/go/pkg/events/types.go:205.43,210.4 3 0
github.com/klauer/clash-royale-api/go/pkg/events/types.go:214.2,215.30 2 10
github.com/klauer/clash-royale-api/go/pkg/events/types.go:219.81,221.33 2 0
github.com/klauer/clash-royale-api/go/pkg/events/types.go:221.33,222.34 1 0
github.com/klauer/clash-royale-api/go/pkg/events/types.go:222.34,224.4 1 0
github.com/klauer/clash-royale-api/go/pkg/events/types.go:226.2,226.17 1 0
github.com/klauer/clash-royale-api/go/pkg/events/types.go:230.70,234.33 3 0
github.com/klauer/clash-royale-api/go/pkg/events/types.go:234.33,235.35 1 0
github.com/klauer/clash-royale-api/go/pkg/events/types.go:235.35,237.4 1 0
github.com/klauer/clash-royale-api/go/pkg/events/types.go:240.2,240.15 1 0
github.com/klauer/clash-royale-api/go/pkg/events/types.go:244.90,248.33 2 0
github.com/klauer/clash-royale-api/go/pkg/events/types.go:248.33,249.52 1 0
github.com/klauer/clash-royale-api/go/pkg/events/types.go:249.52,251.4 1 0
github.com/klauer/clash-royale-api/go/pkg/events/types.go:258.2,258.28 1 0
github.com/klauer/clash-royale-api/go/pkg/events/types.go:258.28,260.3 1 0
github.com/klauer/clash-royale-api/go/pkg/events/types.go:262.2,262.18 1 0
github.com/klauer/clash-royale-api/go/pkg/events/types.go:281.43,282.24 1 0
github.com/klauer/clash-royale-api/go/pkg/events/types.go:282.24,284.3 1 0
github.com/klauer/clash-royale-api/go/pkg/events/types.go:285.2,285.19 1 0
github.com/klauer/clash-royale-api/go/pkg/events/types.go:285.19,287.3 1 0
github.com/klauer/clash-royale-api/go/pkg/events/types.go:288.2,288.97 1 0
github.com/klauer/clash-royale-api/go/pkg/events/types.go:288.97,290.3 1 0
github.com/klauer/clash-royale-api/go/pkg/events/types.go:291.2,291.12 1 0
github.com/klauer/clash-royale-api/go/pkg/events/types.go:298.61,300.28 2 0
github.com/klauer/clash-royale-api/go/pkg/events/types.go:300.28,301.30 1 0
github.com/klauer/clash-royale-api/go/pkg/events/types.go:301.30,303.4 1 0
github.com/klauer/clash-royale-api/go/pkg/events/types.go:305.2,305.17 1 0
github.com/klauer/clash-royale-api/go/pkg/events/types.go:309.71,311.28 2 0
github.com/klauer/clash-royale-api/go/pkg/events/types.go:311.28,312.70 1 0
github.com/klauer/clash-royale-api/go/pkg/events/types.go:312.70,314.4 1 0
github.com/klauer/clash-royale-api/go/pkg/events/types.go:316.2,316.17 1 0
github.com/klauer/clash-royale-api/go/pkg/events/types.go:320.39,322.28 2 0
github.com/klauer/clash-royale-api/go/pkg/events/types.go:322.28,324.3 1 0
github.com/klauer/clash-royale-api/go/pkg/events/types.go:325.2,325.14 1 0
github.com/klauer/clash-royale-api/go/pkg/events/types.go:329.39,330.18 1 0
github.com/klauer/clash-royale-api/go/pkg/events/types.go:330.18,332.3 1 0
github.com/klauer/clash-royale-api/go/pkg/events/types.go:333.2,334.28 2 0
github.com/klauer/clash-royale-api/go/pkg/events/types.go:334.28,335.21 1 0
github.com/klauer/clash-royale-api/go/pkg/events/types.go:335.21,337.4 1 0
github.com/klauer/clash-royale-api/go/pkg/events/types.go:339.2,339.41 1 0
github.com/klauer/clash-royale-api/go/pkg/events/types.go:343.51,354.2 2 26
github.com/klauer/clash-royale-api/go/pkg/events/types.go:357.42,358.14 1 26
github.com/klauer/clash-royale-api/go/pkg/events/types.go:358.14,360.3 1 26
github.com/klauer/clash-royale-api/go/pkg/events/types.go:361.2,362.19 2 0
github.com/klauer/clash-royale-api/go/pkg/events/types.go:379.37,381.2 1 0
github.com/klauer/clash-royale-api/go/internal/exporter/csv/analysis.go:11.41,17.2 1 0
github.com/klauer/clash-royale-api/go/internal/exporter/csv/analysis.go:20.33,32.2 1 0
github.com/klauer/clash-royale-api/go/internal/exporter/csv/analysis.go:35.61,37.9 2 0
github.com/klauer/clash-royale-api/go/internal/exporter/csv/analysis.go:37.9,39.3 1 0
github.com/klauer/clash-royale-api/go/internal/exporter/csv/analysis.go:42.2,59.61 4 0
github.com/klauer/clash-royale-api/go/internal/exporter/csv/analysis.go:63.43,69.2 1 0
github.com/klauer/clash-royale-api/go/internal/exporter/csv/analysis.go:72.35,87.2 1 0
github.com/klauer/clash-royale-api/go/internal/exporter/csv/analysis.go:90.63,92.9 2 0
github.com/klauer/clash-royale-api/go/internal/exporter/csv/analysis.go:92.9,94.3 1 0
github.com/klauer/clash-royale-api/go/internal/exporter/csv/analysis.go:97.2,99.51 2 0
github.com/klauer/clash-royale-api/go/internal/exporter/csv/analysis.go:99.51,101.27 2 0
github.com/klauer/clash-royale-api/go/internal/exporter/csv/analysis.go:101.27,103.4 1 0
github.com/klauer/clash-royale-api/go/internal/exporter/csv/analysis.go:105.3,119.27 2 0
github.com/klauer/clash-royale-api/go/internal/exporter/csv/analysis.go:123.2,125.63 3 0
github.com/klauer/clash-royale-api/go/internal/exporter/csv/analysis.go:129.50,135.2 1 0
github.com/klauer/clash-royale-api/go/internal/exporter/csv/analysis.go:138.42,153.2 1 0
github.com/klauer/clash-royale-api/go/internal/exporter/csv/analysis.go:156.70,158.9 2 0
github.com/klauer/clash-royale-api/go/internal/exporter/csv/analysis.go:158.9,160.3 1 0
github.com/klauer/clash-royale-api/go/internal/exporter/csv/analysis.go:163.2,165.56 2 0
github.com/klauer/clash-royale-api/go/internal/exporter/csv/analysis.go:165.56,168.43 2 0
github.com/klauer/clash-royale-api/go/internal/exporter/csv/analysis.go:168.43,169.13 1 0
github.com/klauer/clash-royale-api/go/internal/exporter/csv/analysis.go:169.13,171.5 1 0
github.com/klauer/clash-royale-api/go/internal/exporter/csv/analysis.go:172.4,172.21 1 0
github.com/klauer/clash-royale-api/go/internal/exporter/csv/analysis.go:175.3,189.27 2 0
github.com/klauer/clash-royale-api/go/internal/exporter/csv/analysis.go:193.2,195.70 3 0
github.com/klauer/clash-royale-api/go/internal/exporter/csv/analysis.go:199.48,205.2 1 0
github.com/klauer/clash-royale-api/go/internal/exporter/csv/analysis.go:208.40,219.2 1 0
github.com/klauer/clash-royale-api/go/internal/exporter/csv/analysis.go:222.68,224.9 2 0
github.com/klauer/clash-royale-api/go/internal/exporter/csv/analysis.go:224.9,226.3 1 0
github.com/klauer/clash-royale-api/go/internal/exporter/csv/analysis.go:229.2,231.53 2 0
github.com/klauer/clash-royale-api/go/internal/exporter/csv/analysis.go:231.53,243.3 2 0
github.com/klauer/clash-royale-api/go/internal/exporter/csv/analysis.go:246.2,248.68 3 0
github.com/klauer/clash-royale-api/go/internal/exporter/csv/battle.go:11.42,17.2 1 0
github.com/klauer/clash-royale-api/go/internal/exporter/csv/battle.go:20.34,40.2 1 0
github.com/klauer/clash-royale-api/go/internal/exporter/csv/battle.go:43.62,45.9 2 0
github.com/klauer/clash-royale-api/go/internal/exporter/csv/battle.go:45.9,47.3 1 0
github.com/klauer/clash-royale-api/go/internal/exporter/csv/battle.go:50.2,52.33 2 0
github.com/klauer/clash-royale-api/go/internal/exporter/csv/battle.go:52.33,55.57 1 0
github.com/klauer/clash-royale-api/go/internal/exporter/csv/battle.go:55.57,56.12 1 0
github.com/klauer/clash-royale-api/go/internal/exporter/csv/battle.go:59.3,64.29 4 0
github.com/klauer/clash-royale-api/go/internal/exporter/csv/battle.go:64.29,66.4 1 0
github.com/klauer/clash-royale-api/go/internal/exporter/csv/battle.go:69.3,70.37 2 0
github.com/klauer/clash-royale-api/go/internal/exporter/csv/battle.go:70.37,72.4 1 0
github.com/klauer/clash-royale-api/go/internal/exporter/csv/battle.go:75.3,76.27 2 0
github.com/klauer/clash-royale-api/go/internal/exporter/csv/battle.go:76.27,78.37 2 0
github.com/klauer/clash-royale-api/go/internal/exporter/csv/battle.go:78.37,80.5 1 0
github.com/klauer/clash-royale-api/go/internal/exporter/csv/battle.go:81.4,81.44 1 0
github.com/klauer/clash-royale-api/go/internal/exporter/csv/battle.go:84.3,105.22 2 0
github.com/klauer/clash-royale-api/go/internal/exporter/csv/battle.go:105.22,108.4 1 0
github.com/klauer/clash-royale-api/go/internal/exporter/csv/battle.go:110.3,110.27 1 0
github.com/klauer/clash-royale-api/go/internal/exporter/csv/battle.go:114.2,116.62 3 0
github.com/klauer/clash-royale-api/go/internal/exporter/csv/battle.go:120.46,126.2 1 0
github.com/klauer/clash-royale-api/go/internal/exporter/csv/battle.go:129.38,152.2 1 0
github.com/klauer/clash-royale-api/go/internal/exporter/csv/battle.go:155.66,157.9 2 0
github.com/klauer/clash-royale-api/go/internal/exporter/csv/battle.go:157.9,159.3 1 0
github.com/klauer/clash-royale-api/go/internal/exporter/csv/battle.go:162.2,162.23 1 0
github.com/klauer/clash-royale-api/go/internal/exporter/csv/battle.go:162.23,164.3 1 0
github.com/klauer/clash-royale-api/go/internal/exporter/csv/battle.go:168.2,188.33 19 0
github.com/klauer/clash-royale-api/go/internal/exporter/csv/battle.go:188.33,189.57 1 0
github.com/klauer/clash-royale-api/go/internal/exporter/csv/battle.go:189.57,190.12 1 0
github.com/klauer/clash-royale-api/go/internal/exporter/csv/battle.go:193.3,197.38 3 0
github.com/klauer/clash-royale-api/go/internal/exporter/csv/battle.go:197.38,200.27 3 0
github.com/klauer/clash-royale-api/go/internal/exporter/csv/battle.go:200.27,202.5 1 0
github.com/klauer/clash-royale-api/go/internal/exporter/csv/battle.go:203.9,206.4 2 0
github.com/klauer/clash-royale-api/go/internal/exporter/csv/battle.go:209.3,213.25 3 0
github.com/klauer/clash-royale-api/go/internal/exporter/csv/battle.go:213.25,215.4 1 0
github.com/klauer/clash-royale-api/go/internal/exporter/csv/battle.go:216.3,216.27 1 0
github.com/klauer/clash-royale-api/go/internal/exporter/csv/battle.go:216.27,218.4 1 0
github.com/klauer/clash-royale-api/go/internal/exporter/csv/battle.go:221.3,222.63 2 0
github.com/klauer/clash-royale-api/go/internal/exporter/csv/battle.go:222.63,224.4 1 0
github.com/klauer/clash-royale-api/go/internal/exporter/csv/battle.go:225.3,225.84 1 0
github.com/klauer/clash-royale-api/go/internal/exporter/csv/battle.go:225.84,227.4 1 0
github.com/klauer/clash-royale-api/go/internal/exporter/csv/battle.go:230.3,230.32 1 0
github.com/klauer/clash-royale-api/go/internal/exporter/csv/battle.go:230.32,232.4 1 0
github.com/klauer/clash-royale-api/go/internal/exporter/csv/battle.go:232.9,232.34 1 0
github.com/klauer/clash-royale-api/go/internal/exporter/csv/battle.go:232.34,234.4 1 0
github.com/klauer/clash-royale-api/go/internal/exporter/csv/battle.go:234.9,234.41 1 0
github.com/klauer/clash-royale-api/go/internal/exporter/csv/battle.go:234.41,236.4 1 0
github.com/klauer/clash-royale-api/go/internal/exporter/csv/battle.go:240.2,241.22 2 0
github.com/klauer/clash-royale-api/go/internal/exporter/csv/battle.go:241.22,243.3 1 0
github.com/klauer/clash-royale-api/go/internal/exporter/csv/battle.go:245.2,246.22 2 0
github.com/klauer/clash-royale-api/go/internal/exporter/csv/battle.go:246.22,248.3 1 0
github.com/klauer/clash-royale-api/go/internal/exporter/csv/battle.go:250.2,251.22 2 0
github.com/klauer/clash-royale-api/go/internal/exporter/csv/battle.go:251.22,253.3 1 0
github.com/klauer/clash-royale-api/go/internal/exporter/csv/battle.go:256.2,285.66 5 0
github.com/klauer/clash-royale-api/go/internal/exporter/csv/cards.go:11.38,17.2 1 4
github.com/klauer/clash-royale-api/go/internal/exporter/csv/cards.go:20.30,31.2 1 3
github.com/klauer/clash-royale-api/go/internal/exporter/csv/cards.go:34.58,36.9 2 3
github.com/klauer/clash-royale-api/go/internal/exporter/csv/cards.go:36.9,38.3 1 1
github.com/klauer/clash-royale-api/go/internal/exporter/csv/cards.go:41.2,42.29 2 2
github.com/klauer/clash-royale-api/go/internal/exporter/csv/cards.go:42.29,54.3 2 2
github.com/klauer/clash-royale-api/go/internal/exporter/csv/cards.go:57.2,59.58 3 2
github.com/klauer/clash-royale-api/go/internal/exporter/csv/events.go:11.42,17.2 1 0
github.com/klauer/clash-royale-api/go/internal/exporter/csv/events.go:20.34,42.2 1 0
github.com/klauer/clash-royale-api/go/internal/exporter/csv/events.go:45.62,47.9 2 0
github.com/klauer/clash-royale-api/go/internal/exporter/csv/events.go:47.9,49.3 1 0
github.com/klauer/clash-royale-api/go/internal/exporter/csv/events.go:52.2,54.40 2 0
github.com/klauer/clash-royale-api/go/internal/exporter/csv/events.go:54.40,57.40 2 0
github.com/klauer/clash-royale-api/go/internal/exporter/csv/events.go:57.40,59.4 1 0
github.com/klauer/clash-royale-api/go/internal/exporter/csv/events.go:62.3,63.26 2 0
github.com/klauer/clash-royale-api/go/internal/exporter/csv/events.go:63.26,65.4 1 0
github.com/klauer/clash-royale-api/go/internal/exporter/csv/events.go:68.3,69.38 2 0
github.com/klauer/clash-royale-api/go/internal/exporter/csv/events.go:69.38,71.4 1 0
github.com/klauer/clash-royale-api/go/internal/exporter/csv/events.go:73.3,94.27 2 0
github.com/klauer/clash-royale-api/go/internal/exporter/csv/events.go:98.2,100.62 3 0
github.com/klauer/clash-royale-api/go/internal/exporter/csv/events.go:104.45,110.2 1 0
github.com/klauer/clash-royale-api/go/internal/exporter/csv/events.go:113.37,126.2 1 0
github.com/klauer/clash-royale-api/go/internal/exporter/csv/events.go:129.65,131.9 2 0
github.com/klauer/clash-royale-api/go/internal/exporter/csv/events.go:131.9,133.3 1 0
github.com/klauer/clash-royale-api/go/internal/exporter/csv/events.go:136.2,138.40 2 0
github.com/klauer/clash-royale-api/go/internal/exporter/csv/events.go:138.40,139.39 1 0
github.com/klauer/clash-royale-api/go/internal/exporter/csv/events.go:139.39,142.34 2 0
github.com/klauer/clash-royale-api/go/internal/exporter/csv/events.go:142.34,144.5 1 0
github.com/klauer/clash-royale-api/go/internal/exporter/csv/events.go:146.4,158.28 2 0
github.com/klauer/clash-royale-api/go/internal/exporter/csv/events.go:163.2,165.65 3 0
github.com/klauer/clash-royale-api/go/internal/exporter/csv/exporter.go:16.91,18.66 1 14
github.com/klauer/clash-royale-api/go/internal/exporter/csv/exporter.go:18.66,20.3 1 2
github.com/klauer/clash-royale-api/go/internal/exporter/csv/exporter.go:23.2,24.16 2 12
github.com/klauer/clash-royale-api/go/internal/exporter/csv/exporter.go:24.16,26.3 1 0
github.com/klauer/clash-royale-api/go/internal/exporter/csv/exporter.go:27.2,34.46 4 12
github.com/klauer/clash-royale-api/go/internal/exporter/csv/exporter.go:34.46,36.3 1 0
github.com/klauer/clash-royale-api/go/internal/exporter/csv/exporter.go:39.2,39.27 1 12
github.com/klauer/clash-royale-api/go/internal/exporter/csv/exporter.go:39.27,40.43 1 10012
github.com/klauer/clash-royale-api/go/internal/exporter/csv/exporter.go:40.43,42.4 1 0
github.com/klauer/clash-royale-api/go/internal/exporter/csv/exporter.go:45.2,45.12 1 12
github.com/klauer/clash-royale-api/go/internal/exporter/csv/exporter.go:57.70,59.2 1 9
github.com/klauer/clash-royale-api/go/internal/exporter/csv/exporter.go:62.120,68.29 1 13
github.com/klauer/clash-royale-api/go/internal/exporter/csv/exporter.go:68.29,68.48 1 4
github.com/klauer/clash-royale-api/go/internal/exporter/csv/player.go:11.39,17.2 1 4
github.com/klauer/clash-royale-api/go/internal/exporter/csv/player.go:20.31,64.2 1 3
github.com/klauer/clash-royale-api/go/internal/exporter/csv/player.go:67.59,69.9 2 3
github.com/klauer/clash-royale-api/go/internal/exporter/csv/player.go:69.9,71.3 1 1
github.com/klauer/clash-royale-api/go/internal/exporter/csv/player.go:74.2,75.28 2 2
github.com/klauer/clash-royale-api/go/internal/exporter/csv/player.go:75.28,77.3 1 2
github.com/klauer/clash-royale-api/go/internal/exporter/csv/player.go:79.2,80.28 2 2
github.com/klauer/clash-royale-api/go/internal/exporter/csv/player.go:80.28,82.3 1 2
github.com/klauer/clash-royale-api/go/internal/exporter/csv/player.go:85.2,86.27 2 2
github.com/klauer/clash-royale-api/go/internal/exporter/csv/player.go:86.27,88.37 2 0
github.com/klauer/clash-royale-api/go/internal/exporter/csv/player.go:88.37,90.4 1 0
github.com/klauer/clash-royale-api/go/internal/exporter/csv/player.go:91.3,91.49 1 0
github.com/klauer/clash-royale-api/go/internal/exporter/csv/player.go:95.2,96.33 2 2
github.com/klauer/clash-royale-api/go/internal/exporter/csv/player.go:96.33,98.43 2 0
github.com/klauer/clash-royale-api/go/internal/exporter/csv/player.go:98.43,100.4 1 0
github.com/klauer/clash-royale-api/go/internal/exporter/csv/player.go:101.3,101.45 1 0
github.com/klauer/clash-royale-api/go/internal/exporter/csv/player.go:105.2,129.18 1 2
github.com/klauer/clash-royale-api/go/internal/exporter/csv/player.go:129.18,130.27 1 2
github.com/klauer/clash-royale-api/go/internal/exporter/csv/player.go:130.27,132.6 1 1
github.com/klauer/clash-royale-api/go/internal/exporter/csv/player.go:133.5,133.14 1 1
github.com/klauer/clash-royale-api/go/internal/exporter/csv/player.go:135.18,136.27 1 2
github.com/klauer/clash-royale-api/go/internal/exporter/csv/player.go:136.27,138.6 1 1
github.com/klauer/clash-royale-api/go/internal/exporter/csv/player.go:139.5,139.14 1 1
github.com/klauer/clash-royale-api/go/internal/exporter/csv/player.go:141.18,142.27 1 2
github.com/klauer/clash-royale-api/go/internal/exporter/csv/player.go:142.27,144.6 1 1
github.com/klauer/clash-royale-api/go/internal/exporter/csv/player.go:145.5,145.14 1 1
github.com/klauer/clash-royale-api/go/internal/exporter/csv/player.go:147.18,148.27 1 2
github.com/klauer/clash-royale-api/go/internal/exporter/csv/player.go:148.27,150.6 1 1
github.com/klauer/clash-royale-api/go/internal/exporter/csv/player.go:151.5,151.14 1 1
github.com/klauer/clash-royale-api/go/internal/exporter/csv/player.go:153.18,154.27 1 2
github.com/klauer/clash-royale-api/go/internal/exporter/csv/player.go:154.27,156.6 1 1
github.com/klauer/clash-royale-api/go/internal/exporter/csv/player.go:157.5,157.14 1 1
github.com/klauer/clash-royale-api/go/internal/exporter/csv/player.go:159.18,160.27 1 2
github.com/klauer/clash-royale-api/go/internal/exporter/csv/player.go:160.27,162.6 1 1
github.com/klauer/clash-royale-api/go/internal/exporter/csv/player.go:163.5,163.14 1 1
github.com/klauer/clash-royale-api/go/internal/exporter/csv/player.go:165.18,166.27 1 2
github.com/klauer/clash-royale-api/go/internal/exporter/csv/player.go:166.27,168.6 1 1
github.com/klauer/clash-royale-api/go/internal/exporter/csv/player.go:169.5,169.14 1 1
github.com/klauer/clash-royale-api/go/internal/exporter/csv/player.go:171.18,172.27 1 2
github.com/klauer/clash-royale-api/go/internal/exporter/csv/player.go:172.27,174.6 1 1
github.com/klauer/clash-royale-api/go/internal/exporter/csv/player.go:175.5,175.14 1 1
github.com/klauer/clash-royale-api/go/internal/exporter/csv/player.go:192.2,194.59 3 2
github.com/klauer/clash-royale-api/go/internal/exporter/csv/player.go:198.44,204.2 1 2
github.com/klauer/clash-royale-api/go/internal/exporter/csv/player.go:207.36,221.2 1 2
github.com/klauer/clash-royale-api/go/internal/exporter/csv/player.go:224.64,226.9 2 1
github.com/klauer/clash-royale-api/go/internal/exporter/csv/player.go:226.9,228.3 1 0
github.com/klauer/clash-royale-api/go/internal/exporter/csv/player.go:231.2,233.36 2 1
github.com/klauer/clash-royale-api/go/internal/exporter/csv/player.go:233.36,248.3 2 2
github.com/klauer/clash-royale-api/go/internal/exporter/csv/player.go:251.2,253.64 3 1
github.com/klauer/clash-royale-api/go/internal/exporter/exporter.go:27.28,31.2 1 0
github.com/klauer/clash-royale-api/go/internal/exporter/exporter.go:34.62,38.44 3 0
github.com/klauer/clash-royale-api/go/internal/exporter/exporter.go:38.44,39.76 1 0
github.com/klauer/clash-royale-api/go/internal/exporter/exporter.go:42.2,42.30 1 0
github.com/klauer/clash-royale-api/go/internal/exporter/exporter.go:46.56,51.13 4 0
github.com/klauer/clash-royale-api/go/internal/exporter/exporter.go:51.13,53.3 1 0
github.com/klauer/clash-royale-api/go/internal/exporter/exporter.go:55.2,55.22 1 0
github.com/klauer/clash-royale-api/go/internal/exporter/exporter.go:59.81,61.16 2 0
github.com/klauer/clash-royale-api/go/internal/exporter/exporter.go:61.16,63.3 1 0
github.com/klauer/clash-royale-api/go/internal/exporter/exporter.go:65.2,65.39 1 0
github.com/klauer/clash-royale-api/go/internal/exporter/exporter.go:69.42,74.32 4 0
github.com/klauer/clash-royale-api/go/internal/exporter/exporter.go:74.32,76.3 1 0
github.com/klauer/clash-royale-api/go/internal/exporter/exporter.go:78.2,78.16 1 0
github.com/klauer/clash-royale-api/go/cmd/deckbuilder/main.go:11.13,18.16 6 0
github.com/klauer/clash-royale-api/go/cmd/deckbuilder/main.go:18.16,20.3 1 0
github.com/klauer/clash-royale-api/go/cmd/deckbuilder/main.go:22.2,29.25 3 0
github.com/klauer/clash-royale-api/go/cmd/deckbuilder/main.go:29.25,31.17 2 0
github.com/klauer/clash-royale-api/go/cmd/deckbuilder/main.go:31.17,33.4 1 0
github.com/klauer/clash-royale-api/go/cmd/deckbuilder/main.go:34.8,36.17 2 0
github.com/klauer/clash-royale-api/go/cmd/deckbuilder/main.go:36.17,38.4 1 0
github.com/klauer/clash-royale-api/go/cmd/deckbuilder/main.go:41.2,42.16 2 0
github.com/klauer/clash-royale-api/go/cmd/deckbuilder/main.go:42.16,44.3 1 0
github.com/klauer/clash-royale-api/go/cmd/deckbuilder/main.go:46.2,46.66 1 0
github.com/klauer/clash-royale-api/go/cmd/deckbuilder/main.go:46.66,48.3 1 0
github.com/klauer/clash-royale-api/go/cmd/deckbuilder/main.go:48.8,50.3 1 0
github.com/klauer/clash-royale-api/go/cmd/deckbuilder/main.go:52.2,54.42 3 0
github.com/klauer/clash-royale-api/go/cmd/deckbuilder/main.go:54.42,57.3 1 0
github.com/klauer/clash-royale-api/go/cmd/deckbuilder/main.go:59.2,60.28 2 0
github.com/klauer/clash-royale-api/go/cmd/deckbuilder/main.go:60.28,62.38 2 0
github.com/klauer/clash-royale-api/go/cmd/deckbuilder/main.go:62.38,64.4 1 0
